{
    "author": "danbev",
    "message": "test: increase --stack_size test-async-wrap-pop\n\nCurrently, when building with --debug\ntest-async-wrap-pop-id-during-load fails on macosx with the following\nerror:\n\n$ out/Debug/node test/parallel/test-async-wrap-pop-id-during-load.js\nassert.js:86\n  throw new AssertionError(obj);\n  ^\n\nAssertionError [ERR_ASSERTION]: EXIT CODE: 1, STDERR:\ninternal/bootstrap/loaders.js:275\n      const script = new ContextifyScript(\n                     ^\n\nRangeError: Maximum call stack size exceeded\n    at NativeModule.compile (internal/bootstrap/loaders.js:275:22)\n    at NativeModule.require (internal/bootstrap/loaders.js:168:18)\n    at assert.js:31:43\n    at NativeModule.compile (internal/bootstrap/loaders.js:299:7)\n    at NativeModule.require (internal/bootstrap/loaders.js:168:18)\n    at internal/process/main_thread_only.js:23:16\n    at NativeModule.compile (internal/bootstrap/loaders.js:299:7)\n    at Function.NativeModule.require\n      (internal/bootstrap/loaders.js:168:18)\n    at startup (internal/bootstrap/node.js:58:38)\n    at bootstrapNodeJSCore (internal/bootstrap/node.js:878:3)\n\n    at Object.<anonymous>\n       (/node/test/parallel/test-async-wrap-pop-id-during-load.js:21:8)\n    at Module._compile (internal/modules/cjs/loader.js:707:30)\n    at Object.Module._extensions..js\n      (internal/modules/cjs/loader.js:718:10)\n    at Module.load (internal/modules/cjs/loader.js:605:32)\n    at tryModuleLoad (internal/modules/cjs/loader.js:544:12)\n    at Function.Module._load (internal/modules/cjs/loader.js:536:3)\n    at Function.Module.runMain (internal/modules/cjs/loader.js:760:12)\n    at startup (internal/bootstrap/node.js:308:19)\n    at bootstrapNodeJSCore (internal/bootstrap/node.js:878:3)\n\nThis commit suggests increasing the stack_size to 80.\n\nRefs: https://github.com/nodejs/node/pull/20940\nPR-URL: https://github.com/nodejs/node/pull/23996\nReviewed-By: James M Snell <jasnell@gmail.com>\nReviewed-By: Rich Trott <rtrott@gmail.com>",
    "sha": "eada8c7ca20092858790b522299e80d8f4fdd497",
    "files": [
        {
            "sha": "cff7e85fdffef4cf9a51b4aadd430dace76f0266",
            "filename": "test/parallel/test-async-wrap-pop-id-during-load.js",
            "status": "modified",
            "additions": 1,
            "deletions": 1,
            "changes": 2,
            "blob_url": "https://github.com/nodejs/node/blob/eada8c7ca20092858790b522299e80d8f4fdd497/test%2Fparallel%2Ftest-async-wrap-pop-id-during-load.js",
            "raw_url": "https://github.com/nodejs/node/raw/eada8c7ca20092858790b522299e80d8f4fdd497/test%2Fparallel%2Ftest-async-wrap-pop-id-during-load.js",
            "contents_url": "https://api.github.com/repos/nodejs/node/contents/test%2Fparallel%2Ftest-async-wrap-pop-id-during-load.js?ref=eada8c7ca20092858790b522299e80d8f4fdd497",
            "patch": "@@ -16,7 +16,7 @@ const { spawnSync } = require('child_process');\n \n const ret = spawnSync(\n   process.execPath,\n-  ['--stack_size=75', __filename, 'async']\n+  ['--stack_size=150', __filename, 'async']\n );\n assert.strictEqual(ret.status, 0,\n                    `EXIT CODE: ${ret.status}, STDERR:\\n${ret.stderr}`);"
        }
    ],
    "stats": {
        "total": 2,
        "additions": 1,
        "deletions": 1
    }
}