{
    "author": "eps1lon",
    "message": "[dev-overlay] Move `error.name` to label (#78198)",
    "sha": "8ea7d4bb3502e27744d3af586f5f550c43d847ee",
    "files": [
        {
            "sha": "639d68c4394aee1da0d9de3da952e303e65c6515",
            "filename": "packages/next/src/client/components/errors/console-error.ts",
            "status": "modified",
            "additions": 0,
            "deletions": 7,
            "changes": 7,
            "blob_url": "https://github.com/vercel/next.js/blob/8ea7d4bb3502e27744d3af586f5f550c43d847ee/packages%2Fnext%2Fsrc%2Fclient%2Fcomponents%2Ferrors%2Fconsole-error.ts",
            "raw_url": "https://github.com/vercel/next.js/raw/8ea7d4bb3502e27744d3af586f5f550c43d847ee/packages%2Fnext%2Fsrc%2Fclient%2Fcomponents%2Ferrors%2Fconsole-error.ts",
            "contents_url": "https://api.github.com/repos/vercel/next.js/contents/packages%2Fnext%2Fsrc%2Fclient%2Fcomponents%2Ferrors%2Fconsole-error.ts?ref=8ea7d4bb3502e27744d3af586f5f550c43d847ee",
            "patch": "@@ -1,12 +1,10 @@\n // To distinguish from React error.digest, we use a different symbol here to determine if the error is from console.error or unhandled promise rejection.\n const digestSym = Symbol.for('next.console.error.digest')\n-const consoleTypeSym = Symbol.for('next.console.error.type')\n \n // Represent non Error shape unhandled promise rejections or console.error errors.\n // Those errors will be captured and displayed in Error Overlay.\n export type ConsoleError = Error & {\n   [digestSym]: 'NEXT_CONSOLE_ERROR'\n-  [consoleTypeSym]: 'string' | 'error'\n   environmentName: string\n }\n \n@@ -18,7 +16,6 @@ export function createConsoleError(\n     typeof message === 'string' ? new Error(message) : message\n   ) as ConsoleError\n   error[digestSym] = 'NEXT_CONSOLE_ERROR'\n-  error[consoleTypeSym] = typeof message === 'string' ? 'string' : 'error'\n \n   if (environmentName && !error.environmentName) {\n     error.environmentName = environmentName\n@@ -30,7 +27,3 @@ export function createConsoleError(\n export const isConsoleError = (error: any): error is ConsoleError => {\n   return error && error[digestSym] === 'NEXT_CONSOLE_ERROR'\n }\n-\n-export const getConsoleErrorType = (error: ConsoleError) => {\n-  return error[consoleTypeSym]\n-}"
        },
        {
            "sha": "fb1d04022e7935a3581266cdae599fb4101a36d2",
            "filename": "packages/next/src/client/components/react-dev-overlay/ui/components/errors/error-type-label/error-type-label.tsx",
            "status": "modified",
            "additions": 3,
            "deletions": 3,
            "changes": 6,
            "blob_url": "https://github.com/vercel/next.js/blob/8ea7d4bb3502e27744d3af586f5f550c43d847ee/packages%2Fnext%2Fsrc%2Fclient%2Fcomponents%2Freact-dev-overlay%2Fui%2Fcomponents%2Ferrors%2Ferror-type-label%2Ferror-type-label.tsx",
            "raw_url": "https://github.com/vercel/next.js/raw/8ea7d4bb3502e27744d3af586f5f550c43d847ee/packages%2Fnext%2Fsrc%2Fclient%2Fcomponents%2Freact-dev-overlay%2Fui%2Fcomponents%2Ferrors%2Ferror-type-label%2Ferror-type-label.tsx",
            "contents_url": "https://api.github.com/repos/vercel/next.js/contents/packages%2Fnext%2Fsrc%2Fclient%2Fcomponents%2Freact-dev-overlay%2Fui%2Fcomponents%2Ferrors%2Ferror-type-label%2Ferror-type-label.tsx?ref=8ea7d4bb3502e27744d3af586f5f550c43d847ee",
            "patch": "@@ -1,8 +1,8 @@\n export type ErrorType =\n   | 'Build Error'\n-  | 'Runtime Error'\n-  | 'Console Error'\n-  | 'Recoverable Error'\n+  | `Runtime ${string}`\n+  | `Console ${string}`\n+  | `Recoverable ${string}`\n \n type ErrorTypeLabelProps = {\n   errorType: ErrorType"
        },
        {
            "sha": "82d93ffca8deb7f88c44672d634bd904d5a966b5",
            "filename": "packages/next/src/client/components/react-dev-overlay/ui/container/build-error.tsx",
            "status": "modified",
            "additions": 5,
            "deletions": 1,
            "changes": 6,
            "blob_url": "https://github.com/vercel/next.js/blob/8ea7d4bb3502e27744d3af586f5f550c43d847ee/packages%2Fnext%2Fsrc%2Fclient%2Fcomponents%2Freact-dev-overlay%2Fui%2Fcontainer%2Fbuild-error.tsx",
            "raw_url": "https://github.com/vercel/next.js/raw/8ea7d4bb3502e27744d3af586f5f550c43d847ee/packages%2Fnext%2Fsrc%2Fclient%2Fcomponents%2Freact-dev-overlay%2Fui%2Fcontainer%2Fbuild-error.tsx",
            "contents_url": "https://api.github.com/repos/vercel/next.js/contents/packages%2Fnext%2Fsrc%2Fclient%2Fcomponents%2Freact-dev-overlay%2Fui%2Fcontainer%2Fbuild-error.tsx?ref=8ea7d4bb3502e27744d3af586f5f550c43d847ee",
            "patch": "@@ -19,7 +19,11 @@ const getErrorTextFromBuildErrorMessage = (multiLineMessage: string) => {\n   // SyntaxError: ...\n   // > 1 | con st foo =\n   // ...\n-  return stripAnsi(lines[1] || '')\n+  return (\n+    stripAnsi(lines[1] || '')\n+      // label will already say that it's an error\n+      .replace(/^Error: /, '')\n+  )\n }\n \n export const BuildError: React.FC<BuildErrorProps> = function BuildError({"
        },
        {
            "sha": "01a4877bf19d168457ed9cbb4da65d602eb64eda",
            "filename": "packages/next/src/client/components/react-dev-overlay/ui/container/errors.tsx",
            "status": "modified",
            "additions": 4,
            "deletions": 16,
            "changes": 20,
            "blob_url": "https://github.com/vercel/next.js/blob/8ea7d4bb3502e27744d3af586f5f550c43d847ee/packages%2Fnext%2Fsrc%2Fclient%2Fcomponents%2Freact-dev-overlay%2Fui%2Fcontainer%2Ferrors.tsx",
            "raw_url": "https://github.com/vercel/next.js/raw/8ea7d4bb3502e27744d3af586f5f550c43d847ee/packages%2Fnext%2Fsrc%2Fclient%2Fcomponents%2Freact-dev-overlay%2Fui%2Fcontainer%2Ferrors.tsx",
            "contents_url": "https://api.github.com/repos/vercel/next.js/contents/packages%2Fnext%2Fsrc%2Fclient%2Fcomponents%2Freact-dev-overlay%2Fui%2Fcontainer%2Ferrors.tsx?ref=8ea7d4bb3502e27744d3af586f5f550c43d847ee",
            "patch": "@@ -5,10 +5,7 @@ import { RuntimeError } from './runtime-error'\n import { getErrorSource } from '../../../../../shared/lib/error-source'\n import { HotlinkedText } from '../components/hot-linked-text'\n import { PseudoHtmlDiff } from './runtime-error/component-stack-pseudo-html'\n-import {\n-  isConsoleError,\n-  getConsoleErrorType,\n-} from '../../../errors/console-error'\n+import { isConsoleError } from '../../../errors/console-error'\n import { extractNextErrorCode } from '../../../../../lib/error-telemetry-utils'\n import {\n   ErrorOverlayLayout,\n@@ -41,14 +38,6 @@ function HydrationErrorDescription({ message }: { message: string }) {\n }\n \n function GenericErrorDescription({ error }: { error: Error }) {\n-  const unhandledErrorType = isConsoleError(error)\n-    ? getConsoleErrorType(error)\n-    : null\n-  const isConsoleErrorStringMessage = unhandledErrorType === 'string'\n-  // Displaying Error: would be redundant for console.error(message)\n-  // since we already have the label\n-  const title = isConsoleErrorStringMessage ? '' : error.name + ': '\n-\n   const environmentName =\n     'environmentName' in error ? error.environmentName : ''\n   const envPrefix = environmentName ? `[ ${environmentName} ] ` : ''\n@@ -62,20 +51,19 @@ function GenericErrorDescription({ error }: { error: Error }) {\n \n   return (\n     <>\n-      {title}\n       <HotlinkedText text={message} matcher={isNextjsLink} />\n     </>\n   )\n }\n \n function getErrorType(error: Error): ErrorOverlayLayoutProps['errorType'] {\n   if (isRecoverableError(error)) {\n-    return 'Recoverable Error'\n+    return `Recoverable ${error.name}`\n   }\n   if (isConsoleError(error)) {\n-    return 'Console Error'\n+    return `Console ${error.name}`\n   }\n-  return 'Runtime Error'\n+  return `Runtime ${error.name}`\n }\n \n const noErrorDetails = {"
        },
        {
            "sha": "234983fe3c87891a9ff38ec94a8530af493eef93",
            "filename": "test/development/acceptance-app/ReactRefreshLogBox.test.ts",
            "status": "modified",
            "additions": 33,
            "deletions": 33,
            "changes": 66,
            "blob_url": "https://github.com/vercel/next.js/blob/8ea7d4bb3502e27744d3af586f5f550c43d847ee/test%2Fdevelopment%2Facceptance-app%2FReactRefreshLogBox.test.ts",
            "raw_url": "https://github.com/vercel/next.js/raw/8ea7d4bb3502e27744d3af586f5f550c43d847ee/test%2Fdevelopment%2Facceptance-app%2FReactRefreshLogBox.test.ts",
            "contents_url": "https://api.github.com/repos/vercel/next.js/contents/test%2Fdevelopment%2Facceptance-app%2FReactRefreshLogBox.test.ts?ref=8ea7d4bb3502e27744d3af586f5f550c43d847ee",
            "patch": "@@ -90,7 +90,7 @@ describe('ReactRefreshLogBox app', () => {\n     if (isTurbopack) {\n       await expect(browser).toDisplayRedbox(`\n        {\n-         \"description\": \"Error: no\",\n+         \"description\": \"no\",\n          \"environmentLabel\": null,\n          \"label\": \"Runtime Error\",\n          \"source\": \"index.js (3:7) @ [project]/index.js [app-client] (ecmascript)\n@@ -106,7 +106,7 @@ describe('ReactRefreshLogBox app', () => {\n       await expect(browser).toDisplayRedbox(`\n        [\n          {\n-           \"description\": \"Error: no\",\n+           \"description\": \"no\",\n            \"environmentLabel\": null,\n            \"label\": \"Runtime Error\",\n            \"source\": \"index.js (3:7) @ eval\n@@ -126,7 +126,7 @@ describe('ReactRefreshLogBox app', () => {\n            ],\n          },\n          {\n-           \"description\": \"Error: no\",\n+           \"description\": \"no\",\n            \"environmentLabel\": null,\n            \"label\": \"Runtime Error\",\n            \"source\": \"index.js (3:7) @ eval\n@@ -285,7 +285,7 @@ describe('ReactRefreshLogBox app', () => {\n     } else {\n       await expect(browser).toDisplayRedbox(`\n        {\n-         \"description\": \"Error:   x Unexpected token. Did you mean \\`{'}'}\\` or \\`&rbrace;\\`?\",\n+         \"description\": \"  x Unexpected token. Did you mean \\`{'}'}\\` or \\`&rbrace;\\`?\",\n          \"environmentLabel\": null,\n          \"label\": \"Build Error\",\n          \"source\": \"./index.js\n@@ -368,7 +368,7 @@ describe('ReactRefreshLogBox app', () => {\n     } else {\n       await expect(browser).toDisplayRedbox(`\n        {\n-         \"description\": \"Error: \",\n+         \"description\": \"\",\n          \"environmentLabel\": null,\n          \"label\": \"Runtime Error\",\n          \"source\": \"Child.js (4:11) @ ClickCount.render\n@@ -512,7 +512,7 @@ describe('ReactRefreshLogBox app', () => {\n     if (isTurbopack) {\n       await expect(browser).toDisplayCollapsedRedbox(`\n        {\n-         \"description\": \"Error: end https://nextjs.org\",\n+         \"description\": \"end https://nextjs.org\",\n          \"environmentLabel\": null,\n          \"label\": \"Runtime Error\",\n          \"source\": \"index.js (5:11) @ Index.useCallback[boom]\n@@ -531,7 +531,7 @@ describe('ReactRefreshLogBox app', () => {\n     } else {\n       await expect(browser).toDisplayCollapsedRedbox(`\n        {\n-         \"description\": \"Error: end https://nextjs.org\",\n+         \"description\": \"end https://nextjs.org\",\n          \"environmentLabel\": null,\n          \"label\": \"Runtime Error\",\n          \"source\": \"index.js (5:11) @ Index.useCallback[boom]\n@@ -595,7 +595,7 @@ describe('ReactRefreshLogBox app', () => {\n     if (isTurbopack) {\n       await expect(browser).toDisplayRedbox(`\n        {\n-         \"description\": \"Error: https://nextjs.org start\",\n+         \"description\": \"https://nextjs.org start\",\n          \"environmentLabel\": null,\n          \"label\": \"Runtime Error\",\n          \"source\": \"index.js (5:11) @ Index.useCallback[boom]\n@@ -614,7 +614,7 @@ describe('ReactRefreshLogBox app', () => {\n     } else {\n       await expect(browser).toDisplayRedbox(`\n        {\n-         \"description\": \"Error: https://nextjs.org start\",\n+         \"description\": \"https://nextjs.org start\",\n          \"environmentLabel\": null,\n          \"label\": \"Runtime Error\",\n          \"source\": \"index.js (5:11) @ Index.useCallback[boom]\n@@ -677,7 +677,7 @@ describe('ReactRefreshLogBox app', () => {\n     if (isTurbopack) {\n       await expect(browser).toDisplayRedbox(`\n        {\n-         \"description\": \"Error: middle https://nextjs.org end\",\n+         \"description\": \"middle https://nextjs.org end\",\n          \"environmentLabel\": null,\n          \"label\": \"Runtime Error\",\n          \"source\": \"index.js (5:11) @ Index.useCallback[boom]\n@@ -696,7 +696,7 @@ describe('ReactRefreshLogBox app', () => {\n     } else {\n       await expect(browser).toDisplayRedbox(`\n        {\n-         \"description\": \"Error: middle https://nextjs.org end\",\n+         \"description\": \"middle https://nextjs.org end\",\n          \"environmentLabel\": null,\n          \"label\": \"Runtime Error\",\n          \"source\": \"index.js (5:11) @ Index.useCallback[boom]\n@@ -759,7 +759,7 @@ describe('ReactRefreshLogBox app', () => {\n     if (isTurbopack) {\n       await expect(browser).toDisplayRedbox(`\n        {\n-         \"description\": \"Error: multiple https://nextjs.org links http://example.com\",\n+         \"description\": \"multiple https://nextjs.org links http://example.com\",\n          \"environmentLabel\": null,\n          \"label\": \"Runtime Error\",\n          \"source\": \"index.js (5:11) @ Index.useCallback[boom]\n@@ -778,7 +778,7 @@ describe('ReactRefreshLogBox app', () => {\n     } else {\n       await expect(browser).toDisplayRedbox(`\n        {\n-         \"description\": \"Error: multiple https://nextjs.org links http://example.com\",\n+         \"description\": \"multiple https://nextjs.org links http://example.com\",\n          \"environmentLabel\": null,\n          \"label\": \"Runtime Error\",\n          \"source\": \"index.js (5:11) @ Index.useCallback[boom]\n@@ -953,7 +953,7 @@ describe('ReactRefreshLogBox app', () => {\n       // <FIXME-file-protocol>: https://linear.app/vercel/issue/NDX-920/\n       await expect(browser).toDisplayRedbox(`\n        {\n-         \"description\": \"Error: test\",\n+         \"description\": \"test\",\n          \"environmentLabel\": null,\n          \"label\": \"Runtime Error\",\n          \"source\": \"index.js (3:11) @\n@@ -972,7 +972,7 @@ describe('ReactRefreshLogBox app', () => {\n     } else {\n       await expect(browser).toDisplayRedbox(`\n        {\n-         \"description\": \"Error: test\",\n+         \"description\": \"test\",\n          \"environmentLabel\": null,\n          \"label\": \"Runtime Error\",\n          \"source\": \"index.js (3:11) @ default\n@@ -1059,7 +1059,7 @@ describe('ReactRefreshLogBox app', () => {\n       // <FIXME-file-protocol>: https://linear.app/vercel/issue/NDX-920/\n       await expect(browser).toDisplayRedbox(`\n        {\n-         \"description\": \"Error: Component error\",\n+         \"description\": \"Component error\",\n          \"environmentLabel\": null,\n          \"label\": \"Runtime Error\",\n          \"source\": \"index.js (2:44) @ Index\n@@ -1077,7 +1077,7 @@ describe('ReactRefreshLogBox app', () => {\n     } else {\n       await expect(browser).toDisplayRedbox(`\n        {\n-         \"description\": \"Error: Component error\",\n+         \"description\": \"Component error\",\n          \"environmentLabel\": null,\n          \"label\": \"Runtime Error\",\n          \"source\": \"index.js (2:44) @ Index\n@@ -1114,7 +1114,7 @@ describe('ReactRefreshLogBox app', () => {\n \n     await expect(browser).toDisplayRedbox(`\n      {\n-       \"description\": \"Error: Client error\",\n+       \"description\": \"Client error\",\n        \"environmentLabel\": null,\n        \"label\": \"Runtime Error\",\n        \"source\": \"app/page.js (4:11) @ Page\n@@ -1145,7 +1145,7 @@ describe('ReactRefreshLogBox app', () => {\n \n     await expect(browser).toDisplayRedbox(`\n      {\n-       \"description\": \"Error: Server error\",\n+       \"description\": \"Server error\",\n        \"environmentLabel\": \"Server\",\n        \"label\": \"Runtime Error\",\n        \"source\": \"app/page.js (2:9) @ Page\n@@ -1184,7 +1184,7 @@ describe('ReactRefreshLogBox app', () => {\n       // TODO(veil): investigate the column number is off by 1 between turbo and webpack\n       await expect(browser).toDisplayRedbox(`\n        {\n-         \"description\": \"Error: This is an error from an anonymous function\",\n+         \"description\": \"This is an error from an anonymous function\",\n          \"environmentLabel\": \"Server\",\n          \"label\": \"Runtime Error\",\n          \"source\": \"app/page.js (4:13) @ <anonymous>\n@@ -1199,7 +1199,7 @@ describe('ReactRefreshLogBox app', () => {\n     } else {\n       await expect(browser).toDisplayRedbox(`\n        {\n-         \"description\": \"Error: This is an error from an anonymous function\",\n+         \"description\": \"This is an error from an anonymous function\",\n          \"environmentLabel\": \"Server\",\n          \"label\": \"Runtime Error\",\n          \"source\": \"app/page.js (4:13) @ eval\n@@ -1233,9 +1233,9 @@ describe('ReactRefreshLogBox app', () => {\n     if (isTurbopack) {\n       await expect(browser).toDisplayRedbox(`\n        {\n-         \"description\": \"TypeError: Invalid URL\",\n+         \"description\": \"Invalid URL\",\n          \"environmentLabel\": \"Server\",\n-         \"label\": \"Runtime Error\",\n+         \"label\": \"Runtime TypeError\",\n          \"source\": \"app/page.js (2:3) @ Page\n        > 2 |   new URL(\"/\", \"invalid\");\n            |   ^\",\n@@ -1247,9 +1247,9 @@ describe('ReactRefreshLogBox app', () => {\n     } else {\n       await expect(browser).toDisplayRedbox(`\n        {\n-         \"description\": \"TypeError: Invalid URL\",\n+         \"description\": \"Invalid URL\",\n          \"environmentLabel\": \"Server\",\n-         \"label\": \"Runtime Error\",\n+         \"label\": \"Runtime TypeError\",\n          \"source\": \"app/page.js (2:3) @ Page\n        > 2 |   new URL(\"/\", \"invalid\");\n            |   ^\",\n@@ -1281,7 +1281,7 @@ describe('ReactRefreshLogBox app', () => {\n \n     await expect(browser).toDisplayRedbox(`\n      {\n-       \"description\": \"Error: Server component error\",\n+       \"description\": \"Server component error\",\n        \"environmentLabel\": \"Server\",\n        \"label\": \"Runtime Error\",\n        \"source\": \"app/page.js (2:9) @ Page\n@@ -1320,7 +1320,7 @@ describe('ReactRefreshLogBox app', () => {\n \n     await expect(browser).toDisplayRedbox(`\n      {\n-       \"description\": \"Error: Server component error!\",\n+       \"description\": \"Server component error!\",\n        \"environmentLabel\": \"Server\",\n        \"label\": \"Runtime Error\",\n        \"source\": \"app/page.js (2:9) @ Page\n@@ -1457,7 +1457,7 @@ describe('ReactRefreshLogBox app', () => {\n       } else {\n         await expect({ browser, next }).toDisplayRedbox(`\n          {\n-           \"description\": \"Error: module error\",\n+           \"description\": \"module error\",\n            \"environmentLabel\": null,\n            \"label\": \"Runtime Error\",\n            \"source\": \"index.js (1:7) @ eval\n@@ -1517,7 +1517,7 @@ export default function Home() {\n \n     await expect(browser).toDisplayRedbox(`\n      {\n-       \"description\": \"Error: server action was here\",\n+       \"description\": \"server action was here\",\n        \"environmentLabel\": \"Server\",\n        \"label\": \"Runtime Error\",\n        \"source\": \"app/actions.ts (4:9) @ serverAction\n@@ -1565,7 +1565,7 @@ export default function Home() {\n \n     await expect(browser).toDisplayRedbox(`\n      {\n-       \"description\": \"Error: server action was here\",\n+       \"description\": \"server action was here\",\n        \"environmentLabel\": \"Server\",\n        \"label\": \"Runtime Error\",\n        \"source\": \"app/actions.ts (4:9) @ serverAction\n@@ -1609,7 +1609,7 @@ export default function Home() {\n       // FIXME: display the sourcemapped stack frames\n       await expect(browser).toDisplayRedbox(`\n        {\n-         \"description\": \"Error: utils error\",\n+         \"description\": \"utils error\",\n          \"environmentLabel\": null,\n          \"label\": \"Runtime Error\",\n          \"source\": \"app/utils.ts (1:7) @ [project]/app/utils.ts [app-client] (ecmascript)\n@@ -1626,7 +1626,7 @@ export default function Home() {\n       await expect(browser).toDisplayRedbox(`\n        [\n          {\n-           \"description\": \"Error: utils error\",\n+           \"description\": \"utils error\",\n            \"environmentLabel\": null,\n            \"label\": \"Runtime Error\",\n            \"source\": \"app/utils.ts (1:7) @ eval\n@@ -1646,7 +1646,7 @@ export default function Home() {\n            ],\n          },\n          {\n-           \"description\": \"Error: utils error\",\n+           \"description\": \"utils error\",\n            \"environmentLabel\": null,\n            \"label\": \"Runtime Error\",\n            \"source\": \"app/utils.ts (1:7) @ eval"
        },
        {
            "sha": "c0da0edae44e57feb226249fb4c7ce9c609197a2",
            "filename": "test/development/acceptance-app/ReactRefreshLogBoxMisc.test.ts",
            "status": "modified",
            "additions": 1,
            "deletions": 1,
            "changes": 2,
            "blob_url": "https://github.com/vercel/next.js/blob/8ea7d4bb3502e27744d3af586f5f550c43d847ee/test%2Fdevelopment%2Facceptance-app%2FReactRefreshLogBoxMisc.test.ts",
            "raw_url": "https://github.com/vercel/next.js/raw/8ea7d4bb3502e27744d3af586f5f550c43d847ee/test%2Fdevelopment%2Facceptance-app%2FReactRefreshLogBoxMisc.test.ts",
            "contents_url": "https://api.github.com/repos/vercel/next.js/contents/test%2Fdevelopment%2Facceptance-app%2FReactRefreshLogBoxMisc.test.ts?ref=8ea7d4bb3502e27744d3af586f5f550c43d847ee",
            "patch": "@@ -47,7 +47,7 @@ describe('ReactRefreshLogBox app', () => {\n     } else {\n       await expect(browser).toDisplayRedbox(`\n        {\n-         \"description\": \"Error:   x \"getStaticProps\" is not supported in app/. Read more: https://nextjs.org/docs/app/building-your-application/data-fetching\",\n+         \"description\": \"  x \"getStaticProps\" is not supported in app/. Read more: https://nextjs.org/docs/app/building-your-application/data-fetching\",\n          \"environmentLabel\": null,\n          \"label\": \"Build Error\",\n          \"source\": \"./app/page.js"
        },
        {
            "sha": "b7c5ab2e2bdcc26805b58944a5238bcb6f81abc9",
            "filename": "test/development/acceptance-app/error-recovery.test.ts",
            "status": "modified",
            "additions": 20,
            "deletions": 20,
            "changes": 40,
            "blob_url": "https://github.com/vercel/next.js/blob/8ea7d4bb3502e27744d3af586f5f550c43d847ee/test%2Fdevelopment%2Facceptance-app%2Ferror-recovery.test.ts",
            "raw_url": "https://github.com/vercel/next.js/raw/8ea7d4bb3502e27744d3af586f5f550c43d847ee/test%2Fdevelopment%2Facceptance-app%2Ferror-recovery.test.ts",
            "contents_url": "https://api.github.com/repos/vercel/next.js/contents/test%2Fdevelopment%2Facceptance-app%2Ferror-recovery.test.ts?ref=8ea7d4bb3502e27744d3af586f5f550c43d847ee",
            "patch": "@@ -56,7 +56,7 @@ describe('Error recovery app', () => {\n     } else {\n       await expect(browser).toDisplayRedbox(`\n        {\n-         \"description\": \"Error:   x Unexpected eof\",\n+         \"description\": \"  x Unexpected eof\",\n          \"environmentLabel\": null,\n          \"label\": \"Build Error\",\n          \"source\": \"./index.js\n@@ -128,7 +128,7 @@ describe('Error recovery app', () => {\n     } else {\n       await expect(browser).toDisplayRedbox(`\n        {\n-         \"description\": \"Error:   x Expected '}', got '<eof>'\",\n+         \"description\": \"  x Expected '}', got '<eof>'\",\n          \"environmentLabel\": null,\n          \"label\": \"Build Error\",\n          \"source\": \"./app/server/page.js\n@@ -192,7 +192,7 @@ describe('Error recovery app', () => {\n     } else {\n       await expect(browser).toDisplayRedbox(`\n        {\n-         \"description\": \"Error:   x Expected '}', got '<eof>'\",\n+         \"description\": \"  x Expected '}', got '<eof>'\",\n          \"environmentLabel\": null,\n          \"label\": \"Build Error\",\n          \"source\": \"./app/client/page.js\n@@ -264,7 +264,7 @@ describe('Error recovery app', () => {\n       // TODO(veil): Location of Page should be app/page.js\n       await expect(browser).toDisplayCollapsedRedbox(`\n        {\n-         \"description\": \"Error: oops\",\n+         \"description\": \"oops\",\n          \"environmentLabel\": null,\n          \"label\": \"Runtime Error\",\n          \"source\": \"index.js (7:11) @ Index.useCallback[increment]\n@@ -283,7 +283,7 @@ describe('Error recovery app', () => {\n     } else {\n       await expect(browser).toDisplayCollapsedRedbox(`\n        {\n-         \"description\": \"Error: oops\",\n+         \"description\": \"oops\",\n          \"environmentLabel\": null,\n          \"label\": \"Runtime Error\",\n          \"source\": \"index.js (7:11) @ Index.useCallback[increment]\n@@ -377,7 +377,7 @@ describe('Error recovery app', () => {\n \n     await expect(browser).toDisplayRedbox(`\n      {\n-       \"description\": \"Error: oops\",\n+       \"description\": \"oops\",\n        \"environmentLabel\": \"Server\",\n        \"label\": \"Runtime Error\",\n        \"source\": \"child.js (3:9) @ Child\n@@ -454,7 +454,7 @@ describe('Error recovery app', () => {\n       // <FIXME-file-protocol>: https://linear.app/vercel/issue/NDX-920/\n       await expect(browser).toDisplayRedbox(`\n        {\n-         \"description\": \"Error: oops\",\n+         \"description\": \"oops\",\n          \"environmentLabel\": null,\n          \"label\": \"Runtime Error\",\n          \"source\": \"child.js (3:9) @ Child\n@@ -473,7 +473,7 @@ describe('Error recovery app', () => {\n     } else {\n       await expect(browser).toDisplayRedbox(`\n        {\n-         \"description\": \"Error: oops\",\n+         \"description\": \"oops\",\n          \"environmentLabel\": null,\n          \"label\": \"Runtime Error\",\n          \"source\": \"child.js (3:9) @ Child\n@@ -544,7 +544,7 @@ describe('Error recovery app', () => {\n     await browser.eval('window.triggerError()')\n     await expect(browser).toDisplayCollapsedRedbox(`\n      {\n-       \"description\": \"Error: no 1\",\n+       \"description\": \"no 1\",\n        \"environmentLabel\": null,\n        \"label\": \"Runtime Error\",\n        \"source\": \"index.js (7:11) @ eval\n@@ -590,7 +590,7 @@ describe('Error recovery app', () => {\n     } else {\n       await expect(browser).toDisplayRedbox(`\n        {\n-         \"description\": \"Error:   x Expected '}', got '<eof>'\",\n+         \"description\": \"  x Expected '}', got '<eof>'\",\n          \"environmentLabel\": null,\n          \"label\": \"Build Error\",\n          \"source\": \"./index.js\n@@ -627,7 +627,7 @@ describe('Error recovery app', () => {\n     } else {\n       await expect(browser).toDisplayRedbox(`\n        {\n-         \"description\": \"Error:   x Expected '}', got '<eof>'\",\n+         \"description\": \"  x Expected '}', got '<eof>'\",\n          \"environmentLabel\": null,\n          \"label\": \"Build Error\",\n          \"source\": \"./index.js\n@@ -696,9 +696,9 @@ describe('Error recovery app', () => {\n       // <FIXME-file-protocol>: https://linear.app/vercel/issue/NDX-920/\n       await expect(browser).toDisplayRedbox(`\n        {\n-         \"description\": \"ReferenceError: React is not defined\",\n+         \"description\": \"React is not defined\",\n          \"environmentLabel\": null,\n-         \"label\": \"Runtime Error\",\n+         \"label\": \"Runtime ReferenceError\",\n          \"source\": \"Foo.js (3:3) @ Foo\n        > 3 |   return React.createElement('h1', null, 'Foo');\n            |   ^\",\n@@ -715,9 +715,9 @@ describe('Error recovery app', () => {\n     } else {\n       await expect(browser).toDisplayRedbox(`\n        {\n-         \"description\": \"ReferenceError: React is not defined\",\n+         \"description\": \"React is not defined\",\n          \"environmentLabel\": null,\n-         \"label\": \"Runtime Error\",\n+         \"label\": \"Runtime ReferenceError\",\n          \"source\": \"Foo.js (3:3) @ Foo\n        > 3 |   return React.createElement('h1', null, 'Foo');\n            |   ^\",\n@@ -800,7 +800,7 @@ describe('Error recovery app', () => {\n     } else {\n       await expect(browser).toDisplayRedbox(`\n        {\n-         \"description\": \"Error:   x Expected '{', got 'return'\",\n+         \"description\": \"  x Expected '{', got 'return'\",\n          \"environmentLabel\": null,\n          \"label\": \"Build Error\",\n          \"source\": \"./index.js\n@@ -856,7 +856,7 @@ describe('Error recovery app', () => {\n     } else {\n       await expect(browser).toDisplayRedbox(`\n        {\n-         \"description\": \"Error:   x Expected '{', got 'throw'\",\n+         \"description\": \"  x Expected '{', got 'throw'\",\n          \"environmentLabel\": null,\n          \"label\": \"Build Error\",\n          \"source\": \"./index.js\n@@ -903,7 +903,7 @@ describe('Error recovery app', () => {\n       // <FIXME-file-protocol>: https://linear.app/vercel/issue/NDX-920/\n       await expect(browser).toDisplayRedbox(`\n        {\n-         \"description\": \"Error: nooo\",\n+         \"description\": \"nooo\",\n          \"environmentLabel\": null,\n          \"label\": \"Runtime Error\",\n          \"source\": \"index.js (5:11) @ ClassDefault.render\n@@ -921,7 +921,7 @@ describe('Error recovery app', () => {\n     } else {\n       await expect(browser).toDisplayRedbox(`\n        {\n-         \"description\": \"Error: nooo\",\n+         \"description\": \"nooo\",\n          \"environmentLabel\": null,\n          \"label\": \"Runtime Error\",\n          \"source\": \"index.js (5:11) @ ClassDefault.render\n@@ -959,7 +959,7 @@ describe('Error recovery app', () => {\n     } else {\n       await expect(browser).toDisplayRedbox(`\n        {\n-         \"description\": \"Error:   x Expected '}', got '<eof>'\",\n+         \"description\": \"  x Expected '}', got '<eof>'\",\n          \"environmentLabel\": null,\n          \"label\": \"Build Error\",\n          \"source\": \"./app/page.js"
        },
        {
            "sha": "e3e08122689609a722ed905ca05c6714e5ec3022",
            "filename": "test/development/acceptance-app/rsc-runtime-errors.test.ts",
            "status": "modified",
            "additions": 6,
            "deletions": 6,
            "changes": 12,
            "blob_url": "https://github.com/vercel/next.js/blob/8ea7d4bb3502e27744d3af586f5f550c43d847ee/test%2Fdevelopment%2Facceptance-app%2Frsc-runtime-errors.test.ts",
            "raw_url": "https://github.com/vercel/next.js/raw/8ea7d4bb3502e27744d3af586f5f550c43d847ee/test%2Fdevelopment%2Facceptance-app%2Frsc-runtime-errors.test.ts",
            "contents_url": "https://api.github.com/repos/vercel/next.js/contents/test%2Fdevelopment%2Facceptance-app%2Frsc-runtime-errors.test.ts?ref=8ea7d4bb3502e27744d3af586f5f550c43d847ee",
            "patch": "@@ -23,9 +23,9 @@ describe('Error overlay - RSC runtime errors', () => {\n \n     await expect(browser).toDisplayRedbox(`\n      {\n-       \"description\": \"TypeError: useState only works in Client Components. Add the \"use client\" directive at the top of the file to use it. Read more: https://nextjs.org/docs/messages/react-client-hook-in-server-component\",\n+       \"description\": \"useState only works in Client Components. Add the \"use client\" directive at the top of the file to use it. Read more: https://nextjs.org/docs/messages/react-client-hook-in-server-component\",\n        \"environmentLabel\": \"Server\",\n-       \"label\": \"Runtime Error\",\n+       \"label\": \"Runtime TypeError\",\n        \"source\": \"app/server/page.js (3:16) @ Page\n      > 3 |   callClientApi()\n          |                ^\",\n@@ -55,7 +55,7 @@ describe('Error overlay - RSC runtime errors', () => {\n     if (isTurbopack) {\n       await expect(browser).toDisplayRedbox(`\n        {\n-         \"description\": \"Error: \\`cookies\\` was called outside a request scope. Read more: https://nextjs.org/docs/messages/next-dynamic-api-wrong-context\",\n+         \"description\": \"\\`cookies\\` was called outside a request scope. Read more: https://nextjs.org/docs/messages/next-dynamic-api-wrong-context\",\n          \"environmentLabel\": null,\n          \"label\": \"Runtime Error\",\n          \"source\": \"app/client/page.js (4:15) @ Page\n@@ -69,7 +69,7 @@ describe('Error overlay - RSC runtime errors', () => {\n     } else {\n       await expect(browser).toDisplayRedbox(`\n        {\n-         \"description\": \"Error: \\`cookies\\` was called outside a request scope. Read more: https://nextjs.org/docs/messages/next-dynamic-api-wrong-context\",\n+         \"description\": \"\\`cookies\\` was called outside a request scope. Read more: https://nextjs.org/docs/messages/next-dynamic-api-wrong-context\",\n          \"environmentLabel\": null,\n          \"label\": \"Runtime Error\",\n          \"source\": \"app/client/page.js (4:16) @ Page\n@@ -97,9 +97,9 @@ describe('Error overlay - RSC runtime errors', () => {\n \n     await expect(browser).toDisplayRedbox(`\n      {\n-       \"description\": \"ReferenceError: alert is not defined\",\n+       \"description\": \"alert is not defined\",\n        \"environmentLabel\": \"Server\",\n-       \"label\": \"Runtime Error\",\n+       \"label\": \"Runtime ReferenceError\",\n        \"source\": \"app/server/page.js (2:16) @ Page\n      > 2 |   return <div>{alert('warn')}</div>\n          |                ^\","
        },
        {
            "sha": "e9979eb0acdf2d42f7ba05eae3a91823c25ef421",
            "filename": "test/development/acceptance-app/undefined-default-export.test.ts",
            "status": "modified",
            "additions": 5,
            "deletions": 5,
            "changes": 10,
            "blob_url": "https://github.com/vercel/next.js/blob/8ea7d4bb3502e27744d3af586f5f550c43d847ee/test%2Fdevelopment%2Facceptance-app%2Fundefined-default-export.test.ts",
            "raw_url": "https://github.com/vercel/next.js/raw/8ea7d4bb3502e27744d3af586f5f550c43d847ee/test%2Fdevelopment%2Facceptance-app%2Fundefined-default-export.test.ts",
            "contents_url": "https://api.github.com/repos/vercel/next.js/contents/test%2Fdevelopment%2Facceptance-app%2Fundefined-default-export.test.ts?ref=8ea7d4bb3502e27744d3af586f5f550c43d847ee",
            "patch": "@@ -20,7 +20,7 @@ describe('Undefined default export', () => {\n \n     await expect(browser).toDisplayRedbox(`\n      {\n-       \"description\": \"Error: The default export is not a React Component in \"/specific-path/server/page\"\",\n+       \"description\": \"The default export is not a React Component in \"/specific-path/server/page\"\",\n        \"environmentLabel\": null,\n        \"label\": \"Runtime Error\",\n        \"source\": null,\n@@ -45,7 +45,7 @@ describe('Undefined default export', () => {\n \n     await expect(browser).toDisplayRedbox(`\n      {\n-       \"description\": \"Error: The default export is not a React Component in \"/specific-path/server/layout\"\",\n+       \"description\": \"The default export is not a React Component in \"/specific-path/server/layout\"\",\n        \"environmentLabel\": null,\n        \"label\": \"Runtime Error\",\n        \"source\": null,\n@@ -73,7 +73,7 @@ describe('Undefined default export', () => {\n \n     await expect(browser).toDisplayRedbox(`\n      {\n-       \"description\": \"Error: The default export is not a React Component in \"/will-not-found/not-found\"\",\n+       \"description\": \"The default export is not a React Component in \"/will-not-found/not-found\"\",\n        \"environmentLabel\": null,\n        \"label\": \"Runtime Error\",\n        \"source\": null,\n@@ -94,7 +94,7 @@ describe('Undefined default export', () => {\n \n     await expect(browser).toDisplayRedbox(`\n      {\n-       \"description\": \"Error: The default export is not a React Component in \"/page\"\",\n+       \"description\": \"The default export is not a React Component in \"/page\"\",\n        \"environmentLabel\": null,\n        \"label\": \"Runtime Error\",\n        \"source\": null,\n@@ -118,7 +118,7 @@ describe('Undefined default export', () => {\n \n     await expect(browser).toDisplayRedbox(`\n      {\n-       \"description\": \"Error: The default export is not a React Component in \"/server-with-errors/page-export-initial-error/page\"\",\n+       \"description\": \"The default export is not a React Component in \"/server-with-errors/page-export-initial-error/page\"\",\n        \"environmentLabel\": null,\n        \"label\": \"Runtime Error\",\n        \"source\": null,"
        },
        {
            "sha": "a90eda9d61211514f8173fc2d7ec5b1edf6b86b3",
            "filename": "test/development/acceptance/ReactRefreshLogBox-app-doc.test.ts",
            "status": "modified",
            "additions": 5,
            "deletions": 8,
            "changes": 13,
            "blob_url": "https://github.com/vercel/next.js/blob/8ea7d4bb3502e27744d3af586f5f550c43d847ee/test%2Fdevelopment%2Facceptance%2FReactRefreshLogBox-app-doc.test.ts",
            "raw_url": "https://github.com/vercel/next.js/raw/8ea7d4bb3502e27744d3af586f5f550c43d847ee/test%2Fdevelopment%2Facceptance%2FReactRefreshLogBox-app-doc.test.ts",
            "contents_url": "https://api.github.com/repos/vercel/next.js/contents/test%2Fdevelopment%2Facceptance%2FReactRefreshLogBox-app-doc.test.ts?ref=8ea7d4bb3502e27744d3af586f5f550c43d847ee",
            "patch": "@@ -19,16 +19,13 @@ describe('ReactRefreshLogBox _app _document', () => {\n     const { browser, session } = sandbox\n     await expect(browser).toDisplayRedbox(`\n      {\n-       \"description\": \"Error: The default export is not a React Component in page: \"/_app\"\",\n+       \"description\": \"The default export is not a React Component in page: \"/_app\"\",\n        \"environmentLabel\": null,\n        \"label\": \"Runtime Error\",\n        \"source\": null,\n        \"stack\": [],\n      }\n     `)\n-    expect(await session.getRedboxDescription()).toMatchInlineSnapshot(\n-      `\"Error: The default export is not a React Component in page: \"/_app\"\"`\n-    )\n \n     await session.patch(\n       'pages/_app.js',\n@@ -51,7 +48,7 @@ describe('ReactRefreshLogBox _app _document', () => {\n \n     await expect(browser).toDisplayRedbox(`\n      {\n-       \"description\": \"Error: The default export is not a React Component in page: \"/_document\"\",\n+       \"description\": \"The default export is not a React Component in page: \"/_document\"\",\n        \"environmentLabel\": null,\n        \"label\": \"Runtime Error\",\n        \"source\": null,\n@@ -154,7 +151,7 @@ describe('ReactRefreshLogBox _app _document', () => {\n     } else {\n       await expect(browser).toDisplayRedbox(`\n        {\n-         \"description\": \"Error:   x Expression expected\",\n+         \"description\": \"  x Expression expected\",\n          \"environmentLabel\": null,\n          \"label\": \"Build Error\",\n          \"source\": \"./pages/_app.js\n@@ -247,7 +244,7 @@ describe('ReactRefreshLogBox _app _document', () => {\n          \"environmentLabel\": null,\n          \"label\": \"Build Error\",\n          \"source\": \"./pages/_document.js\n-         × Module build failed:\n+         Error: × Module build failed:\n          ├─▶   ×\n          │     │   x Unexpected token \\`{\\`. Expected identifier, string literal, numeric literal or [ for the computed key\n          │     │    ,-[<FIXME-project-root>/pages/_document.js:3:1]\n@@ -268,7 +265,7 @@ describe('ReactRefreshLogBox _app _document', () => {\n     } else {\n       await expect(browser).toDisplayRedbox(`\n        {\n-         \"description\": \"Error:   x Unexpected token \\`{\\`. Expected identifier, string literal, numeric literal or [ for the computed key\",\n+         \"description\": \"  x Unexpected token \\`{\\`. Expected identifier, string literal, numeric literal or [ for the computed key\",\n          \"environmentLabel\": null,\n          \"label\": \"Build Error\",\n          \"source\": \"./pages/_document.js"
        },
        {
            "sha": "63c8bbfba311146369d4ce3e7d2a92eb2aee2875",
            "filename": "test/development/acceptance/ReactRefreshLogBox.test.ts",
            "status": "modified",
            "additions": 42,
            "deletions": 42,
            "changes": 84,
            "blob_url": "https://github.com/vercel/next.js/blob/8ea7d4bb3502e27744d3af586f5f550c43d847ee/test%2Fdevelopment%2Facceptance%2FReactRefreshLogBox.test.ts",
            "raw_url": "https://github.com/vercel/next.js/raw/8ea7d4bb3502e27744d3af586f5f550c43d847ee/test%2Fdevelopment%2Facceptance%2FReactRefreshLogBox.test.ts",
            "contents_url": "https://api.github.com/repos/vercel/next.js/contents/test%2Fdevelopment%2Facceptance%2FReactRefreshLogBox.test.ts?ref=8ea7d4bb3502e27744d3af586f5f550c43d847ee",
            "patch": "@@ -46,7 +46,7 @@ describe('ReactRefreshLogBox', () => {\n     if (isReact18) {\n       await expect(browser).toDisplayRedbox(`\n        {\n-         \"description\": \"Error: idk\",\n+         \"description\": \"idk\",\n          \"environmentLabel\": null,\n          \"label\": \"Runtime Error\",\n          \"source\": \"index.js (8:27) @ onClick\n@@ -62,7 +62,7 @@ describe('ReactRefreshLogBox', () => {\n     } else {\n       await expect(browser).toDisplayRedbox(`\n        {\n-         \"description\": \"Error: idk\",\n+         \"description\": \"idk\",\n          \"environmentLabel\": null,\n          \"label\": \"Runtime Error\",\n          \"source\": \"index.js (8:27) @ onClick\n@@ -122,7 +122,7 @@ describe('ReactRefreshLogBox', () => {\n       if (isTurbopack) {\n         await expect(browser).toDisplayRedbox(`\n          {\n-           \"description\": \"Error: no\",\n+           \"description\": \"no\",\n            \"environmentLabel\": null,\n            \"label\": \"Runtime Error\",\n            \"source\": \"index.js (3:7) @ [project]/index.js [ssr] (ecmascript)\n@@ -139,7 +139,7 @@ describe('ReactRefreshLogBox', () => {\n       } else {\n         await expect(browser).toDisplayRedbox(`\n          {\n-           \"description\": \"Error: no\",\n+           \"description\": \"no\",\n            \"environmentLabel\": null,\n            \"label\": \"Runtime Error\",\n            \"source\": \"index.js (3:7) @ eval\n@@ -167,7 +167,7 @@ describe('ReactRefreshLogBox', () => {\n       if (isTurbopack) {\n         await expect(browser).toDisplayRedbox(`\n          {\n-           \"description\": \"Error: no\",\n+           \"description\": \"no\",\n            \"environmentLabel\": null,\n            \"label\": \"Runtime Error\",\n            \"source\": \"index.js (3:7) @ [project]/index.js [ssr] (ecmascript)\n@@ -184,7 +184,7 @@ describe('ReactRefreshLogBox', () => {\n       } else {\n         await expect(browser).toDisplayRedbox(`\n          {\n-           \"description\": \"Error: no\",\n+           \"description\": \"no\",\n            \"environmentLabel\": null,\n            \"label\": \"Runtime Error\",\n            \"source\": \"index.js (3:7) @ eval\n@@ -271,7 +271,7 @@ describe('ReactRefreshLogBox', () => {\n       await expect(browser).toDisplayRedbox(`\n        [\n          {\n-           \"description\": \"Error: no\",\n+           \"description\": \"no\",\n            \"environmentLabel\": null,\n            \"label\": \"Runtime Error\",\n            \"source\": \"FunctionDefault.js (1:51) @ FunctionDefault\n@@ -285,7 +285,7 @@ describe('ReactRefreshLogBox', () => {\n            ],\n          },\n          {\n-           \"description\": \"Error: no\",\n+           \"description\": \"no\",\n            \"environmentLabel\": null,\n            \"label\": \"Runtime Error\",\n            \"source\": \"FunctionDefault.js (1:51) @ FunctionDefault\n@@ -303,7 +303,7 @@ describe('ReactRefreshLogBox', () => {\n     } else {\n       await expect(browser).toDisplayRedbox(`\n        {\n-         \"description\": \"Error: no\",\n+         \"description\": \"no\",\n          \"environmentLabel\": null,\n          \"label\": \"Runtime Error\",\n          \"source\": \"FunctionDefault.js (1:51) @ FunctionDefault\n@@ -391,7 +391,7 @@ describe('ReactRefreshLogBox', () => {\n     } else {\n       await expect(browser).toDisplayRedbox(`\n        {\n-         \"description\": \"Error:   x Unexpected token. Did you mean \\`{'}'}\\` or \\`&rbrace;\\`?\",\n+         \"description\": \"  x Unexpected token. Did you mean \\`{'}'}\\` or \\`&rbrace;\\`?\",\n          \"environmentLabel\": null,\n          \"label\": \"Build Error\",\n          \"source\": \"./index.js\n@@ -472,7 +472,7 @@ describe('ReactRefreshLogBox', () => {\n       await expect(browser).toDisplayRedbox(`\n        [\n          {\n-           \"description\": \"Error: \",\n+           \"description\": \"\",\n            \"environmentLabel\": null,\n            \"label\": \"Runtime Error\",\n            \"source\": \"Child.js (4:11) @ ClickCount.render\n@@ -486,7 +486,7 @@ describe('ReactRefreshLogBox', () => {\n            ],\n          },\n          {\n-           \"description\": \"Error: \",\n+           \"description\": \"\",\n            \"environmentLabel\": null,\n            \"label\": \"Runtime Error\",\n            \"source\": \"Child.js (4:11) @ ClickCount.render\n@@ -504,7 +504,7 @@ describe('ReactRefreshLogBox', () => {\n     } else {\n       await expect(browser).toDisplayRedbox(`\n        {\n-         \"description\": \"Error: \",\n+         \"description\": \"\",\n          \"environmentLabel\": null,\n          \"label\": \"Runtime Error\",\n          \"source\": \"Child.js (4:11) @ ClickCount.render\n@@ -650,7 +650,7 @@ describe('ReactRefreshLogBox', () => {\n     if (isReact18) {\n       await expect(browser).toDisplayRedbox(`\n        {\n-         \"description\": \"Error: end https://nextjs.org\",\n+         \"description\": \"end https://nextjs.org\",\n          \"environmentLabel\": null,\n          \"label\": \"Runtime Error\",\n          \"source\": \"index.js (5:11) @ Index.useCallback[boom]\n@@ -666,7 +666,7 @@ describe('ReactRefreshLogBox', () => {\n     } else {\n       await expect(browser).toDisplayRedbox(`\n        {\n-         \"description\": \"Error: end https://nextjs.org\",\n+         \"description\": \"end https://nextjs.org\",\n          \"environmentLabel\": null,\n          \"label\": \"Runtime Error\",\n          \"source\": \"index.js (5:11) @ Index.useCallback[boom]\n@@ -705,7 +705,7 @@ describe('ReactRefreshLogBox', () => {\n     if (isReact18) {\n       await expect(browser).toDisplayRedbox(`\n        {\n-         \"description\": \"Error: https://nextjs.org start\",\n+         \"description\": \"https://nextjs.org start\",\n          \"environmentLabel\": null,\n          \"label\": \"Runtime Error\",\n          \"source\": \"index.js (5:11) @ Index.useCallback[boom]\n@@ -721,7 +721,7 @@ describe('ReactRefreshLogBox', () => {\n     } else {\n       await expect(browser).toDisplayRedbox(`\n        {\n-         \"description\": \"Error: https://nextjs.org start\",\n+         \"description\": \"https://nextjs.org start\",\n          \"environmentLabel\": null,\n          \"label\": \"Runtime Error\",\n          \"source\": \"index.js (5:11) @ Index.useCallback[boom]\n@@ -760,7 +760,7 @@ describe('ReactRefreshLogBox', () => {\n     if (isReact18) {\n       await expect(browser).toDisplayRedbox(`\n        {\n-         \"description\": \"Error: middle https://nextjs.org end\",\n+         \"description\": \"middle https://nextjs.org end\",\n          \"environmentLabel\": null,\n          \"label\": \"Runtime Error\",\n          \"source\": \"index.js (5:11) @ Index.useCallback[boom]\n@@ -776,7 +776,7 @@ describe('ReactRefreshLogBox', () => {\n     } else {\n       await expect(browser).toDisplayRedbox(`\n        {\n-         \"description\": \"Error: middle https://nextjs.org end\",\n+         \"description\": \"middle https://nextjs.org end\",\n          \"environmentLabel\": null,\n          \"label\": \"Runtime Error\",\n          \"source\": \"index.js (5:11) @ Index.useCallback[boom]\n@@ -815,7 +815,7 @@ describe('ReactRefreshLogBox', () => {\n     if (isReact18) {\n       await expect(browser).toDisplayRedbox(`\n        {\n-         \"description\": \"Error: multiple https://nextjs.org links http://example.com\",\n+         \"description\": \"multiple https://nextjs.org links http://example.com\",\n          \"environmentLabel\": null,\n          \"label\": \"Runtime Error\",\n          \"source\": \"index.js (5:11) @ Index.useCallback[boom]\n@@ -831,7 +831,7 @@ describe('ReactRefreshLogBox', () => {\n     } else {\n       await expect(browser).toDisplayRedbox(`\n        {\n-         \"description\": \"Error: multiple https://nextjs.org links http://example.com\",\n+         \"description\": \"multiple https://nextjs.org links http://example.com\",\n          \"environmentLabel\": null,\n          \"label\": \"Runtime Error\",\n          \"source\": \"index.js (5:11) @ Index.useCallback[boom]\n@@ -870,7 +870,7 @@ describe('ReactRefreshLogBox', () => {\n     if (isReact18) {\n       await expect(browser).toDisplayRedbox(`\n        {\n-         \"description\": \"Error: multiple https://nextjs.org links (http://example.com)\",\n+         \"description\": \"multiple https://nextjs.org links (http://example.com)\",\n          \"environmentLabel\": null,\n          \"label\": \"Runtime Error\",\n          \"source\": \"index.js (5:11) @ Index.useCallback[boom]\n@@ -886,7 +886,7 @@ describe('ReactRefreshLogBox', () => {\n     } else {\n       await expect(browser).toDisplayRedbox(`\n        {\n-         \"description\": \"Error: multiple https://nextjs.org links (http://example.com)\",\n+         \"description\": \"multiple https://nextjs.org links (http://example.com)\",\n          \"environmentLabel\": null,\n          \"label\": \"Runtime Error\",\n          \"source\": \"index.js (5:11) @ Index.useCallback[boom]\n@@ -921,7 +921,7 @@ describe('ReactRefreshLogBox', () => {\n     if (isReact18) {\n       await expect(browser).toDisplayRedbox(`\n        {\n-         \"description\": \"Error: {\"a\":1,\"b\":\"x\"}\",\n+         \"description\": \"{\"a\":1,\"b\":\"x\"}\",\n          \"environmentLabel\": null,\n          \"label\": \"Runtime Error\",\n          \"source\": null,\n@@ -931,7 +931,7 @@ describe('ReactRefreshLogBox', () => {\n     } else {\n       await expect(browser).toDisplayRedbox(`\n        {\n-         \"description\": \"Error: {\"a\":1,\"b\":\"x\"}\",\n+         \"description\": \"{\"a\":1,\"b\":\"x\"}\",\n          \"environmentLabel\": null,\n          \"label\": \"Runtime Error\",\n          \"source\": null,\n@@ -969,7 +969,7 @@ describe('ReactRefreshLogBox', () => {\n     if (isReact18) {\n       await expect(browser).toDisplayRedbox(`\n        {\n-         \"description\": \"Error: class Hello {\n+         \"description\": \"class Hello {\n        }\",\n          \"environmentLabel\": null,\n          \"label\": \"Runtime Error\",\n@@ -980,7 +980,7 @@ describe('ReactRefreshLogBox', () => {\n     } else {\n       await expect(browser).toDisplayRedbox(`\n        {\n-         \"description\": \"Error: class Hello {\n+         \"description\": \"class Hello {\n        }\",\n          \"environmentLabel\": null,\n          \"label\": \"Runtime Error\",\n@@ -1017,7 +1017,7 @@ describe('ReactRefreshLogBox', () => {\n     if (isReact18) {\n       await expect(browser).toDisplayRedbox(`\n        {\n-         \"description\": \"Error: string error\",\n+         \"description\": \"string error\",\n          \"environmentLabel\": null,\n          \"label\": \"Runtime Error\",\n          \"source\": null,\n@@ -1027,7 +1027,7 @@ describe('ReactRefreshLogBox', () => {\n     } else {\n       await expect(browser).toDisplayRedbox(`\n        {\n-         \"description\": \"Error: string error\",\n+         \"description\": \"string error\",\n          \"environmentLabel\": null,\n          \"label\": \"Runtime Error\",\n          \"source\": null,\n@@ -1063,7 +1063,7 @@ describe('ReactRefreshLogBox', () => {\n     if (isReact18) {\n       await expect(browser).toDisplayRedbox(`\n        {\n-         \"description\": \"Error: A null error was thrown, see here for more info: https://nextjs.org/docs/messages/threw-undefined\",\n+         \"description\": \"A null error was thrown, see here for more info: https://nextjs.org/docs/messages/threw-undefined\",\n          \"environmentLabel\": null,\n          \"label\": \"Runtime Error\",\n          \"source\": null,\n@@ -1073,7 +1073,7 @@ describe('ReactRefreshLogBox', () => {\n     } else {\n       await expect(browser).toDisplayRedbox(`\n        {\n-         \"description\": \"Error: A null error was thrown, see here for more info: https://nextjs.org/docs/messages/threw-undefined\",\n+         \"description\": \"A null error was thrown, see here for more info: https://nextjs.org/docs/messages/threw-undefined\",\n          \"environmentLabel\": null,\n          \"label\": \"Runtime Error\",\n          \"source\": null,\n@@ -1111,7 +1111,7 @@ describe('ReactRefreshLogBox', () => {\n         await expect(browser).toDisplayRedbox(`\n          [\n            {\n-             \"description\": \"Error: Client error\",\n+             \"description\": \"Client error\",\n              \"environmentLabel\": null,\n              \"label\": \"Runtime Error\",\n              \"source\": \"pages/index.js (3:11) @ Page\n@@ -1122,7 +1122,7 @@ describe('ReactRefreshLogBox', () => {\n              ],\n            },\n            {\n-             \"description\": \"Error: Client error\",\n+             \"description\": \"Client error\",\n              \"environmentLabel\": null,\n              \"label\": \"Runtime Error\",\n              \"source\": \"pages/index.js (3:11) @ Page\n@@ -1133,7 +1133,7 @@ describe('ReactRefreshLogBox', () => {\n              ],\n            },\n            {\n-             \"description\": \"Error: There was an error while hydrating. Because the error happened outside of a Suspense boundary, the entire root will switch to client rendering.\",\n+             \"description\": \"There was an error while hydrating. Because the error happened outside of a Suspense boundary, the entire root will switch to client rendering.\",\n              \"environmentLabel\": null,\n              \"label\": \"Recoverable Error\",\n              \"source\": null,\n@@ -1149,7 +1149,7 @@ describe('ReactRefreshLogBox', () => {\n         await expect(browser).toDisplayRedbox(`\n          [\n            {\n-             \"description\": \"Error: Client error\",\n+             \"description\": \"Client error\",\n              \"environmentLabel\": null,\n              \"label\": \"Runtime Error\",\n              \"source\": \"pages/index.js (3:11) @ Page\n@@ -1160,7 +1160,7 @@ describe('ReactRefreshLogBox', () => {\n              ],\n            },\n            {\n-             \"description\": \"Error: Client error\",\n+             \"description\": \"Client error\",\n              \"environmentLabel\": null,\n              \"label\": \"Runtime Error\",\n              \"source\": \"pages/index.js (3:11) @ Page\n@@ -1171,7 +1171,7 @@ describe('ReactRefreshLogBox', () => {\n              ],\n            },\n            {\n-             \"description\": \"Error: There was an error while hydrating. Because the error happened outside of a Suspense boundary, the entire root will switch to client rendering.\",\n+             \"description\": \"There was an error while hydrating. Because the error happened outside of a Suspense boundary, the entire root will switch to client rendering.\",\n              \"environmentLabel\": null,\n              \"label\": \"Recoverable Error\",\n              \"source\": null,\n@@ -1183,7 +1183,7 @@ describe('ReactRefreshLogBox', () => {\n     } else {\n       await expect(browser).toDisplayRedbox(`\n        {\n-         \"description\": \"Error: Client error\",\n+         \"description\": \"Client error\",\n          \"environmentLabel\": null,\n          \"label\": \"Runtime Error\",\n          \"source\": \"pages/index.js (3:11) @ Page\n@@ -1228,7 +1228,7 @@ describe('ReactRefreshLogBox', () => {\n     if (isTurbopack) {\n       await expect(browser).toDisplayRedbox(`\n        {\n-         \"description\": \"Error: anonymous error!\",\n+         \"description\": \"anonymous error!\",\n          \"environmentLabel\": null,\n          \"label\": \"Runtime Error\",\n          \"source\": \"pages/index.js (3:11) @ <unknown>\n@@ -1244,7 +1244,7 @@ describe('ReactRefreshLogBox', () => {\n     } else {\n       await expect(browser).toDisplayRedbox(`\n        {\n-         \"description\": \"Error: anonymous error!\",\n+         \"description\": \"anonymous error!\",\n          \"environmentLabel\": null,\n          \"label\": \"Runtime Error\",\n          \"source\": \"pages/index.js (3:11) @ eval\n@@ -1285,9 +1285,9 @@ describe('ReactRefreshLogBox', () => {\n \n     await expect(browser).toDisplayRedbox(`\n      {\n-       \"description\": \"TypeError: Invalid URL\",\n+       \"description\": \"Invalid URL\",\n        \"environmentLabel\": null,\n-       \"label\": \"Runtime Error\",\n+       \"label\": \"Runtime TypeError\",\n        \"source\": \"pages/index.js (4:3) @ createURL\n      > 4 |   new URL(\"/\", \"invalid\")\n          |   ^\","
        },
        {
            "sha": "79550083c03151304d5bd9172640ffddb54c6dce",
            "filename": "test/development/acceptance/ReactRefreshRegression.test.ts",
            "status": "modified",
            "additions": 2,
            "deletions": 2,
            "changes": 4,
            "blob_url": "https://github.com/vercel/next.js/blob/8ea7d4bb3502e27744d3af586f5f550c43d847ee/test%2Fdevelopment%2Facceptance%2FReactRefreshRegression.test.ts",
            "raw_url": "https://github.com/vercel/next.js/raw/8ea7d4bb3502e27744d3af586f5f550c43d847ee/test%2Fdevelopment%2Facceptance%2FReactRefreshRegression.test.ts",
            "contents_url": "https://api.github.com/repos/vercel/next.js/contents/test%2Fdevelopment%2Facceptance%2FReactRefreshRegression.test.ts?ref=8ea7d4bb3502e27744d3af586f5f550c43d847ee",
            "patch": "@@ -284,7 +284,7 @@ describe('ReactRefreshRegression', () => {\n     if (isTurbopack) {\n       await expect(browser).toDisplayRedbox(`\n        {\n-         \"description\": \"Error: boom\",\n+         \"description\": \"boom\",\n          \"environmentLabel\": null,\n          \"label\": \"Runtime Error\",\n          \"source\": \"pages/index.js (1:36) @\n@@ -299,7 +299,7 @@ describe('ReactRefreshRegression', () => {\n     } else {\n       await expect(browser).toDisplayRedbox(`\n        {\n-         \"description\": \"Error: boom\",\n+         \"description\": \"boom\",\n          \"environmentLabel\": null,\n          \"label\": \"Runtime Error\",\n          \"source\": \"pages/index.js (1:36) @ default"
        },
        {
            "sha": "f16fc387c322578d1a6b26bb46863ee80e0e4b43",
            "filename": "test/development/acceptance/error-recovery.test.ts",
            "status": "modified",
            "additions": 21,
            "deletions": 21,
            "changes": 42,
            "blob_url": "https://github.com/vercel/next.js/blob/8ea7d4bb3502e27744d3af586f5f550c43d847ee/test%2Fdevelopment%2Facceptance%2Ferror-recovery.test.ts",
            "raw_url": "https://github.com/vercel/next.js/raw/8ea7d4bb3502e27744d3af586f5f550c43d847ee/test%2Fdevelopment%2Facceptance%2Ferror-recovery.test.ts",
            "contents_url": "https://api.github.com/repos/vercel/next.js/contents/test%2Fdevelopment%2Facceptance%2Ferror-recovery.test.ts?ref=8ea7d4bb3502e27744d3af586f5f550c43d847ee",
            "patch": "@@ -80,7 +80,7 @@ describe('pages/ error recovery', () => {\n     } else {\n       await expect(browser).toDisplayRedbox(`\n        {\n-         \"description\": \"Error:   x Unexpected eof\",\n+         \"description\": \"  x Unexpected eof\",\n          \"environmentLabel\": null,\n          \"label\": \"Build Error\",\n          \"source\": \"./index.js\n@@ -159,7 +159,7 @@ describe('pages/ error recovery', () => {\n \n     await expect(browser).toDisplayRedbox(`\n      {\n-       \"description\": \"Error: oops\",\n+       \"description\": \"oops\",\n        \"environmentLabel\": null,\n        \"label\": \"Runtime Error\",\n        \"source\": \"index.js (7:11) @ Index.useCallback[increment]\n@@ -252,7 +252,7 @@ describe('pages/ error recovery', () => {\n       await expect(browser).toDisplayRedbox(`\n        [\n          {\n-           \"description\": \"Error: oops\",\n+           \"description\": \"oops\",\n            \"environmentLabel\": null,\n            \"label\": \"Runtime Error\",\n            \"source\": \"child.js (3:9) @ Child\n@@ -266,7 +266,7 @@ describe('pages/ error recovery', () => {\n            ],\n          },\n          {\n-           \"description\": \"Error: oops\",\n+           \"description\": \"oops\",\n            \"environmentLabel\": null,\n            \"label\": \"Runtime Error\",\n            \"source\": \"child.js (3:9) @ Child\n@@ -284,7 +284,7 @@ describe('pages/ error recovery', () => {\n     } else {\n       await expect(browser).toDisplayRedbox(`\n        {\n-         \"description\": \"Error: oops\",\n+         \"description\": \"oops\",\n          \"environmentLabel\": null,\n          \"label\": \"Runtime Error\",\n          \"source\": \"child.js (3:9) @ Child\n@@ -400,7 +400,7 @@ describe('pages/ error recovery', () => {\n     } else {\n       await expect(browser).toDisplayRedbox(`\n        {\n-         \"description\": \"Error:   x Expected '{', got 'return'\",\n+         \"description\": \"  x Expected '{', got 'return'\",\n          \"environmentLabel\": null,\n          \"label\": \"Build Error\",\n          \"source\": \"./index.js\n@@ -486,7 +486,7 @@ describe('pages/ error recovery', () => {\n     } else {\n       await expect({ browser, next }).toDisplayRedbox(`\n        {\n-         \"description\": \"Error:   x Expected '{', got 'throw'\",\n+         \"description\": \"  x Expected '{', got 'throw'\",\n          \"environmentLabel\": null,\n          \"label\": \"Build Error\",\n          \"source\": \"./index.js\n@@ -540,7 +540,7 @@ describe('pages/ error recovery', () => {\n       await expect(browser).toDisplayRedbox(`\n        [\n          {\n-           \"description\": \"Error: nooo\",\n+           \"description\": \"nooo\",\n            \"environmentLabel\": null,\n            \"label\": \"Runtime Error\",\n            \"source\": \"index.js (5:11) @ ClassDefault.render\n@@ -554,7 +554,7 @@ describe('pages/ error recovery', () => {\n            ],\n          },\n          {\n-           \"description\": \"Error: nooo\",\n+           \"description\": \"nooo\",\n            \"environmentLabel\": null,\n            \"label\": \"Runtime Error\",\n            \"source\": \"index.js (5:11) @ ClassDefault.render\n@@ -573,7 +573,7 @@ describe('pages/ error recovery', () => {\n       if (process.env.NEXT_RSPACK) {\n         await expect(browser).toDisplayRedbox(`\n          {\n-           \"description\": \"Error: nooo\",\n+           \"description\": \"nooo\",\n            \"environmentLabel\": null,\n            \"label\": \"Runtime Error\",\n            \"source\": \"index.js (5:11) @ ClassDefault.render\n@@ -587,7 +587,7 @@ describe('pages/ error recovery', () => {\n       } else {\n         await expect(browser).toDisplayRedbox(`\n          {\n-           \"description\": \"Error: nooo\",\n+           \"description\": \"nooo\",\n            \"environmentLabel\": null,\n            \"label\": \"Runtime Error\",\n            \"source\": \"index.js (5:11) @ ClassDefault.render\n@@ -656,9 +656,9 @@ describe('pages/ error recovery', () => {\n       await expect(browser).toDisplayRedbox(`\n        [\n          {\n-           \"description\": \"ReferenceError: React is not defined\",\n+           \"description\": \"React is not defined\",\n            \"environmentLabel\": null,\n-           \"label\": \"Runtime Error\",\n+           \"label\": \"Runtime ReferenceError\",\n            \"source\": \"Foo.js (3:3) @ Foo\n        > 3 |   return React.createElement('h1', null, 'Foo');\n            |   ^\",\n@@ -670,9 +670,9 @@ describe('pages/ error recovery', () => {\n            ],\n          },\n          {\n-           \"description\": \"ReferenceError: React is not defined\",\n+           \"description\": \"React is not defined\",\n            \"environmentLabel\": null,\n-           \"label\": \"Runtime Error\",\n+           \"label\": \"Runtime ReferenceError\",\n            \"source\": \"Foo.js (3:3) @ Foo\n        > 3 |   return React.createElement('h1', null, 'Foo');\n            |   ^\",\n@@ -688,9 +688,9 @@ describe('pages/ error recovery', () => {\n     } else {\n       await expect(browser).toDisplayRedbox(`\n        {\n-         \"description\": \"ReferenceError: React is not defined\",\n+         \"description\": \"React is not defined\",\n          \"environmentLabel\": null,\n-         \"label\": \"Runtime Error\",\n+         \"label\": \"Runtime ReferenceError\",\n          \"source\": \"Foo.js (3:3) @ Foo\n        > 3 |   return React.createElement('h1', null, 'Foo');\n            |   ^\",\n@@ -755,7 +755,7 @@ describe('pages/ error recovery', () => {\n     if (process.env.NEXT_RSPACK) {\n       await expect(browser).toDisplayRedbox(`\n             {\n-              \"description\": \"Error: no 1\",\n+              \"description\": \"no 1\",\n               \"environmentLabel\": null,\n               \"label\": \"Runtime Error\",\n               \"source\": \"index.js (5:9) @ <unknown>\n@@ -769,7 +769,7 @@ describe('pages/ error recovery', () => {\n     } else {\n       await expect(browser).toDisplayRedbox(`\n        {\n-         \"description\": \"Error: no 1\",\n+         \"description\": \"no 1\",\n          \"environmentLabel\": null,\n          \"label\": \"Runtime Error\",\n          \"source\": \"index.js (5:9) @ eval\n@@ -841,7 +841,7 @@ describe('pages/ error recovery', () => {\n     } else {\n       await expect(browser).toDisplayRedbox(`\n        {\n-         \"description\": \"Error:   x Expected '}', got '<eof>'\",\n+         \"description\": \"  x Expected '}', got '<eof>'\",\n          \"environmentLabel\": null,\n          \"label\": \"Build Error\",\n          \"source\": \"./index.js\n@@ -909,7 +909,7 @@ describe('pages/ error recovery', () => {\n     } else {\n       await expect({ browser, next }).toDisplayRedbox(`\n        {\n-         \"description\": \"Error:   x Expected '}', got '<eof>'\",\n+         \"description\": \"  x Expected '}', got '<eof>'\",\n          \"environmentLabel\": null,\n          \"label\": \"Build Error\",\n          \"source\": \"./index.js"
        },
        {
            "sha": "f09034ad8a8e3d6aa8498665d97fb97a51891904",
            "filename": "test/development/acceptance/hydration-error.test.ts",
            "status": "modified",
            "additions": 12,
            "deletions": 12,
            "changes": 24,
            "blob_url": "https://github.com/vercel/next.js/blob/8ea7d4bb3502e27744d3af586f5f550c43d847ee/test%2Fdevelopment%2Facceptance%2Fhydration-error.test.ts",
            "raw_url": "https://github.com/vercel/next.js/raw/8ea7d4bb3502e27744d3af586f5f550c43d847ee/test%2Fdevelopment%2Facceptance%2Fhydration-error.test.ts",
            "contents_url": "https://api.github.com/repos/vercel/next.js/contents/test%2Fdevelopment%2Facceptance%2Fhydration-error.test.ts?ref=8ea7d4bb3502e27744d3af586f5f550c43d847ee",
            "patch": "@@ -90,7 +90,7 @@ describe('Error overlay for hydration errors in Pages router', () => {\n            \"stack\": [],\n          },\n          {\n-           \"description\": \"Error: There was an error while hydrating. Because the error happened outside of a Suspense boundary, the entire root will switch to client rendering.\",\n+           \"description\": \"There was an error while hydrating. Because the error happened outside of a Suspense boundary, the entire root will switch to client rendering.\",\n            \"environmentLabel\": null,\n            \"label\": \"Recoverable Error\",\n            \"source\": null,\n@@ -196,7 +196,7 @@ describe('Error overlay for hydration errors in Pages router', () => {\n            \"stack\": [],\n          },\n          {\n-           \"description\": \"Error: There was an error while hydrating. Because the error happened outside of a Suspense boundary, the entire root will switch to client rendering.\",\n+           \"description\": \"There was an error while hydrating. Because the error happened outside of a Suspense boundary, the entire root will switch to client rendering.\",\n            \"environmentLabel\": null,\n            \"label\": \"Recoverable Error\",\n            \"source\": null,\n@@ -287,7 +287,7 @@ describe('Error overlay for hydration errors in Pages router', () => {\n            \"stack\": [],\n          },\n          {\n-           \"description\": \"Error: There was an error while hydrating. Because the error happened outside of a Suspense boundary, the entire root will switch to client rendering.\",\n+           \"description\": \"There was an error while hydrating. Because the error happened outside of a Suspense boundary, the entire root will switch to client rendering.\",\n            \"environmentLabel\": null,\n            \"label\": \"Recoverable Error\",\n            \"source\": null,\n@@ -362,7 +362,7 @@ describe('Error overlay for hydration errors in Pages router', () => {\n            \"stack\": [],\n          },\n          {\n-           \"description\": \"Error: There was an error while hydrating. Because the error happened outside of a Suspense boundary, the entire root will switch to client rendering.\",\n+           \"description\": \"There was an error while hydrating. Because the error happened outside of a Suspense boundary, the entire root will switch to client rendering.\",\n            \"environmentLabel\": null,\n            \"label\": \"Recoverable Error\",\n            \"source\": null,\n@@ -433,7 +433,7 @@ describe('Error overlay for hydration errors in Pages router', () => {\n            \"stack\": [],\n          },\n          {\n-           \"description\": \"Error: There was an error while hydrating. Because the error happened outside of a Suspense boundary, the entire root will switch to client rendering.\",\n+           \"description\": \"There was an error while hydrating. Because the error happened outside of a Suspense boundary, the entire root will switch to client rendering.\",\n            \"environmentLabel\": null,\n            \"label\": \"Recoverable Error\",\n            \"source\": null,\n@@ -525,7 +525,7 @@ describe('Error overlay for hydration errors in Pages router', () => {\n            \"stack\": [],\n          },\n          {\n-           \"description\": \"Error: There was an error while hydrating. Because the error happened outside of a Suspense boundary, the entire root will switch to client rendering.\",\n+           \"description\": \"There was an error while hydrating. Because the error happened outside of a Suspense boundary, the entire root will switch to client rendering.\",\n            \"environmentLabel\": null,\n            \"label\": \"Recoverable Error\",\n            \"source\": null,\n@@ -612,7 +612,7 @@ describe('Error overlay for hydration errors in Pages router', () => {\n            \"stack\": [],\n          },\n          {\n-           \"description\": \"Error: There was an error while hydrating. Because the error happened outside of a Suspense boundary, the entire root will switch to client rendering.\",\n+           \"description\": \"There was an error while hydrating. Because the error happened outside of a Suspense boundary, the entire root will switch to client rendering.\",\n            \"environmentLabel\": null,\n            \"label\": \"Recoverable Error\",\n            \"source\": null,\n@@ -709,7 +709,7 @@ describe('Error overlay for hydration errors in Pages router', () => {\n            \"stack\": [],\n          },\n          {\n-           \"description\": \"Error: There was an error while hydrating this Suspense boundary. Switched to client rendering.\",\n+           \"description\": \"There was an error while hydrating this Suspense boundary. Switched to client rendering.\",\n            \"environmentLabel\": null,\n            \"label\": \"Recoverable Error\",\n            \"source\": null,\n@@ -830,7 +830,7 @@ describe('Error overlay for hydration errors in Pages router', () => {\n            \"stack\": [],\n          },\n          {\n-           \"description\": \"Error: There was an error while hydrating. Because the error happened outside of a Suspense boundary, the entire root will switch to client rendering.\",\n+           \"description\": \"There was an error while hydrating. Because the error happened outside of a Suspense boundary, the entire root will switch to client rendering.\",\n            \"environmentLabel\": null,\n            \"label\": \"Recoverable Error\",\n            \"source\": null,\n@@ -926,7 +926,7 @@ describe('Error overlay for hydration errors in Pages router', () => {\n            \"stack\": [],\n          },\n          {\n-           \"description\": \"Error: There was an error while hydrating. Because the error happened outside of a Suspense boundary, the entire root will switch to client rendering.\",\n+           \"description\": \"There was an error while hydrating. Because the error happened outside of a Suspense boundary, the entire root will switch to client rendering.\",\n            \"environmentLabel\": null,\n            \"label\": \"Recoverable Error\",\n            \"source\": null,\n@@ -1010,7 +1010,7 @@ describe('Error overlay for hydration errors in Pages router', () => {\n            \"stack\": [],\n          },\n          {\n-           \"description\": \"Error: There was an error while hydrating. Because the error happened outside of a Suspense boundary, the entire root will switch to client rendering.\",\n+           \"description\": \"There was an error while hydrating. Because the error happened outside of a Suspense boundary, the entire root will switch to client rendering.\",\n            \"environmentLabel\": null,\n            \"label\": \"Recoverable Error\",\n            \"source\": null,\n@@ -1104,7 +1104,7 @@ describe('Error overlay for hydration errors in Pages router', () => {\n            \"stack\": [],\n          },\n          {\n-           \"description\": \"Error: There was an error while hydrating. Because the error happened outside of a Suspense boundary, the entire root will switch to client rendering.\",\n+           \"description\": \"There was an error while hydrating. Because the error happened outside of a Suspense boundary, the entire root will switch to client rendering.\",\n            \"environmentLabel\": null,\n            \"label\": \"Recoverable Error\",\n            \"source\": null,"
        },
        {
            "sha": "4d2706bdd26b21c25dccde141329b6dd0b927440",
            "filename": "test/development/app-dir/capture-console-error-owner-stack/capture-console-error-owner-stack.test.ts",
            "status": "modified",
            "additions": 2,
            "deletions": 2,
            "changes": 4,
            "blob_url": "https://github.com/vercel/next.js/blob/8ea7d4bb3502e27744d3af586f5f550c43d847ee/test%2Fdevelopment%2Fapp-dir%2Fcapture-console-error-owner-stack%2Fcapture-console-error-owner-stack.test.ts",
            "raw_url": "https://github.com/vercel/next.js/raw/8ea7d4bb3502e27744d3af586f5f550c43d847ee/test%2Fdevelopment%2Fapp-dir%2Fcapture-console-error-owner-stack%2Fcapture-console-error-owner-stack.test.ts",
            "contents_url": "https://api.github.com/repos/vercel/next.js/contents/test%2Fdevelopment%2Fapp-dir%2Fcapture-console-error-owner-stack%2Fcapture-console-error-owner-stack.test.ts?ref=8ea7d4bb3502e27744d3af586f5f550c43d847ee",
            "patch": "@@ -86,7 +86,7 @@ describe('app-dir - capture-console-error-owner-stack', () => {\n \n     await expect(browser).toDisplayCollapsedRedbox(`\n      {\n-       \"description\": \"Error: page error\",\n+       \"description\": \"page error\",\n        \"environmentLabel\": null,\n        \"label\": \"Console Error\",\n        \"source\": \"app/ssr-error-instance/page.js (4:17) @ Page\n@@ -104,7 +104,7 @@ describe('app-dir - capture-console-error-owner-stack', () => {\n \n     await expect(browser).toDisplayCollapsedRedbox(`\n        {\n-         \"description\": \"Error: boom\",\n+         \"description\": \"boom\",\n          \"environmentLabel\": \"Server\",\n          \"label\": \"Console Error\",\n          \"source\": \"app/rsc/page.js (2:17) @ Page"
        },
        {
            "sha": "357660515c0463e81dd9811fc62c5a125ca3873c",
            "filename": "test/development/app-dir/dynamic-error-trace/index.test.ts",
            "status": "modified",
            "additions": 1,
            "deletions": 1,
            "changes": 2,
            "blob_url": "https://github.com/vercel/next.js/blob/8ea7d4bb3502e27744d3af586f5f550c43d847ee/test%2Fdevelopment%2Fapp-dir%2Fdynamic-error-trace%2Findex.test.ts",
            "raw_url": "https://github.com/vercel/next.js/raw/8ea7d4bb3502e27744d3af586f5f550c43d847ee/test%2Fdevelopment%2Fapp-dir%2Fdynamic-error-trace%2Findex.test.ts",
            "contents_url": "https://api.github.com/repos/vercel/next.js/contents/test%2Fdevelopment%2Fapp-dir%2Fdynamic-error-trace%2Findex.test.ts?ref=8ea7d4bb3502e27744d3af586f5f550c43d847ee",
            "patch": "@@ -13,7 +13,7 @@ describe('app dir - dynamic error trace', () => {\n     // TODO(veil): Where is the stackframe for app/page.js?\n     await expect(browser).toDisplayRedbox(`\n      {\n-       \"description\": \"Error: Route / with \\`dynamic = \"error\"\\` couldn't be rendered statically because it used \\`headers\\`. See more info here: https://nextjs.org/docs/app/building-your-application/rendering/static-and-dynamic#dynamic-rendering\",\n+       \"description\": \"Route / with \\`dynamic = \"error\"\\` couldn't be rendered statically because it used \\`headers\\`. See more info here: https://nextjs.org/docs/app/building-your-application/rendering/static-and-dynamic#dynamic-rendering\",\n        \"environmentLabel\": \"Server\",\n        \"label\": \"Runtime Error\",\n        \"source\": \"app/lib.js (4:13) @ Foo"
        },
        {
            "sha": "60f3e399d27c61bda83ed22aba5d8e56c3ac3aa9",
            "filename": "test/development/app-dir/dynamic-io-dev-errors/dynamic-io-dev-errors.test.ts",
            "status": "modified",
            "additions": 4,
            "deletions": 4,
            "changes": 8,
            "blob_url": "https://github.com/vercel/next.js/blob/8ea7d4bb3502e27744d3af586f5f550c43d847ee/test%2Fdevelopment%2Fapp-dir%2Fdynamic-io-dev-errors%2Fdynamic-io-dev-errors.test.ts",
            "raw_url": "https://github.com/vercel/next.js/raw/8ea7d4bb3502e27744d3af586f5f550c43d847ee/test%2Fdevelopment%2Fapp-dir%2Fdynamic-io-dev-errors%2Fdynamic-io-dev-errors.test.ts",
            "contents_url": "https://api.github.com/repos/vercel/next.js/contents/test%2Fdevelopment%2Fapp-dir%2Fdynamic-io-dev-errors%2Fdynamic-io-dev-errors.test.ts?ref=8ea7d4bb3502e27744d3af586f5f550c43d847ee",
            "patch": "@@ -14,7 +14,7 @@ describe('Dynamic IO Dev Errors', () => {\n \n     await expect(browser).toDisplayCollapsedRedbox(`\n        {\n-         \"description\": \"Error: Route \"/error\" used \\`Math.random()\\` outside of \\`\"use cache\"\\` and without explicitly calling \\`await connection()\\` beforehand. See more info here: https://nextjs.org/docs/messages/next-prerender-random\",\n+         \"description\": \"Route \"/error\" used \\`Math.random()\\` outside of \\`\"use cache\"\\` and without explicitly calling \\`await connection()\\` beforehand. See more info here: https://nextjs.org/docs/messages/next-prerender-random\",\n          \"environmentLabel\": \"Server\",\n          \"label\": \"Console Error\",\n          \"source\": \"app/error/page.tsx (2:23) @ Page\n@@ -40,7 +40,7 @@ describe('Dynamic IO Dev Errors', () => {\n \n     await expect(browser).toDisplayCollapsedRedbox(`\n        {\n-         \"description\": \"Error: Route \"/error\" used \\`Math.random()\\` outside of \\`\"use cache\"\\` and without explicitly calling \\`await connection()\\` beforehand. See more info here: https://nextjs.org/docs/messages/next-prerender-random\",\n+         \"description\": \"Route \"/error\" used \\`Math.random()\\` outside of \\`\"use cache\"\\` and without explicitly calling \\`await connection()\\` beforehand. See more info here: https://nextjs.org/docs/messages/next-prerender-random\",\n          \"environmentLabel\": \"Server\",\n          \"label\": \"Console Error\",\n          \"source\": \"app/error/page.tsx (2:23) @ Page\n@@ -100,7 +100,7 @@ describe('Dynamic IO Dev Errors', () => {\n \n     await expect(browser).toDisplayCollapsedRedbox(`\n        {\n-         \"description\": \"Error: Route \"/no-accessed-data\": A component accessed data, headers, params, searchParams, or a short-lived cache without a Suspense boundary nor a \"use cache\" above it. We don't have the exact line number added to error messages yet but you can see which component in the stack below. See more info: https://nextjs.org/docs/messages/next-prerender-missing-suspense\",\n+         \"description\": \"Route \"/no-accessed-data\": A component accessed data, headers, params, searchParams, or a short-lived cache without a Suspense boundary nor a \"use cache\" above it. We don't have the exact line number added to error messages yet but you can see which component in the stack below. See more info: https://nextjs.org/docs/messages/next-prerender-missing-suspense\",\n          \"environmentLabel\": \"Server\",\n          \"label\": \"Console Error\",\n          \"source\": null,\n@@ -151,7 +151,7 @@ describe('Dynamic IO Dev Errors', () => {\n     } else {\n       await expect(browser).toDisplayRedbox(`\n        {\n-         \"description\": \"Error:   x Route segment config \"revalidate\" is not compatible with \\`nextConfig.experimental.dynamicIO\\`. Please remove it.\",\n+         \"description\": \"  x Route segment config \"revalidate\" is not compatible with \\`nextConfig.experimental.dynamicIO\\`. Please remove it.\",\n          \"environmentLabel\": null,\n          \"label\": \"Build Error\",\n          \"source\": \"./app/page.tsx"
        },
        {
            "sha": "bb42a3ffa93cc9e516d9deed610f9f8b3421fc77",
            "filename": "test/development/app-dir/hook-function-names/hook-function-names.test.ts",
            "status": "modified",
            "additions": 2,
            "deletions": 2,
            "changes": 4,
            "blob_url": "https://github.com/vercel/next.js/blob/8ea7d4bb3502e27744d3af586f5f550c43d847ee/test%2Fdevelopment%2Fapp-dir%2Fhook-function-names%2Fhook-function-names.test.ts",
            "raw_url": "https://github.com/vercel/next.js/raw/8ea7d4bb3502e27744d3af586f5f550c43d847ee/test%2Fdevelopment%2Fapp-dir%2Fhook-function-names%2Fhook-function-names.test.ts",
            "contents_url": "https://api.github.com/repos/vercel/next.js/contents/test%2Fdevelopment%2Fapp-dir%2Fhook-function-names%2Fhook-function-names.test.ts?ref=8ea7d4bb3502e27744d3af586f5f550c43d847ee",
            "patch": "@@ -12,7 +12,7 @@ describe('hook-function-names', () => {\n \n     await expect(browser).toDisplayCollapsedRedbox(`\n      {\n-       \"description\": \"Error: Kaputt!\",\n+       \"description\": \"Kaputt!\",\n        \"environmentLabel\": null,\n        \"label\": \"Runtime Error\",\n        \"source\": \"app/button/page.tsx (7:11) @ Button.useCallback[handleClick]\n@@ -33,7 +33,7 @@ describe('hook-function-names', () => {\n \n     await expect(browser).toDisplayRedbox(`\n      {\n-       \"description\": \"Error: error in useEffect\",\n+       \"description\": \"error in useEffect\",\n        \"environmentLabel\": null,\n        \"label\": \"Runtime Error\",\n        \"source\": \"app/page.tsx (7:11) @ Page.useEffect"
        },
        {
            "sha": "fc7d4bce710bdd12e0da442187152d7810b03a53",
            "filename": "test/development/app-dir/hydration-error-count/hydration-error-count.test.ts",
            "status": "modified",
            "additions": 1,
            "deletions": 1,
            "changes": 2,
            "blob_url": "https://github.com/vercel/next.js/blob/8ea7d4bb3502e27744d3af586f5f550c43d847ee/test%2Fdevelopment%2Fapp-dir%2Fhydration-error-count%2Fhydration-error-count.test.ts",
            "raw_url": "https://github.com/vercel/next.js/raw/8ea7d4bb3502e27744d3af586f5f550c43d847ee/test%2Fdevelopment%2Fapp-dir%2Fhydration-error-count%2Fhydration-error-count.test.ts",
            "contents_url": "https://api.github.com/repos/vercel/next.js/contents/test%2Fdevelopment%2Fapp-dir%2Fhydration-error-count%2Fhydration-error-count.test.ts?ref=8ea7d4bb3502e27744d3af586f5f550c43d847ee",
            "patch": "@@ -206,7 +206,7 @@ describe('hydration-error-count', () => {\n          ],\n        },\n        {\n-         \"description\": \"Error: runtime error\",\n+         \"description\": \"runtime error\",\n          \"environmentLabel\": null,\n          \"label\": \"Runtime Error\",\n          \"source\": \"app/hydration-with-runtime-errors/page.tsx (7:11) @ Page.useEffect"
        },
        {
            "sha": "5ec251ced402f282c1c1ec647a0850fed04361f0",
            "filename": "test/development/app-dir/missing-required-html-tags/index.test.ts",
            "status": "modified",
            "additions": 2,
            "deletions": 2,
            "changes": 4,
            "blob_url": "https://github.com/vercel/next.js/blob/8ea7d4bb3502e27744d3af586f5f550c43d847ee/test%2Fdevelopment%2Fapp-dir%2Fmissing-required-html-tags%2Findex.test.ts",
            "raw_url": "https://github.com/vercel/next.js/raw/8ea7d4bb3502e27744d3af586f5f550c43d847ee/test%2Fdevelopment%2Fapp-dir%2Fmissing-required-html-tags%2Findex.test.ts",
            "contents_url": "https://api.github.com/repos/vercel/next.js/contents/test%2Fdevelopment%2Fapp-dir%2Fmissing-required-html-tags%2Findex.test.ts?ref=8ea7d4bb3502e27744d3af586f5f550c43d847ee",
            "patch": "@@ -25,7 +25,7 @@ describe('app-dir - missing required html tags', () => {\n     await assertHasRedbox(browser)\n     await expect(browser).toDisplayRedbox(`\n      {\n-       \"description\": \"Error: Missing <html> and <body> tags in the root layout.\n+       \"description\": \"Missing <html> and <body> tags in the root layout.\n      Read more at https://nextjs.org/docs/messages/missing-root-layout-tags\",\n        \"environmentLabel\": null,\n        \"label\": \"Runtime Error\",\n@@ -46,7 +46,7 @@ describe('app-dir - missing required html tags', () => {\n \n     await expect(browser).toDisplayRedbox(`\n      {\n-       \"description\": \"Error: Missing <html> tags in the root layout.\n+       \"description\": \"Missing <html> tags in the root layout.\n      Read more at https://nextjs.org/docs/messages/missing-root-layout-tags\",\n        \"environmentLabel\": null,\n        \"label\": \"Runtime Error\","
        },
        {
            "sha": "132c7446f16cb928059b89aac212da9088190da1",
            "filename": "test/development/app-dir/owner-stack-invalid-element-type/owner-stack-invalid-element-type.test.ts",
            "status": "modified",
            "additions": 3,
            "deletions": 3,
            "changes": 6,
            "blob_url": "https://github.com/vercel/next.js/blob/8ea7d4bb3502e27744d3af586f5f550c43d847ee/test%2Fdevelopment%2Fapp-dir%2Fowner-stack-invalid-element-type%2Fowner-stack-invalid-element-type.test.ts",
            "raw_url": "https://github.com/vercel/next.js/raw/8ea7d4bb3502e27744d3af586f5f550c43d847ee/test%2Fdevelopment%2Fapp-dir%2Fowner-stack-invalid-element-type%2Fowner-stack-invalid-element-type.test.ts",
            "contents_url": "https://api.github.com/repos/vercel/next.js/contents/test%2Fdevelopment%2Fapp-dir%2Fowner-stack-invalid-element-type%2Fowner-stack-invalid-element-type.test.ts?ref=8ea7d4bb3502e27744d3af586f5f550c43d847ee",
            "patch": "@@ -10,7 +10,7 @@ describe('app-dir - owner-stack-invalid-element-type', () => {\n \n     await expect(browser).toDisplayRedbox(`\n      {\n-       \"description\": \"Error: Element type is invalid: expected a string (for built-in components) or a class/function (for composite components) but got: object. You likely forgot to export your component from the file it's defined in, or you might have mixed up default and named imports.\n+       \"description\": \"Element type is invalid: expected a string (for built-in components) or a class/function (for composite components) but got: object. You likely forgot to export your component from the file it's defined in, or you might have mixed up default and named imports.\n \n      Check the render method of \\`BrowserOnly\\`.\",\n        \"environmentLabel\": null,\n@@ -32,7 +32,7 @@ describe('app-dir - owner-stack-invalid-element-type', () => {\n \n     await expect(browser).toDisplayRedbox(`\n      {\n-       \"description\": \"Error: Element type is invalid: expected a string (for built-in components) or a class/function (for composite components) but got: object. You likely forgot to export your component from the file it's defined in, or you might have mixed up default and named imports.\n+       \"description\": \"Element type is invalid: expected a string (for built-in components) or a class/function (for composite components) but got: object. You likely forgot to export your component from the file it's defined in, or you might have mixed up default and named imports.\n \n      Check the render method of \\`Inner\\`.\",\n        \"environmentLabel\": null,\n@@ -53,7 +53,7 @@ describe('app-dir - owner-stack-invalid-element-type', () => {\n \n     await expect(browser).toDisplayRedbox(`\n      {\n-       \"description\": \"Error: Element type is invalid: expected a string (for built-in components) or a class/function (for composite components) but got: object. You likely forgot to export your component from the file it's defined in, or you might have mixed up default and named imports.\n+       \"description\": \"Element type is invalid: expected a string (for built-in components) or a class/function (for composite components) but got: object. You likely forgot to export your component from the file it's defined in, or you might have mixed up default and named imports.\n \n      Check the render method of \\`Inner\\`.\",\n        \"environmentLabel\": null,"
        },
        {
            "sha": "524b3f4bc12f58221007c0e53fdb6db4d91a1174",
            "filename": "test/development/app-dir/owner-stack/owner-stack.test.ts",
            "status": "modified",
            "additions": 4,
            "deletions": 4,
            "changes": 8,
            "blob_url": "https://github.com/vercel/next.js/blob/8ea7d4bb3502e27744d3af586f5f550c43d847ee/test%2Fdevelopment%2Fapp-dir%2Fowner-stack%2Fowner-stack.test.ts",
            "raw_url": "https://github.com/vercel/next.js/raw/8ea7d4bb3502e27744d3af586f5f550c43d847ee/test%2Fdevelopment%2Fapp-dir%2Fowner-stack%2Fowner-stack.test.ts",
            "contents_url": "https://api.github.com/repos/vercel/next.js/contents/test%2Fdevelopment%2Fapp-dir%2Fowner-stack%2Fowner-stack.test.ts?ref=8ea7d4bb3502e27744d3af586f5f550c43d847ee",
            "patch": "@@ -58,7 +58,7 @@ describe('app-dir - owner-stack', () => {\n \n     await expect(browser).toDisplayRedbox(`\n      {\n-       \"description\": \"Error: browser error\",\n+       \"description\": \"browser error\",\n        \"environmentLabel\": null,\n        \"label\": \"Runtime Error\",\n        \"source\": \"app/browser/uncaught/page.js (5:11) @ useThrowError\n@@ -93,7 +93,7 @@ describe('app-dir - owner-stack', () => {\n \n     await expect(browser).toDisplayCollapsedRedbox(`\n      {\n-       \"description\": \"Error: browser error\",\n+       \"description\": \"browser error\",\n        \"environmentLabel\": null,\n        \"label\": \"Runtime Error\",\n        \"source\": \"app/browser/caught/page.js (34:11) @ useThrowError\n@@ -130,7 +130,7 @@ describe('app-dir - owner-stack', () => {\n \n     await expect(browser).toDisplayRedbox(`\n      {\n-       \"description\": \"Error: ssr error\",\n+       \"description\": \"ssr error\",\n        \"environmentLabel\": null,\n        \"label\": \"Runtime Error\",\n        \"source\": \"app/ssr/page.js (4:9) @ useThrowError\n@@ -158,7 +158,7 @@ describe('app-dir - owner-stack', () => {\n \n     await expect(browser).toDisplayCollapsedRedbox(`\n      {\n-       \"description\": \"Error: string in rejected promise\",\n+       \"description\": \"string in rejected promise\",\n        \"environmentLabel\": null,\n        \"label\": \"Runtime Error\",\n        \"source\": null,"
        },
        {
            "sha": "2161cbc39ac8b968737e0f4796d3dabe51febefb",
            "filename": "test/development/app-dir/serialize-circular-error/serialize-circular-error.test.ts",
            "status": "modified",
            "additions": 10,
            "deletions": 11,
            "changes": 21,
            "blob_url": "https://github.com/vercel/next.js/blob/8ea7d4bb3502e27744d3af586f5f550c43d847ee/test%2Fdevelopment%2Fapp-dir%2Fserialize-circular-error%2Fserialize-circular-error.test.ts",
            "raw_url": "https://github.com/vercel/next.js/raw/8ea7d4bb3502e27744d3af586f5f550c43d847ee/test%2Fdevelopment%2Fapp-dir%2Fserialize-circular-error%2Fserialize-circular-error.test.ts",
            "contents_url": "https://api.github.com/repos/vercel/next.js/contents/test%2Fdevelopment%2Fapp-dir%2Fserialize-circular-error%2Fserialize-circular-error.test.ts?ref=8ea7d4bb3502e27744d3af586f5f550c43d847ee",
            "patch": "@@ -1,9 +1,5 @@\n import { nextTestSetup } from 'e2e-utils'\n-import {\n-  assertNoRedbox,\n-  assertHasRedbox,\n-  getRedboxDescription,\n-} from 'next-test-utils'\n+import { assertNoRedbox } from 'next-test-utils'\n \n describe('serialize-circular-error', () => {\n   const { next } = nextTestSetup({\n@@ -12,13 +8,16 @@ describe('serialize-circular-error', () => {\n \n   it('should serialize the object from server component in console correctly', async () => {\n     const browser = await next.browser('/')\n-    await assertHasRedbox(browser)\n-\n-    const description = await getRedboxDescription(browser)\n-    expect(description).toBe(\n-      `Error: An error occurred but serializing the error message failed.`\n-    )\n \n+    await expect(browser).toDisplayRedbox(`\n+     {\n+       \"description\": \"An error occurred but serializing the error message failed.\",\n+       \"environmentLabel\": \"Server\",\n+       \"label\": \"Runtime Error\",\n+       \"source\": null,\n+       \"stack\": [],\n+     }\n+    `)\n     const output = next.cliOutput\n     expect(output).toContain(\n       'Error: {\"objA\":{\"other\":{\"a\":\"[Circular]\"}},\"objB\":\"[Circular]\"}'"
        },
        {
            "sha": "d93c38f28c41df838d30e91abe6b8867cb348764",
            "filename": "test/development/app-dir/server-component-next-dynamic-ssr-false/server-component-next-dynamic-ssr-false.test.ts",
            "status": "modified",
            "additions": 1,
            "deletions": 1,
            "changes": 2,
            "blob_url": "https://github.com/vercel/next.js/blob/8ea7d4bb3502e27744d3af586f5f550c43d847ee/test%2Fdevelopment%2Fapp-dir%2Fserver-component-next-dynamic-ssr-false%2Fserver-component-next-dynamic-ssr-false.test.ts",
            "raw_url": "https://github.com/vercel/next.js/raw/8ea7d4bb3502e27744d3af586f5f550c43d847ee/test%2Fdevelopment%2Fapp-dir%2Fserver-component-next-dynamic-ssr-false%2Fserver-component-next-dynamic-ssr-false.test.ts",
            "contents_url": "https://api.github.com/repos/vercel/next.js/contents/test%2Fdevelopment%2Fapp-dir%2Fserver-component-next-dynamic-ssr-false%2Fserver-component-next-dynamic-ssr-false.test.ts?ref=8ea7d4bb3502e27744d3af586f5f550c43d847ee",
            "patch": "@@ -37,7 +37,7 @@ describe('app-dir - server-component-next-dynamic-ssr-false', () => {\n         `)\n     } else {\n       expect(redbox.description).toMatchInlineSnapshot(\n-        `\"Error:   x \\`ssr: false\\` is not allowed with \\`next/dynamic\\` in Server Components. Please move it into a Client Component.\"`\n+        `\"  x \\`ssr: false\\` is not allowed with \\`next/dynamic\\` in Server Components. Please move it into a Client Component.\"`\n       )\n       expect(redbox.source).toMatchInlineSnapshot(`\n          \"./app/page.js"
        },
        {
            "sha": "10dde5e7e8d9430365feeb5ead56e4d20e2a42d3",
            "filename": "test/development/app-dir/server-navigation-error/server-navigation-error.test.ts",
            "status": "modified",
            "additions": 8,
            "deletions": 8,
            "changes": 16,
            "blob_url": "https://github.com/vercel/next.js/blob/8ea7d4bb3502e27744d3af586f5f550c43d847ee/test%2Fdevelopment%2Fapp-dir%2Fserver-navigation-error%2Fserver-navigation-error.test.ts",
            "raw_url": "https://github.com/vercel/next.js/raw/8ea7d4bb3502e27744d3af586f5f550c43d847ee/test%2Fdevelopment%2Fapp-dir%2Fserver-navigation-error%2Fserver-navigation-error.test.ts",
            "contents_url": "https://api.github.com/repos/vercel/next.js/contents/test%2Fdevelopment%2Fapp-dir%2Fserver-navigation-error%2Fserver-navigation-error.test.ts?ref=8ea7d4bb3502e27744d3af586f5f550c43d847ee",
            "patch": "@@ -12,7 +12,7 @@ describe('server-navigation-error', () => {\n       if (isTurbopack) {\n         await expect(browser).toDisplayRedbox(`\n          {\n-           \"description\": \"Error: Next.js navigation API is not allowed to be used in Pages Router.\",\n+           \"description\": \"Next.js navigation API is not allowed to be used in Pages Router.\",\n            \"environmentLabel\": null,\n            \"label\": \"Runtime Error\",\n            \"source\": \"pages/pages/redirect.tsx (4:11) @ Page\n@@ -26,7 +26,7 @@ describe('server-navigation-error', () => {\n       } else {\n         await expect(browser).toDisplayRedbox(`\n          {\n-           \"description\": \"Error: Next.js navigation API is not allowed to be used in Pages Router.\",\n+           \"description\": \"Next.js navigation API is not allowed to be used in Pages Router.\",\n            \"environmentLabel\": null,\n            \"label\": \"Runtime Error\",\n            \"source\": \"pages/pages/redirect.tsx (4:11) @ Page\n@@ -46,7 +46,7 @@ describe('server-navigation-error', () => {\n       if (isTurbopack) {\n         await expect(browser).toDisplayRedbox(`\n          {\n-           \"description\": \"Error: Next.js navigation API is not allowed to be used in Pages Router.\",\n+           \"description\": \"Next.js navigation API is not allowed to be used in Pages Router.\",\n            \"environmentLabel\": null,\n            \"label\": \"Runtime Error\",\n            \"source\": \"pages/pages/not-found.tsx (4:11) @ Page\n@@ -60,7 +60,7 @@ describe('server-navigation-error', () => {\n       } else {\n         await expect(browser).toDisplayRedbox(`\n          {\n-           \"description\": \"Error: Next.js navigation API is not allowed to be used in Pages Router.\",\n+           \"description\": \"Next.js navigation API is not allowed to be used in Pages Router.\",\n            \"environmentLabel\": null,\n            \"label\": \"Runtime Error\",\n            \"source\": \"pages/pages/not-found.tsx (4:11) @ Page\n@@ -85,7 +85,7 @@ describe('server-navigation-error', () => {\n       if (isTurbopack) {\n         await expect(browser).toDisplayRedbox(`\n          {\n-           \"description\": \"Error: Next.js navigation API is not allowed to be used in Middleware.\",\n+           \"description\": \"Next.js navigation API is not allowed to be used in Middleware.\",\n            \"environmentLabel\": null,\n            \"label\": \"Runtime Error\",\n            \"source\": \"middleware.ts (8:12) @ middleware\n@@ -99,7 +99,7 @@ describe('server-navigation-error', () => {\n       } else {\n         await expect(browser).toDisplayRedbox(`\n          {\n-           \"description\": \"Error: Next.js navigation API is not allowed to be used in Middleware.\",\n+           \"description\": \"Next.js navigation API is not allowed to be used in Middleware.\",\n            \"environmentLabel\": null,\n            \"label\": \"Runtime Error\",\n            \"source\": \"middleware.ts (8:13) @ middleware\n@@ -120,7 +120,7 @@ describe('server-navigation-error', () => {\n       if (isTurbopack) {\n         await expect(browser).toDisplayRedbox(`\n          {\n-           \"description\": \"Error: Next.js navigation API is not allowed to be used in Middleware.\",\n+           \"description\": \"Next.js navigation API is not allowed to be used in Middleware.\",\n            \"environmentLabel\": null,\n            \"label\": \"Runtime Error\",\n            \"source\": \"middleware.ts (6:12) @ middleware\n@@ -134,7 +134,7 @@ describe('server-navigation-error', () => {\n       } else {\n         await expect(browser).toDisplayRedbox(`\n          {\n-           \"description\": \"Error: Next.js navigation API is not allowed to be used in Middleware.\",\n+           \"description\": \"Next.js navigation API is not allowed to be used in Middleware.\",\n            \"environmentLabel\": null,\n            \"label\": \"Runtime Error\",\n            \"source\": \"middleware.ts (6:13) @ middleware"
        },
        {
            "sha": "3d9ca87bce0675cf67f2f447966b5ed5ab1add42",
            "filename": "test/development/app-dir/ssr-in-rsc/ssr-in-rsc.test.ts",
            "status": "modified",
            "additions": 18,
            "deletions": 18,
            "changes": 36,
            "blob_url": "https://github.com/vercel/next.js/blob/8ea7d4bb3502e27744d3af586f5f550c43d847ee/test%2Fdevelopment%2Fapp-dir%2Fssr-in-rsc%2Fssr-in-rsc.test.ts",
            "raw_url": "https://github.com/vercel/next.js/raw/8ea7d4bb3502e27744d3af586f5f550c43d847ee/test%2Fdevelopment%2Fapp-dir%2Fssr-in-rsc%2Fssr-in-rsc.test.ts",
            "contents_url": "https://api.github.com/repos/vercel/next.js/contents/test%2Fdevelopment%2Fapp-dir%2Fssr-in-rsc%2Fssr-in-rsc.test.ts?ref=8ea7d4bb3502e27744d3af586f5f550c43d847ee",
            "patch": "@@ -284,7 +284,7 @@ describe('react-dom/server in React Server environment', () => {\n       // Observed: `./node_modules/.pnpm/next@file+..+next-repo.../page.js?__next_edge_ssr_entry__\n       expect(browser).toDisplayRedbox(`\n        {\n-         \"description\": \"Error:   x You're importing a component that imports react-dom/server. To fix it, render or return the content directly as a Server Component instead for perf and security.\",\n+         \"description\": \"  x You're importing a component that imports react-dom/server. To fix it, render or return the content directly as a Server Component instead for perf and security.\",\n          \"environmentLabel\": null,\n          \"label\": \"Build Error\",\n          \"source\": \"<FIXME-nextjs-internal-source>\n@@ -326,7 +326,7 @@ describe('react-dom/server in React Server environment', () => {\n       if (isReact18) {\n         expect(redbox).toMatchInlineSnapshot(`\n           {\n-            \"description\": \"TypeError: Cannot read properties of undefined (reading 'ReactCurrentDispatcher')\",\n+            \"description\": \"Cannot read properties of undefined (reading 'ReactCurrentDispatcher')\",\n             \"source\": \"app/exports/app-code/react-dom-server-node-explicit/page.js (1:1) @ [project]/app/exports/app-code/react-dom-server-node-explicit/page.js [app-rsc] (ecmascript)\n \n           > 1 | import * as ReactDOMServerNode from 'react-dom/server.node'\n@@ -339,7 +339,7 @@ describe('react-dom/server in React Server environment', () => {\n       } else {\n         expect(redbox).toMatchInlineSnapshot(`\n           {\n-            \"description\": \"Error: react-dom/server is not supported in React Server Components.\",\n+            \"description\": \"react-dom/server is not supported in React Server Components.\",\n             \"source\": \"app/exports/app-code/react-dom-server-node-explicit/page.js (1:1) @ [project]/app/exports/app-code/react-dom-server-node-explicit/page.js [app-rsc] (ecmascript)\n \n           > 1 | import * as ReactDOMServerNode from 'react-dom/server.node'\n@@ -354,14 +354,14 @@ describe('react-dom/server in React Server environment', () => {\n       if (isReact18) {\n         expect(redbox).toMatchInlineSnapshot(`\n           {\n-            \"description\": \"TypeError: Cannot read properties of undefined (reading 'ReactCurrentDispatcher')\",\n+            \"description\": \"Cannot read properties of undefined (reading 'ReactCurrentDispatcher')\",\n             \"source\": null,\n           }\n         `)\n       } else {\n         expect(redbox).toMatchInlineSnapshot(`\n           {\n-            \"description\": \"Error: react-dom/server is not supported in React Server Components.\",\n+            \"description\": \"react-dom/server is not supported in React Server Components.\",\n             \"source\": null,\n           }\n         `)\n@@ -400,7 +400,7 @@ describe('react-dom/server in React Server environment', () => {\n     } else {\n       expect(redbox).toMatchInlineSnapshot(`\n        {\n-         \"description\": \"Error:   x You're importing a component that imports react-dom/server. To fix it, render or return the content directly as a Server Component instead for perf and security.\",\n+         \"description\": \"  x You're importing a component that imports react-dom/server. To fix it, render or return the content directly as a Server Component instead for perf and security.\",\n          \"source\": \"./app/exports/app-code/react-dom-server-node-implicit/page.js\n        Error:   x You're importing a component that imports react-dom/server. To fix it, render or return the content directly as a Server Component instead for perf and security.\n          | Learn more: https://nextjs.org/docs/app/building-your-application/rendering\n@@ -439,7 +439,7 @@ describe('react-dom/server in React Server environment', () => {\n       if (isReact18) {\n         expect(redbox).toMatchInlineSnapshot(`\n           {\n-            \"description\": \"TypeError: Cannot read properties of undefined (reading 'ReactCurrentDispatcher')\",\n+            \"description\": \"Cannot read properties of undefined (reading 'ReactCurrentDispatcher')\",\n             \"source\": \"internal-pkg/server.node.js (1:1) @ [project]/internal-pkg/server.node.js [app-rsc] (ecmascript)\n \n           > 1 | import * as ReactDOMServerEdge from 'react-dom/server.node'\n@@ -452,7 +452,7 @@ describe('react-dom/server in React Server environment', () => {\n       } else {\n         expect(redbox).toMatchInlineSnapshot(`\n           {\n-            \"description\": \"Error: react-dom/server is not supported in React Server Components.\",\n+            \"description\": \"react-dom/server is not supported in React Server Components.\",\n             \"source\": \"internal-pkg/server.node.js (1:1) @ [project]/internal-pkg/server.node.js [app-rsc] (ecmascript)\n \n           > 1 | import * as ReactDOMServerEdge from 'react-dom/server.node'\n@@ -467,14 +467,14 @@ describe('react-dom/server in React Server environment', () => {\n       if (isReact18) {\n         expect(redbox).toMatchInlineSnapshot(`\n           {\n-            \"description\": \"TypeError: Cannot read properties of undefined (reading 'ReactCurrentDispatcher')\",\n+            \"description\": \"Cannot read properties of undefined (reading 'ReactCurrentDispatcher')\",\n             \"source\": null,\n           }\n         `)\n       } else {\n         expect(redbox).toMatchInlineSnapshot(`\n           {\n-            \"description\": \"Error: react-dom/server is not supported in React Server Components.\",\n+            \"description\": \"react-dom/server is not supported in React Server Components.\",\n             \"source\": null,\n           }\n         `)\n@@ -737,7 +737,7 @@ describe('react-dom/server in React Server environment', () => {\n       if (isReact18) {\n         expect(redbox).toMatchInlineSnapshot(`\n           {\n-            \"description\": \"TypeError: Cannot read properties of undefined (reading 'ReactCurrentDispatcher')\",\n+            \"description\": \"Cannot read properties of undefined (reading 'ReactCurrentDispatcher')\",\n             \"source\": \"internal-pkg/server.node.js (1:1) @ [project]/internal-pkg/server.node.js [app-rsc] (ecmascript)\n \n           > 1 | import * as ReactDOMServerEdge from 'react-dom/server.node'\n@@ -750,7 +750,7 @@ describe('react-dom/server in React Server environment', () => {\n       } else {\n         expect(redbox).toMatchInlineSnapshot(`\n           {\n-            \"description\": \"Error: react-dom/server is not supported in React Server Components.\",\n+            \"description\": \"react-dom/server is not supported in React Server Components.\",\n             \"source\": \"internal-pkg/server.node.js (1:1) @ [project]/internal-pkg/server.node.js [app-rsc] (ecmascript)\n \n           > 1 | import * as ReactDOMServerEdge from 'react-dom/server.node'\n@@ -765,14 +765,14 @@ describe('react-dom/server in React Server environment', () => {\n       if (isReact18) {\n         expect(redbox).toMatchInlineSnapshot(`\n           {\n-            \"description\": \"TypeError: Cannot read properties of undefined (reading 'ReactCurrentDispatcher')\",\n+            \"description\": \"Cannot read properties of undefined (reading 'ReactCurrentDispatcher')\",\n             \"source\": null,\n           }\n         `)\n       } else {\n         expect(redbox).toMatchInlineSnapshot(`\n           {\n-            \"description\": \"Error: react-dom/server is not supported in React Server Components.\",\n+            \"description\": \"react-dom/server is not supported in React Server Components.\",\n             \"source\": null,\n           }\n         `)\n@@ -795,7 +795,7 @@ describe('react-dom/server in React Server environment', () => {\n       if (isReact18) {\n         expect(redbox).toMatchInlineSnapshot(`\n           {\n-            \"description\": \"TypeError: Cannot read properties of undefined (reading 'ReactCurrentDispatcher')\",\n+            \"description\": \"Cannot read properties of undefined (reading 'ReactCurrentDispatcher')\",\n             \"source\": \"internal-pkg/server.node.js (1:1) @ [project]/internal-pkg/server.node.js [app-rsc] (ecmascript)\n \n           > 1 | import * as ReactDOMServerEdge from 'react-dom/server.node'\n@@ -808,7 +808,7 @@ describe('react-dom/server in React Server environment', () => {\n       } else {\n         expect(redbox).toMatchInlineSnapshot(`\n          {\n-           \"description\": \"Error: react-dom/server is not supported in React Server Components.\",\n+           \"description\": \"react-dom/server is not supported in React Server Components.\",\n            \"source\": \"internal-pkg/server.node.js (1:1) @ [project]/internal-pkg/server.node.js [app-rsc] (ecmascript)\n \n          > 1 | import * as ReactDOMServerEdge from 'react-dom/server.node'\n@@ -823,14 +823,14 @@ describe('react-dom/server in React Server environment', () => {\n       if (isReact18) {\n         expect(redbox).toMatchInlineSnapshot(`\n           {\n-            \"description\": \"TypeError: Cannot read properties of undefined (reading 'ReactCurrentDispatcher')\",\n+            \"description\": \"Cannot read properties of undefined (reading 'ReactCurrentDispatcher')\",\n             \"source\": null,\n           }\n         `)\n       } else {\n         expect(redbox).toMatchInlineSnapshot(`\n           {\n-            \"description\": \"Error: react-dom/server is not supported in React Server Components.\",\n+            \"description\": \"react-dom/server is not supported in React Server Components.\",\n             \"source\": null,\n           }\n         `)"
        },
        {
            "sha": "79c7a95b1ec2bcd1994335fc55cd940392090d33",
            "filename": "test/development/app-dir/ssr-only-error/ssr-only-error.test.ts",
            "status": "modified",
            "additions": 1,
            "deletions": 1,
            "changes": 2,
            "blob_url": "https://github.com/vercel/next.js/blob/8ea7d4bb3502e27744d3af586f5f550c43d847ee/test%2Fdevelopment%2Fapp-dir%2Fssr-only-error%2Fssr-only-error.test.ts",
            "raw_url": "https://github.com/vercel/next.js/raw/8ea7d4bb3502e27744d3af586f5f550c43d847ee/test%2Fdevelopment%2Fapp-dir%2Fssr-only-error%2Fssr-only-error.test.ts",
            "contents_url": "https://api.github.com/repos/vercel/next.js/contents/test%2Fdevelopment%2Fapp-dir%2Fssr-only-error%2Fssr-only-error.test.ts?ref=8ea7d4bb3502e27744d3af586f5f550c43d847ee",
            "patch": "@@ -12,7 +12,7 @@ describe('ssr-only-error', () => {\n     // TODO(veil): Missing Owner Stack (NDX-905)\n     await expect(browser).toDisplayCollapsedRedbox(`\n      {\n-       \"description\": \"Error: SSR only error\",\n+       \"description\": \"SSR only error\",\n        \"environmentLabel\": null,\n        \"label\": \"Runtime Error\",\n        \"source\": \"app/page.tsx (5:11) @ Component"
        },
        {
            "sha": "48a4e17458bf09e0d08cdfb54059786eb17c6c13",
            "filename": "test/development/basic/gssp-ssr-change-reloading/test/index.test.ts",
            "status": "modified",
            "additions": 2,
            "deletions": 2,
            "changes": 4,
            "blob_url": "https://github.com/vercel/next.js/blob/8ea7d4bb3502e27744d3af586f5f550c43d847ee/test%2Fdevelopment%2Fbasic%2Fgssp-ssr-change-reloading%2Ftest%2Findex.test.ts",
            "raw_url": "https://github.com/vercel/next.js/raw/8ea7d4bb3502e27744d3af586f5f550c43d847ee/test%2Fdevelopment%2Fbasic%2Fgssp-ssr-change-reloading%2Ftest%2Findex.test.ts",
            "contents_url": "https://api.github.com/repos/vercel/next.js/contents/test%2Fdevelopment%2Fbasic%2Fgssp-ssr-change-reloading%2Ftest%2Findex.test.ts?ref=8ea7d4bb3502e27744d3af586f5f550c43d847ee",
            "patch": "@@ -274,7 +274,7 @@ describe('GS(S)P Server-Side Change Reloading', () => {\n \n       await expect(browser).toDisplayRedbox(`\n        {\n-         \"description\": \"Error: Additional keys were returned from \\`getStaticProps\\`. Properties intended for your component must be nested under the \\`props\\` key, e.g.:\n+         \"description\": \"Additional keys were returned from \\`getStaticProps\\`. Properties intended for your component must be nested under the \\`props\\` key, e.g.:\n \n        \treturn { props: { title: 'My Title', content: '...' } }\n \n@@ -315,7 +315,7 @@ describe('GS(S)P Server-Side Change Reloading', () => {\n \n       await expect(browser).toDisplayRedbox(`\n        {\n-         \"description\": \"Error: custom oops\",\n+         \"description\": \"custom oops\",\n          \"environmentLabel\": null,\n          \"label\": \"Runtime Error\",\n          \"source\": \"pages/index.js (18:9) @ getStaticProps"
        },
        {
            "sha": "60262d46a7f7507f150e0494a74a808c99e16616",
            "filename": "test/development/basic/hmr/error-recovery.test.ts",
            "status": "modified",
            "additions": 4,
            "deletions": 4,
            "changes": 8,
            "blob_url": "https://github.com/vercel/next.js/blob/8ea7d4bb3502e27744d3af586f5f550c43d847ee/test%2Fdevelopment%2Fbasic%2Fhmr%2Ferror-recovery.test.ts",
            "raw_url": "https://github.com/vercel/next.js/raw/8ea7d4bb3502e27744d3af586f5f550c43d847ee/test%2Fdevelopment%2Fbasic%2Fhmr%2Ferror-recovery.test.ts",
            "contents_url": "https://api.github.com/repos/vercel/next.js/contents/test%2Fdevelopment%2Fbasic%2Fhmr%2Ferror-recovery.test.ts?ref=8ea7d4bb3502e27744d3af586f5f550c43d847ee",
            "patch": "@@ -440,7 +440,7 @@ describe.each([\n \n         await assertHasRedbox(browser)\n         expect(await getRedboxDescription(browser)).toMatchInlineSnapshot(\n-          `\"Error: The default export is not a React Component in page: \"/hmr/about5\"\"`\n+          `\"The default export is not a React Component in page: \"/hmr/about5\"\"`\n         )\n \n         await next.patchFile(aboutPage, aboutContent)\n@@ -530,7 +530,7 @@ describe.each([\n \n         await assertHasRedbox(browser)\n         expect(await getRedboxDescription(browser)).toMatchInlineSnapshot(\n-          `\"Error: The default export is not a React Component in page: \"/hmr/about7\"\"`\n+          `\"The default export is not a React Component in page: \"/hmr/about7\"\"`\n         )\n \n         await next.patchFile(aboutPage, aboutContent)\n@@ -756,7 +756,7 @@ describe.each([\n \n         await assertHasRedbox(browser)\n         expect(await getRedboxDescription(browser)).toMatchInlineSnapshot(\n-          `\"Error: an-expected-error-in-gip\"`\n+          `\"an-expected-error-in-gip\"`\n         )\n \n         await next.patchFile(\n@@ -795,7 +795,7 @@ describe.each([\n       try {\n         await assertHasRedbox(browser)\n         expect(await getRedboxDescription(browser)).toMatchInlineSnapshot(\n-          `\"Error: an-expected-error-in-gip\"`\n+          `\"an-expected-error-in-gip\"`\n         )\n \n         const erroredPage = join('pages', 'hmr', 'error-in-gip.js')"
        },
        {
            "sha": "85aa84ffd830ce4171fee6cdda07c01ee06fa3b7",
            "filename": "test/development/basic/hmr/full-reload.test.ts",
            "status": "modified",
            "additions": 1,
            "deletions": 3,
            "changes": 4,
            "blob_url": "https://github.com/vercel/next.js/blob/8ea7d4bb3502e27744d3af586f5f550c43d847ee/test%2Fdevelopment%2Fbasic%2Fhmr%2Ffull-reload.test.ts",
            "raw_url": "https://github.com/vercel/next.js/raw/8ea7d4bb3502e27744d3af586f5f550c43d847ee/test%2Fdevelopment%2Fbasic%2Fhmr%2Ffull-reload.test.ts",
            "contents_url": "https://api.github.com/repos/vercel/next.js/contents/test%2Fdevelopment%2Fbasic%2Fhmr%2Ffull-reload.test.ts?ref=8ea7d4bb3502e27744d3af586f5f550c43d847ee",
            "patch": "@@ -63,9 +63,7 @@ describe.each([\n       'Fast Refresh had to perform a full reload due to a runtime error.'\n \n     await retry(async () => {\n-      expect(await getRedboxHeader(browser)).toMatch(\n-        /ReferenceError: whoops is not defined/\n-      )\n+      expect(await getRedboxHeader(browser)).toMatch(/whoops is not defined/)\n     })\n     expect(next.cliOutput.slice(start)).not.toContain(cliWarning)\n "
        },
        {
            "sha": "13d1049d759edb70ab52d6a0095c6361a6ae3abe",
            "filename": "test/development/middleware-errors/index.test.ts",
            "status": "modified",
            "additions": 10,
            "deletions": 10,
            "changes": 20,
            "blob_url": "https://github.com/vercel/next.js/blob/8ea7d4bb3502e27744d3af586f5f550c43d847ee/test%2Fdevelopment%2Fmiddleware-errors%2Findex.test.ts",
            "raw_url": "https://github.com/vercel/next.js/raw/8ea7d4bb3502e27744d3af586f5f550c43d847ee/test%2Fdevelopment%2Fmiddleware-errors%2Findex.test.ts",
            "contents_url": "https://api.github.com/repos/vercel/next.js/contents/test%2Fdevelopment%2Fmiddleware-errors%2Findex.test.ts?ref=8ea7d4bb3502e27744d3af586f5f550c43d847ee",
            "patch": "@@ -54,7 +54,7 @@ describe('middleware - development errors', () => {\n       if (isTurbopack) {\n         await expect(browser).toDisplayRedbox(`\n          {\n-           \"description\": \"Error: boom\",\n+           \"description\": \"boom\",\n            \"environmentLabel\": null,\n            \"label\": \"Runtime Error\",\n            \"source\": \"middleware.js (3:15) @\n@@ -69,7 +69,7 @@ describe('middleware - development errors', () => {\n       } else {\n         await expect(browser).toDisplayRedbox(`\n          {\n-           \"description\": \"Error: boom\",\n+           \"description\": \"boom\",\n            \"environmentLabel\": null,\n            \"label\": \"Runtime Error\",\n            \"source\": \"middleware.js (3:15) @ default\n@@ -202,9 +202,9 @@ describe('middleware - development errors', () => {\n       if (isTurbopack) {\n         await expect(browser).toDisplayRedbox(`\n          {\n-           \"description\": \"ReferenceError: test is not defined\",\n+           \"description\": \"test is not defined\",\n            \"environmentLabel\": null,\n-           \"label\": \"Runtime Error\",\n+           \"label\": \"Runtime ReferenceError\",\n            \"source\": \"middleware.js (4:9) @ eval\n          > 4 |         eval('test')\n              |         ^\",\n@@ -218,9 +218,9 @@ describe('middleware - development errors', () => {\n       } else {\n         await expect(browser).toDisplayRedbox(`\n          {\n-           \"description\": \"ReferenceError: test is not defined\",\n+           \"description\": \"test is not defined\",\n            \"environmentLabel\": null,\n-           \"label\": \"Runtime Error\",\n+           \"label\": \"Runtime ReferenceError\",\n            \"source\": \"middleware.js (4:9) @ eval\n          > 4 |         eval('test')\n              |         ^\",\n@@ -285,7 +285,7 @@ describe('middleware - development errors', () => {\n       if (isTurbopack) {\n         await expect(browser).toDisplayRedbox(`\n          {\n-           \"description\": \"Error: booooom!\",\n+           \"description\": \"booooom!\",\n            \"environmentLabel\": null,\n            \"label\": \"Runtime Error\",\n            \"source\": \"middleware.js (3:13) @ [project]/middleware.js [middleware-edge] (ecmascript)\n@@ -299,7 +299,7 @@ describe('middleware - development errors', () => {\n       } else {\n         await expect(browser).toDisplayRedbox(`\n          {\n-           \"description\": \"Error: booooom!\",\n+           \"description\": \"booooom!\",\n            \"environmentLabel\": null,\n            \"label\": \"Runtime Error\",\n            \"source\": \"middleware.js (3:13) @ eval\n@@ -439,7 +439,7 @@ describe('middleware - development errors', () => {\n       } else {\n         await expect(browser).toDisplayRedbox(`\n          {\n-           \"description\": \"Error:   x Expected '{', got '}'\",\n+           \"description\": \"  x Expected '{', got '}'\",\n            \"environmentLabel\": null,\n            \"label\": \"Build Error\",\n            \"source\": \"./middleware.js\n@@ -505,7 +505,7 @@ describe('middleware - development errors', () => {\n       } else {\n         await expect(browser).toDisplayRedbox(`\n          {\n-           \"description\": \"Error:   x Expected '{', got '}'\",\n+           \"description\": \"  x Expected '{', got '}'\",\n            \"environmentLabel\": null,\n            \"label\": \"Build Error\",\n            \"source\": \"./middleware.js"
        },
        {
            "sha": "d3c33e9067f1bf604af9dc1e4a3539f816236f7c",
            "filename": "test/development/pages-dir/client-navigation/index.test.ts",
            "status": "modified",
            "additions": 7,
            "deletions": 7,
            "changes": 14,
            "blob_url": "https://github.com/vercel/next.js/blob/8ea7d4bb3502e27744d3af586f5f550c43d847ee/test%2Fdevelopment%2Fpages-dir%2Fclient-navigation%2Findex.test.ts",
            "raw_url": "https://github.com/vercel/next.js/raw/8ea7d4bb3502e27744d3af586f5f550c43d847ee/test%2Fdevelopment%2Fpages-dir%2Fclient-navigation%2Findex.test.ts",
            "contents_url": "https://api.github.com/repos/vercel/next.js/contents/test%2Fdevelopment%2Fpages-dir%2Fclient-navigation%2Findex.test.ts?ref=8ea7d4bb3502e27744d3af586f5f550c43d847ee",
            "patch": "@@ -267,7 +267,7 @@ describe('Client Navigation', () => {\n       await browser.elementByCss('#empty-props').click()\n       await expect(browser).toDisplayRedbox(`\n          {\n-           \"description\": \"Error: \"EmptyInitialPropsPage.getInitialProps()\" should resolve to an object. But found \"null\" instead.\",\n+           \"description\": \"\"EmptyInitialPropsPage.getInitialProps()\" should resolve to an object. But found \"null\" instead.\",\n            \"environmentLabel\": null,\n            \"label\": \"Runtime Error\",\n            \"source\": null,\n@@ -1255,7 +1255,7 @@ describe('Client Navigation', () => {\n         await expect(browser).toDisplayRedbox(`\n          [\n            {\n-             \"description\": \"Error: An Expected error occurred\",\n+             \"description\": \"An Expected error occurred\",\n              \"environmentLabel\": null,\n              \"label\": \"Runtime Error\",\n              \"source\": \"pages/error-inside-browser-page.js (5:13) @ ErrorInRenderPage.render\n@@ -1266,7 +1266,7 @@ describe('Client Navigation', () => {\n              ],\n            },\n            {\n-             \"description\": \"Error: An Expected error occurred\",\n+             \"description\": \"An Expected error occurred\",\n              \"environmentLabel\": null,\n              \"label\": \"Runtime Error\",\n              \"source\": \"pages/error-inside-browser-page.js (5:13) @ ErrorInRenderPage.render\n@@ -1277,7 +1277,7 @@ describe('Client Navigation', () => {\n              ],\n            },\n            {\n-             \"description\": \"Error: There was an error while hydrating. Because the error happened outside of a Suspense boundary, the entire root will switch to client rendering.\",\n+             \"description\": \"There was an error while hydrating. Because the error happened outside of a Suspense boundary, the entire root will switch to client rendering.\",\n              \"environmentLabel\": null,\n              \"label\": \"Recoverable Error\",\n              \"source\": null,\n@@ -1288,7 +1288,7 @@ describe('Client Navigation', () => {\n       } else {\n         await expect(browser).toDisplayRedbox(`\n          {\n-           \"description\": \"Error: An Expected error occurred\",\n+           \"description\": \"An Expected error occurred\",\n            \"environmentLabel\": null,\n            \"label\": \"Runtime Error\",\n            \"source\": \"pages/error-inside-browser-page.js (5:13) @ ErrorInRenderPage.render\n@@ -1332,7 +1332,7 @@ describe('Client Navigation', () => {\n       if (isTurbopack) {\n         await expect(browser).toDisplayRedbox(`\n            {\n-             \"description\": \"Error: An Expected error occurred\",\n+             \"description\": \"An Expected error occurred\",\n              \"environmentLabel\": null,\n              \"label\": \"Runtime Error\",\n              \"source\": \"pages/error-in-the-browser-global-scope.js (2:9) @ [project]/pages/error-in-the-browser-global-scope.js [client] (ecmascript)\n@@ -1346,7 +1346,7 @@ describe('Client Navigation', () => {\n       } else {\n         await expect(browser).toDisplayRedbox(`\n            {\n-             \"description\": \"Error: An Expected error occurred\",\n+             \"description\": \"An Expected error occurred\",\n              \"environmentLabel\": null,\n              \"label\": \"Runtime Error\",\n              \"source\": \"pages/error-in-the-browser-global-scope.js (2:9) @ eval"
        },
        {
            "sha": "8ea0e9c9bdeed8dd0d8db29776dea7392f728c62",
            "filename": "test/development/pages-dir/client-navigation/rendering.test.ts",
            "status": "modified",
            "additions": 12,
            "deletions": 12,
            "changes": 24,
            "blob_url": "https://github.com/vercel/next.js/blob/8ea7d4bb3502e27744d3af586f5f550c43d847ee/test%2Fdevelopment%2Fpages-dir%2Fclient-navigation%2Frendering.test.ts",
            "raw_url": "https://github.com/vercel/next.js/raw/8ea7d4bb3502e27744d3af586f5f550c43d847ee/test%2Fdevelopment%2Fpages-dir%2Fclient-navigation%2Frendering.test.ts",
            "contents_url": "https://api.github.com/repos/vercel/next.js/contents/test%2Fdevelopment%2Fpages-dir%2Fclient-navigation%2Frendering.test.ts?ref=8ea7d4bb3502e27744d3af586f5f550c43d847ee",
            "patch": "@@ -131,7 +131,7 @@ describe('Client Navigation rendering', () => {\n       if (isReact18 && isTurbopack) {\n         await expect(browser).toDisplayRedbox(`\n          {\n-           \"description\": \"Error: Circular structure in \"getInitialProps\" result of page \"/circular-json-error\". https://nextjs.org/docs/messages/circular-structure\",\n+           \"description\": \"Circular structure in \"getInitialProps\" result of page \"/circular-json-error\". https://nextjs.org/docs/messages/circular-structure\",\n            \"environmentLabel\": null,\n            \"label\": \"Runtime Error\",\n            \"source\": null,\n@@ -143,7 +143,7 @@ describe('Client Navigation rendering', () => {\n       } else {\n         await expect(browser).toDisplayRedbox(`\n          {\n-           \"description\": \"Error: Circular structure in \"getInitialProps\" result of page \"/circular-json-error\". https://nextjs.org/docs/messages/circular-structure\",\n+           \"description\": \"Circular structure in \"getInitialProps\" result of page \"/circular-json-error\". https://nextjs.org/docs/messages/circular-structure\",\n            \"environmentLabel\": null,\n            \"label\": \"Runtime Error\",\n            \"source\": null,\n@@ -161,7 +161,7 @@ describe('Client Navigation rendering', () => {\n \n       await expect(browser).toDisplayRedbox(`\n        {\n-         \"description\": \"Error: \"InstanceInitialPropsPage.getInitialProps()\" is defined as an instance method - visit https://nextjs.org/docs/messages/get-initial-props-as-an-instance-method for more information.\",\n+         \"description\": \"\"InstanceInitialPropsPage.getInitialProps()\" is defined as an instance method - visit https://nextjs.org/docs/messages/get-initial-props-as-an-instance-method for more information.\",\n          \"environmentLabel\": null,\n          \"label\": \"Runtime Error\",\n          \"source\": null,\n@@ -175,7 +175,7 @@ describe('Client Navigation rendering', () => {\n \n       await expect(browser).toDisplayRedbox(`\n        {\n-         \"description\": \"Error: \"EmptyInitialPropsPage.getInitialProps()\" should resolve to an object. But found \"null\" instead.\",\n+         \"description\": \"\"EmptyInitialPropsPage.getInitialProps()\" should resolve to an object. But found \"null\" instead.\",\n          \"environmentLabel\": null,\n          \"label\": \"Runtime Error\",\n          \"source\": null,\n@@ -218,7 +218,7 @@ describe('Client Navigation rendering', () => {\n \n       await expect(browser).toDisplayRedbox(`\n        {\n-         \"description\": \"Error: The default export is not a React Component in page: \"/no-default-export\"\",\n+         \"description\": \"The default export is not a React Component in page: \"/no-default-export\"\",\n          \"environmentLabel\": null,\n          \"label\": \"Runtime Error\",\n          \"source\": null,\n@@ -233,7 +233,7 @@ describe('Client Navigation rendering', () => {\n       if (isTurbopack) {\n         await expect(browser).toDisplayRedbox(`\n          {\n-           \"description\": \"Error: This is an expected error\",\n+           \"description\": \"This is an expected error\",\n            \"environmentLabel\": null,\n            \"label\": \"Runtime Error\",\n            \"source\": \"pages/error-inside-page.js (2:9) @\n@@ -248,7 +248,7 @@ describe('Client Navigation rendering', () => {\n       } else {\n         await expect(browser).toDisplayRedbox(`\n          {\n-           \"description\": \"Error: This is an expected error\",\n+           \"description\": \"This is an expected error\",\n            \"environmentLabel\": null,\n            \"label\": \"Runtime Error\",\n            \"source\": \"pages/error-inside-page.js (2:9) @ default\n@@ -271,9 +271,9 @@ describe('Client Navigation rendering', () => {\n       if (isTurbopack) {\n         await expect(browser).toDisplayRedbox(`\n          {\n-           \"description\": \"ReferenceError: aa is not defined\",\n+           \"description\": \"aa is not defined\",\n            \"environmentLabel\": null,\n-           \"label\": \"Runtime Error\",\n+           \"label\": \"Runtime ReferenceError\",\n            \"source\": \"pages/error-in-the-global-scope.js (1:1) @ [project]/pages/error-in-the-global-scope.js [ssr] (ecmascript)\n          > 1 | aa = 10 //eslint-disable-line\n              | ^\",\n@@ -286,9 +286,9 @@ describe('Client Navigation rendering', () => {\n       } else {\n         await expect(browser).toDisplayRedbox(`\n          {\n-           \"description\": \"ReferenceError: aa is not defined\",\n+           \"description\": \"aa is not defined\",\n            \"environmentLabel\": null,\n-           \"label\": \"Runtime Error\",\n+           \"label\": \"Runtime ReferenceError\",\n            \"source\": \"pages/error-in-the-global-scope.js (1:1) @ eval\n          > 1 | aa = 10 //eslint-disable-line\n              | ^\",\n@@ -413,7 +413,7 @@ describe('Client Navigation rendering', () => {\n \n       await expect(browser).toDisplayRedbox(`\n        {\n-         \"description\": \"Error: An undefined error was thrown, see here for more info: https://nextjs.org/docs/messages/threw-undefined\",\n+         \"description\": \"An undefined error was thrown, see here for more info: https://nextjs.org/docs/messages/threw-undefined\",\n          \"environmentLabel\": null,\n          \"label\": \"Runtime Error\",\n          \"source\": null,"
        },
        {
            "sha": "bcc959c735d580cf65ca83033bbf68fb80810cab",
            "filename": "test/e2e/app-dir/dynamic-data/dynamic-data.test.ts",
            "status": "modified",
            "additions": 100,
            "deletions": 33,
            "changes": 133,
            "blob_url": "https://github.com/vercel/next.js/blob/8ea7d4bb3502e27744d3af586f5f550c43d847ee/test%2Fe2e%2Fapp-dir%2Fdynamic-data%2Fdynamic-data.test.ts",
            "raw_url": "https://github.com/vercel/next.js/raw/8ea7d4bb3502e27744d3af586f5f550c43d847ee/test%2Fe2e%2Fapp-dir%2Fdynamic-data%2Fdynamic-data.test.ts",
            "contents_url": "https://api.github.com/repos/vercel/next.js/contents/test%2Fe2e%2Fapp-dir%2Fdynamic-data%2Fdynamic-data.test.ts?ref=8ea7d4bb3502e27744d3af586f5f550c43d847ee",
            "patch": "@@ -1,5 +1,4 @@\n import { nextTestSetup } from 'e2e-utils'\n-import { assertHasRedbox, getRedboxHeader } from 'next-test-utils'\n \n process.env.__TEST_SENTINEL = 'at buildtime'\n \n@@ -177,40 +176,76 @@ describe('dynamic-data with dynamic = \"error\"', () => {\n     it('displays redbox when `dynamic = \"error\"` and dynamic data is read in dev', async () => {\n       let browser = await next.browser('/cookies?foo=foosearch')\n       try {\n-        await assertHasRedbox(browser)\n-        expect(await getRedboxHeader(browser)).toMatch(\n-          'Error: Route /cookies with `dynamic = \"error\"` couldn\\'t be rendered statically because it used `cookies`'\n-        )\n+        await expect(browser).toDisplayRedbox(`\n+         {\n+           \"description\": \"Route /cookies with \\`dynamic = \"error\"\\` couldn't be rendered statically because it used \\`cookies\\`. See more info here: https://nextjs.org/docs/app/building-your-application/rendering/static-and-dynamic#dynamic-rendering\",\n+           \"environmentLabel\": \"Server\",\n+           \"label\": \"Runtime Error\",\n+           \"source\": \"app/cookies/page.js (14:24) @ Page\n+         > 14 |         {(await cookies()).getAll().map((cookie) => {\n+              |                        ^\",\n+           \"stack\": [\n+             \"Page app/cookies/page.js (14:24)\",\n+           ],\n+         }\n+        `)\n       } finally {\n         await browser.close()\n       }\n \n       browser = await next.browser('/connection')\n       try {\n-        await assertHasRedbox(browser)\n-        expect(await getRedboxHeader(browser)).toMatch(\n-          'Error: Route /connection with `dynamic = \"error\"` couldn\\'t be rendered statically because it used `connection`'\n-        )\n+        await expect(browser).toDisplayRedbox(`\n+         {\n+           \"description\": \"Route /connection with \\`dynamic = \"error\"\\` couldn't be rendered statically because it used \\`connection\\`. See more info here: https://nextjs.org/docs/app/building-your-application/rendering/static-and-dynamic#dynamic-rendering\",\n+           \"environmentLabel\": \"Server\",\n+           \"label\": \"Runtime Error\",\n+           \"source\": \"app/connection/page.js (6:19) @ Page\n+         > 6 |   await connection()\n+             |                   ^\",\n+           \"stack\": [\n+             \"Page app/connection/page.js (6:19)\",\n+           ],\n+         }\n+        `)\n       } finally {\n         await browser.close()\n       }\n \n       browser = await next.browser('/headers?foo=foosearch')\n       try {\n-        await assertHasRedbox(browser)\n-        expect(await getRedboxHeader(browser)).toMatch(\n-          'Error: Route /headers with `dynamic = \"error\"` couldn\\'t be rendered statically because it used `headers`'\n-        )\n+        await expect(browser).toDisplayRedbox(`\n+         {\n+           \"description\": \"Route /headers with \\`dynamic = \"error\"\\` couldn't be rendered statically because it used \\`headers\\`. See more info here: https://nextjs.org/docs/app/building-your-application/rendering/static-and-dynamic#dynamic-rendering\",\n+           \"environmentLabel\": \"Server\",\n+           \"label\": \"Runtime Error\",\n+           \"source\": \"app/headers/page.js (14:35) @ Page\n+         > 14 |         {Array.from((await headers()).entries()).map(([key, value]) => {\n+              |                                   ^\",\n+           \"stack\": [\n+             \"Page app/headers/page.js (14:35)\",\n+           ],\n+         }\n+        `)\n       } finally {\n         await browser.close()\n       }\n \n       browser = await next.browser('/search?foo=foosearch')\n       try {\n-        await assertHasRedbox(browser)\n-        expect(await getRedboxHeader(browser)).toMatch(\n-          'Error: Route /search with `dynamic = \"error\"` couldn\\'t be rendered statically because it used `searchParams.then`'\n-        )\n+        await expect(browser).toDisplayRedbox(`\n+         {\n+           \"description\": \"Route /search with \\`dynamic = \"error\"\\` couldn't be rendered statically because it used \\`searchParams.then\\`. See more info here: https://nextjs.org/docs/app/building-your-application/rendering/static-and-dynamic#dynamic-rendering\",\n+           \"environmentLabel\": \"Server\",\n+           \"label\": \"Runtime Error\",\n+           \"source\": \"app/search/page.js (12:31) @ Page\n+         > 12 |         {Object.entries(await searchParams).map(([key, value]) => {\n+              |                               ^\",\n+           \"stack\": [\n+             \"Page app/search/page.js (12:31)\",\n+           ],\n+         }\n+        `)\n       } finally {\n         await browser.close()\n       }\n@@ -246,10 +281,12 @@ describe('dynamic-data with dynamic = \"error\"', () => {\n })\n \n describe('dynamic-data inside cache scope', () => {\n-  const { next, isNextDev, isNextDeploy, skipped } = nextTestSetup({\n-    files: __dirname + '/fixtures/cache-scoped',\n-    skipStart: true,\n-  })\n+  const { isTurbopack, next, isNextDev, isNextDeploy, skipped } = nextTestSetup(\n+    {\n+      files: __dirname + '/fixtures/cache-scoped',\n+      skipStart: true,\n+    }\n+  )\n \n   if (skipped) {\n     return\n@@ -268,30 +305,60 @@ describe('dynamic-data inside cache scope', () => {\n     it('displays redbox when accessing dynamic data inside a cache scope', async () => {\n       let browser = await next.browser('/cookies')\n       try {\n-        await assertHasRedbox(browser)\n-        expect(await getRedboxHeader(browser)).toMatch(\n-          'Error: Route /cookies used \"cookies\" inside a function cached with \"unstable_cache(...)\".'\n-        )\n+        await expect(browser).toDisplayRedbox(`\n+         {\n+           \"description\": \"Route /cookies used \"cookies\" inside a function cached with \"unstable_cache(...)\". Accessing Dynamic data sources inside a cache scope is not supported. If you need this data inside a cached function use \"cookies\" outside of the cached function and pass the required dynamic data in as an argument. See more info here: https://nextjs.org/docs/app/api-reference/functions/unstable_cache\",\n+           \"environmentLabel\": \"Server\",\n+           \"label\": \"Runtime Error\",\n+           \"source\": \"app/cookies/page.js (4:40) @ ${isTurbopack ? '<anonymous>' : 'eval'}\n+         > 4 | const cookies = cache(() => nextCookies())\n+             |                                        ^\",\n+           \"stack\": [\n+             \"${isTurbopack ? '<anonymous>' : 'eval'} app/cookies/page.js (4:40)\",\n+             \"async Page app/cookies/page.js (15:11)\",\n+           ],\n+         }\n+        `)\n       } finally {\n         await browser.close()\n       }\n \n       browser = await next.browser('/connection')\n       try {\n-        await assertHasRedbox(browser)\n-        expect(await getRedboxHeader(browser)).toMatch(\n-          'Error: Route /connection used \"connection\" inside a function cached with \"unstable_cache(...)\".'\n-        )\n+        await expect(browser).toDisplayRedbox(`\n+         {\n+           \"description\": \"Route /connection used \"connection\" inside a function cached with \"unstable_cache(...)\". The \\`connection()\\` function is used to indicate the subsequent code must only run when there is an actual Request, but caches must be able to be produced before a Request so this function is not allowed in this scope. See more info here: https://nextjs.org/docs/app/api-reference/functions/unstable_cache\",\n+           \"environmentLabel\": \"Server\",\n+           \"label\": \"Runtime Error\",\n+           \"source\": \"app/connection/page.js (4:54) @ ${isTurbopack ? '<anonymous>' : 'eval'}\n+         > 4 | const cachedConnection = cache(async () => connection())\n+             |                                                      ^\",\n+           \"stack\": [\n+             \"${isTurbopack ? '<anonymous>' : 'eval'} app/connection/page.js (4:54)\",\n+             \"async Page app/connection/page.js (7:3)\",\n+           ],\n+         }\n+        `)\n       } finally {\n         await browser.close()\n       }\n \n       browser = await next.browser('/headers')\n       try {\n-        await assertHasRedbox(browser)\n-        expect(await getRedboxHeader(browser)).toMatch(\n-          'Error: Route /headers used \"headers\" inside a function cached with \"unstable_cache(...)\".'\n-        )\n+        await expect(browser).toDisplayRedbox(`\n+         {\n+           \"description\": \"Route /headers used \"headers\" inside a function cached with \"unstable_cache(...)\". Accessing Dynamic data sources inside a cache scope is not supported. If you need this data inside a cached function use \"headers\" outside of the cached function and pass the required dynamic data in as an argument. See more info here: https://nextjs.org/docs/app/api-reference/functions/unstable_cache\",\n+           \"environmentLabel\": \"Server\",\n+           \"label\": \"Runtime Error\",\n+           \"source\": \"app/headers/page.js (4:40) @ ${isTurbopack ? '<anonymous>' : 'eval'}\n+         > 4 | const headers = cache(() => nextHeaders())\n+             |                                        ^\",\n+           \"stack\": [\n+             \"${isTurbopack ? '<anonymous>' : 'eval'} app/headers/page.js (4:40)\",\n+             \"async Page app/headers/page.js (15:21)\",\n+           ],\n+         }\n+        `)\n       } finally {\n         await browser.close()\n       }"
        },
        {
            "sha": "1f620433f8cf6f60689739a8ebcab1dd0008219e",
            "filename": "test/e2e/app-dir/dynamic-href/dynamic-href.test.ts",
            "status": "modified",
            "additions": 26,
            "deletions": 11,
            "changes": 37,
            "blob_url": "https://github.com/vercel/next.js/blob/8ea7d4bb3502e27744d3af586f5f550c43d847ee/test%2Fe2e%2Fapp-dir%2Fdynamic-href%2Fdynamic-href.test.ts",
            "raw_url": "https://github.com/vercel/next.js/raw/8ea7d4bb3502e27744d3af586f5f550c43d847ee/test%2Fe2e%2Fapp-dir%2Fdynamic-href%2Fdynamic-href.test.ts",
            "contents_url": "https://api.github.com/repos/vercel/next.js/contents/test%2Fe2e%2Fapp-dir%2Fdynamic-href%2Fdynamic-href.test.ts?ref=8ea7d4bb3502e27744d3af586f5f550c43d847ee",
            "patch": "@@ -1,5 +1,4 @@\n import { nextTestSetup } from 'e2e-utils'\n-import { assertHasRedbox, getRedboxDescription } from 'next-test-utils'\n \n describe('dynamic-href', () => {\n   const {\n@@ -19,11 +18,19 @@ describe('dynamic-href', () => {\n     it('should error when using dynamic href.pathname in app dir', async () => {\n       const browser = await next.browser('/object')\n \n-      // Error should show up\n-      await assertHasRedbox(browser)\n-      expect(await getRedboxDescription(browser)).toMatchInlineSnapshot(\n-        `\"Error: Dynamic href \\`/object/[slug]\\` found in <Link> while using the \\`/app\\` router, this is not supported. Read more: https://nextjs.org/docs/messages/app-dir-dynamic-href\"`\n-      )\n+      await expect(browser).toDisplayRedbox(`\n+       {\n+         \"description\": \"Dynamic href \\`/object/[slug]\\` found in <Link> while using the \\`/app\\` router, this is not supported. Read more: https://nextjs.org/docs/messages/app-dir-dynamic-href\",\n+         \"environmentLabel\": null,\n+         \"label\": \"Runtime Error\",\n+         \"source\": \"app/object/page.js (5:5) @ HomePage\n+       > 5 |     <Link\n+           |     ^\",\n+         \"stack\": [\n+           \"HomePage app/object/page.js (5:5)\",\n+         ],\n+       }\n+      `)\n \n       // Fix error\n       const pageContent = await next.readFile('app/object/page.js')\n@@ -47,11 +54,19 @@ describe('dynamic-href', () => {\n     it('should error when using dynamic href in app dir', async () => {\n       const browser = await next.browser('/string')\n \n-      // Error should show up\n-      await assertHasRedbox(browser)\n-      expect(await getRedboxDescription(browser)).toMatchInlineSnapshot(\n-        `\"Error: Dynamic href \\`/object/[slug]\\` found in <Link> while using the \\`/app\\` router, this is not supported. Read more: https://nextjs.org/docs/messages/app-dir-dynamic-href\"`\n-      )\n+      await expect(browser).toDisplayRedbox(`\n+       {\n+         \"description\": \"Dynamic href \\`/object/[slug]\\` found in <Link> while using the \\`/app\\` router, this is not supported. Read more: https://nextjs.org/docs/messages/app-dir-dynamic-href\",\n+         \"environmentLabel\": null,\n+         \"label\": \"Runtime Error\",\n+         \"source\": \"app/string/page.js (5:5) @ HomePage\n+       > 5 |     <Link id=\"link\" href=\"/object/[slug]\">\n+           |     ^\",\n+         \"stack\": [\n+           \"HomePage app/string/page.js (5:5)\",\n+         ],\n+       }\n+      `)\n     })\n   } else {\n     it('should not error on /object in prod', async () => {"
        },
        {
            "sha": "6e5df18ef01af366c6df527435c7166de1d27993",
            "filename": "test/e2e/app-dir/dynamic-io-segment-configs/dynamic-io-segment-configs.test.ts",
            "status": "modified",
            "additions": 2,
            "deletions": 2,
            "changes": 4,
            "blob_url": "https://github.com/vercel/next.js/blob/8ea7d4bb3502e27744d3af586f5f550c43d847ee/test%2Fe2e%2Fapp-dir%2Fdynamic-io-segment-configs%2Fdynamic-io-segment-configs.test.ts",
            "raw_url": "https://github.com/vercel/next.js/raw/8ea7d4bb3502e27744d3af586f5f550c43d847ee/test%2Fe2e%2Fapp-dir%2Fdynamic-io-segment-configs%2Fdynamic-io-segment-configs.test.ts",
            "contents_url": "https://api.github.com/repos/vercel/next.js/contents/test%2Fe2e%2Fapp-dir%2Fdynamic-io-segment-configs%2Fdynamic-io-segment-configs.test.ts?ref=8ea7d4bb3502e27744d3af586f5f550c43d847ee",
            "patch": "@@ -38,7 +38,7 @@ describe('dynamic-io-segment-configs', () => {\n         )\n       } else {\n         expect(redbox.description).toMatchInlineSnapshot(\n-          `\"Error:   x Route segment config \"revalidate\" is not compatible with \\`nextConfig.experimental.dynamicIO\\`. Please remove it.\"`\n+          `\"  x Route segment config \"revalidate\" is not compatible with \\`nextConfig.experimental.dynamicIO\\`. Please remove it.\"`\n         )\n       }\n       expect(redbox.source).toContain(\n@@ -99,7 +99,7 @@ describe('dynamic-io-segment-configs', () => {\n             )\n           } else {\n             expect(redbox.description).toMatchInlineSnapshot(\n-              `\"Error:   x Route segment config \"runtime\" is not compatible with \\`nextConfig.experimental.dynamicIO\\`. Please remove it.\"`\n+              `\"  x Route segment config \"runtime\" is not compatible with \\`nextConfig.experimental.dynamicIO\\`. Please remove it.\"`\n             )\n           }\n           expect(redbox.source).toContain("
        },
        {
            "sha": "b0f263d43c537791220b69cc376ba85e95d5a78a",
            "filename": "test/e2e/app-dir/errors/index.test.ts",
            "status": "modified",
            "additions": 2,
            "deletions": 2,
            "changes": 4,
            "blob_url": "https://github.com/vercel/next.js/blob/8ea7d4bb3502e27744d3af586f5f550c43d847ee/test%2Fe2e%2Fapp-dir%2Ferrors%2Findex.test.ts",
            "raw_url": "https://github.com/vercel/next.js/raw/8ea7d4bb3502e27744d3af586f5f550c43d847ee/test%2Fe2e%2Fapp-dir%2Ferrors%2Findex.test.ts",
            "contents_url": "https://api.github.com/repos/vercel/next.js/contents/test%2Fe2e%2Fapp-dir%2Ferrors%2Findex.test.ts?ref=8ea7d4bb3502e27744d3af586f5f550c43d847ee",
            "patch": "@@ -176,7 +176,7 @@ describe('app-dir - errors', () => {\n       if (isNextDev) {\n         await expect(browser).toDisplayRedbox(`\n          {\n-           \"description\": \"Error: this is a test\",\n+           \"description\": \"this is a test\",\n            \"environmentLabel\": null,\n            \"label\": \"Runtime Error\",\n            \"source\": \"app/global-error-boundary/client/page.js (8:11) @ Page\n@@ -215,7 +215,7 @@ describe('app-dir - errors', () => {\n       if (isNextDev) {\n         await expect(browser).toDisplayRedbox(`\n           {\n-            \"description\": \"Error: custom server error\",\n+            \"description\": \"custom server error\",\n             \"environmentLabel\": \"Server\",\n             \"label\": \"Runtime Error\",\n             \"source\": \"app/global-error-boundary/server/page.js (2:9) @ Page"
        },
        {
            "sha": "2d4a8e35913b0c046484a1757ea8adfaad0c87dc",
            "filename": "test/e2e/app-dir/global-error/basic/index.test.ts",
            "status": "modified",
            "additions": 66,
            "deletions": 16,
            "changes": 82,
            "blob_url": "https://github.com/vercel/next.js/blob/8ea7d4bb3502e27744d3af586f5f550c43d847ee/test%2Fe2e%2Fapp-dir%2Fglobal-error%2Fbasic%2Findex.test.ts",
            "raw_url": "https://github.com/vercel/next.js/raw/8ea7d4bb3502e27744d3af586f5f550c43d847ee/test%2Fe2e%2Fapp-dir%2Fglobal-error%2Fbasic%2Findex.test.ts",
            "contents_url": "https://api.github.com/repos/vercel/next.js/contents/test%2Fe2e%2Fapp-dir%2Fglobal-error%2Fbasic%2Findex.test.ts?ref=8ea7d4bb3502e27744d3af586f5f550c43d847ee",
            "patch": "@@ -1,4 +1,3 @@\n-import { assertHasRedbox, getRedboxDescription } from 'next-test-utils'\n import { nextTestSetup } from 'e2e-utils'\n \n describe('app dir - global-error', () => {\n@@ -14,9 +13,19 @@ describe('app dir - global-error', () => {\n       .click()\n \n     if (isNextDev) {\n-      await assertHasRedbox(browser)\n-      const description = await getRedboxDescription(browser)\n-      expect(description).toMatchInlineSnapshot(`\"Error: Client error\"`)\n+      await expect(browser).toDisplayRedbox(`\n+       {\n+         \"description\": \"Client error\",\n+         \"environmentLabel\": null,\n+         \"label\": \"Runtime Error\",\n+         \"source\": \"app/client/page.js (8:11) @ Page\n+       >  8 |     throw new Error('Client error')\n+            |           ^\",\n+         \"stack\": [\n+           \"Page app/client/page.js (8:11)\",\n+         ],\n+       }\n+      `)\n     }\n     expect(await browser.elementByCss('#error').text()).toBe(\n       'Global error: Client error'\n@@ -28,9 +37,19 @@ describe('app dir - global-error', () => {\n     expect(await browser.elementByCss('h1').text()).toBe('Global Error')\n \n     if (isNextDev) {\n-      await assertHasRedbox(browser)\n-      const description = await getRedboxDescription(browser)\n-      expect(description).toMatchInlineSnapshot(`\"Error: server page error\"`)\n+      await expect(browser).toDisplayRedbox(`\n+       {\n+         \"description\": \"server page error\",\n+         \"environmentLabel\": \"Server\",\n+         \"label\": \"Runtime Error\",\n+         \"source\": \"app/rsc/page.js (2:9) @ page\n+       > 2 |   throw new Error('server page error')\n+           |         ^\",\n+         \"stack\": [\n+           \"page app/rsc/page.js (2:9)\",\n+         ],\n+       }\n+      `)\n     }\n     // Show original error message in dev mode, but hide with the react fallback RSC error message in production mode\n     expect(await browser.elementByCss('#error').text()).toBe(\n@@ -45,9 +64,19 @@ describe('app dir - global-error', () => {\n     const browser = await next.browser('/ssr')\n \n     if (isNextDev) {\n-      await assertHasRedbox(browser)\n-      const description = await getRedboxDescription(browser)\n-      expect(description).toMatchInlineSnapshot(`\"Error: client page error\"`)\n+      await expect(browser).toDisplayRedbox(`\n+       {\n+         \"description\": \"client page error\",\n+         \"environmentLabel\": null,\n+         \"label\": \"Runtime Error\",\n+         \"source\": \"app/ssr/page.js (4:9) @ page\n+       > 4 |   throw new Error('client page error')\n+           |         ^\",\n+         \"stack\": [\n+           \"page app/ssr/page.js (4:9)\",\n+         ],\n+       }\n+      `)\n     }\n     expect(await browser.elementByCss('h1').text()).toBe('Global Error')\n     expect(await browser.elementByCss('#error').text()).toBe(\n@@ -70,9 +99,20 @@ describe('app dir - global-error', () => {\n     const browser = await next.browser('/metadata-error-without-boundary')\n \n     if (isNextDev) {\n-      await assertHasRedbox(browser)\n-      const description = await getRedboxDescription(browser)\n-      expect(description).toMatchInlineSnapshot(`\"Error: Metadata error\"`)\n+      await expect(browser).toDisplayRedbox(`\n+       {\n+         \"description\": \"Metadata error\",\n+         \"environmentLabel\": \"Server\",\n+         \"label\": \"Runtime Error\",\n+         \"source\": \"app/metadata-error-without-boundary/page.js (4:9) @ Module.generateMetadata\n+       > 4 |   throw new Error('Metadata error')\n+           |         ^\",\n+         \"stack\": [\n+           \"Module.generateMetadata app/metadata-error-without-boundary/page.js (4:9)\",\n+           \"JSON.parse <anonymous> (0:0)\",\n+         ],\n+       }\n+      `)\n     }\n     expect(await browser.elementByCss('h1').text()).toBe('Global Error')\n     expect(await browser.elementByCss('#error').text()).toBe(\n@@ -85,9 +125,19 @@ describe('app dir - global-error', () => {\n   it('should catch the client error thrown in the nested routes', async () => {\n     const browser = await next.browser('/nested/nested')\n     if (isNextDev) {\n-      await assertHasRedbox(browser)\n-      const description = await getRedboxDescription(browser)\n-      expect(description).toMatchInlineSnapshot(`\"Error: nested error\"`)\n+      await expect(browser).toDisplayRedbox(`\n+       {\n+         \"description\": \"nested error\",\n+         \"environmentLabel\": null,\n+         \"label\": \"Runtime Error\",\n+         \"source\": \"app/nested/nested/page.js (15:11) @ ClientPage\n+       > 15 |     throw Error('nested error')\n+            |           ^\",\n+         \"stack\": [\n+           \"ClientPage app/nested/nested/page.js (15:11)\",\n+         ],\n+       }\n+      `)\n     }\n     expect(await browser.elementByCss('h1').text()).toBe('Global Error')\n     expect(await browser.elementByCss('#error').text()).toBe("
        },
        {
            "sha": "2e07543c537ae1c786472f4c1e9ff9fa2e716f48",
            "filename": "test/e2e/app-dir/global-error/error-in-global-error/error-in-global-error.test.ts",
            "status": "modified",
            "additions": 3,
            "deletions": 3,
            "changes": 6,
            "blob_url": "https://github.com/vercel/next.js/blob/8ea7d4bb3502e27744d3af586f5f550c43d847ee/test%2Fe2e%2Fapp-dir%2Fglobal-error%2Ferror-in-global-error%2Ferror-in-global-error.test.ts",
            "raw_url": "https://github.com/vercel/next.js/raw/8ea7d4bb3502e27744d3af586f5f550c43d847ee/test%2Fe2e%2Fapp-dir%2Fglobal-error%2Ferror-in-global-error%2Ferror-in-global-error.test.ts",
            "contents_url": "https://api.github.com/repos/vercel/next.js/contents/test%2Fe2e%2Fapp-dir%2Fglobal-error%2Ferror-in-global-error%2Ferror-in-global-error.test.ts?ref=8ea7d4bb3502e27744d3af586f5f550c43d847ee",
            "patch": "@@ -15,7 +15,7 @@ describe('app dir - global-error - error-in-global-error', () => {\n       await assertHasRedbox(browser)\n       await expect(browser).toDisplayRedbox(`\n        {\n-         \"description\": \"Error: error in page\",\n+         \"description\": \"error in page\",\n          \"environmentLabel\": null,\n          \"label\": \"Runtime Error\",\n          \"source\": \"app/page.js (7:11) @ Page.useEffect\n@@ -41,7 +41,7 @@ describe('app dir - global-error - error-in-global-error', () => {\n       await expect(browser).toDisplayRedbox(`\n        [\n          {\n-           \"description\": \"Error: error in global error\",\n+           \"description\": \"error in global error\",\n            \"environmentLabel\": null,\n            \"label\": \"Runtime Error\",\n            \"source\": \"app/global-error.js (10:11) @ InnerGlobalError\n@@ -53,7 +53,7 @@ describe('app dir - global-error - error-in-global-error', () => {\n            ],\n          },\n          {\n-           \"description\": \"Error: error in page\",\n+           \"description\": \"error in page\",\n            \"environmentLabel\": null,\n            \"label\": \"Runtime Error\",\n            \"source\": \"app/page.js (7:11) @ Page.useEffect"
        },
        {
            "sha": "bc73c994ddbe33ca74ab99d986bfb4d61fa04f67",
            "filename": "test/e2e/app-dir/global-error/layout-error/index.test.ts",
            "status": "modified",
            "additions": 13,
            "deletions": 4,
            "changes": 17,
            "blob_url": "https://github.com/vercel/next.js/blob/8ea7d4bb3502e27744d3af586f5f550c43d847ee/test%2Fe2e%2Fapp-dir%2Fglobal-error%2Flayout-error%2Findex.test.ts",
            "raw_url": "https://github.com/vercel/next.js/raw/8ea7d4bb3502e27744d3af586f5f550c43d847ee/test%2Fe2e%2Fapp-dir%2Fglobal-error%2Flayout-error%2Findex.test.ts",
            "contents_url": "https://api.github.com/repos/vercel/next.js/contents/test%2Fe2e%2Fapp-dir%2Fglobal-error%2Flayout-error%2Findex.test.ts?ref=8ea7d4bb3502e27744d3af586f5f550c43d847ee",
            "patch": "@@ -1,4 +1,3 @@\n-import { assertHasRedbox, getRedboxDescription } from 'next-test-utils'\n import { nextTestSetup } from 'e2e-utils'\n \n describe('app dir - global error - layout error', () => {\n@@ -15,9 +14,19 @@ describe('app dir - global error - layout error', () => {\n     const browser = await next.browser('/')\n \n     if (isNextDev) {\n-      await assertHasRedbox(browser)\n-      const description = await getRedboxDescription(browser)\n-      expect(description).toMatchInlineSnapshot(`\"Error: layout error\"`)\n+      await expect(browser).toDisplayRedbox(`\n+       {\n+         \"description\": \"layout error\",\n+         \"environmentLabel\": \"Server\",\n+         \"label\": \"Runtime Error\",\n+         \"source\": \"app/layout.js (2:9) @ layout\n+       > 2 |   throw new Error('layout error')\n+           |         ^\",\n+         \"stack\": [\n+           \"layout app/layout.js (2:9)\",\n+         ],\n+       }\n+      `)\n     }\n \n     expect(await browser.elementByCss('h1').text()).toBe('Global Error')"
        },
        {
            "sha": "45a4878ac5ff4c0dc234efcaec6f4d2b91b177ef",
            "filename": "test/e2e/app-dir/not-found-default/index.test.ts",
            "status": "modified",
            "additions": 21,
            "deletions": 13,
            "changes": 34,
            "blob_url": "https://github.com/vercel/next.js/blob/8ea7d4bb3502e27744d3af586f5f550c43d847ee/test%2Fe2e%2Fapp-dir%2Fnot-found-default%2Findex.test.ts",
            "raw_url": "https://github.com/vercel/next.js/raw/8ea7d4bb3502e27744d3af586f5f550c43d847ee/test%2Fe2e%2Fapp-dir%2Fnot-found-default%2Findex.test.ts",
            "contents_url": "https://api.github.com/repos/vercel/next.js/contents/test%2Fe2e%2Fapp-dir%2Fnot-found-default%2Findex.test.ts?ref=8ea7d4bb3502e27744d3af586f5f550c43d847ee",
            "patch": "@@ -1,9 +1,5 @@\n import { nextTestSetup } from 'e2e-utils'\n-import {\n-  assertHasRedbox,\n-  assertNoRedbox,\n-  getRedboxDescription,\n-} from 'next-test-utils'\n+import { assertNoRedbox } from 'next-test-utils'\n \n describe('app dir - not found with default 404 page', () => {\n   const { next, isNextDev, skipped } = nextTestSetup({\n@@ -21,10 +17,16 @@ describe('app dir - not found with default 404 page', () => {\n     await browser.elementByCss('#trigger-not-found').click()\n \n     if (isNextDev) {\n-      await assertHasRedbox(browser)\n-      expect(await getRedboxDescription(browser)).toMatch(\n-        /notFound\\(\\) is not allowed to use in root layout/\n-      )\n+      // TODO: Either allow or include original stack\n+      await expect(browser).toDisplayRedbox(`\n+       {\n+         \"description\": \"notFound() is not allowed to use in root layout\",\n+         \"environmentLabel\": null,\n+         \"label\": \"Runtime Error\",\n+         \"source\": null,\n+         \"stack\": [],\n+       }\n+      `)\n     }\n   })\n \n@@ -46,10 +48,16 @@ describe('app dir - not found with default 404 page', () => {\n     const browser = await next.browser('/?root-not-found=1')\n \n     if (isNextDev) {\n-      await assertHasRedbox(browser)\n-      expect(await getRedboxDescription(browser)).toBe(\n-        'Error: notFound() is not allowed to use in root layout'\n-      )\n+      // TODO: Either allow or include original stack\n+      await expect(browser).toDisplayRedbox(`\n+       {\n+         \"description\": \"notFound() is not allowed to use in root layout\",\n+         \"environmentLabel\": null,\n+         \"label\": \"Runtime Error\",\n+         \"source\": null,\n+         \"stack\": [],\n+       }\n+      `)\n     }\n   })\n "
        },
        {
            "sha": "1444c77183656af68d036733a3b47028eefa16da",
            "filename": "test/e2e/app-dir/server-source-maps/server-source-maps.test.ts",
            "status": "modified",
            "additions": 1,
            "deletions": 1,
            "changes": 2,
            "blob_url": "https://github.com/vercel/next.js/blob/8ea7d4bb3502e27744d3af586f5f550c43d847ee/test%2Fe2e%2Fapp-dir%2Fserver-source-maps%2Fserver-source-maps.test.ts",
            "raw_url": "https://github.com/vercel/next.js/raw/8ea7d4bb3502e27744d3af586f5f550c43d847ee/test%2Fe2e%2Fapp-dir%2Fserver-source-maps%2Fserver-source-maps.test.ts",
            "contents_url": "https://api.github.com/repos/vercel/next.js/contents/test%2Fe2e%2Fapp-dir%2Fserver-source-maps%2Fserver-source-maps.test.ts?ref=8ea7d4bb3502e27744d3af586f5f550c43d847ee",
            "patch": "@@ -218,7 +218,7 @@ describe('app-dir - server source maps', () => {\n \n       await expect(browser).toDisplayRedbox(`\n        {\n-         \"description\": \"Error: Boom\",\n+         \"description\": \"Boom\",\n          \"environmentLabel\": null,\n          \"label\": \"Runtime Error\",\n          \"source\": \"app/ssr-throw/Thrower.js (4:9) @ throwError"
        },
        {
            "sha": "2be185d1e0553618f109f11d7d6e33ee8dee4c21",
            "filename": "test/e2e/app-dir/use-cache-close-over-function/use-cache-close-over-function.test.ts",
            "status": "modified",
            "additions": 2,
            "deletions": 2,
            "changes": 4,
            "blob_url": "https://github.com/vercel/next.js/blob/8ea7d4bb3502e27744d3af586f5f550c43d847ee/test%2Fe2e%2Fapp-dir%2Fuse-cache-close-over-function%2Fuse-cache-close-over-function.test.ts",
            "raw_url": "https://github.com/vercel/next.js/raw/8ea7d4bb3502e27744d3af586f5f550c43d847ee/test%2Fe2e%2Fapp-dir%2Fuse-cache-close-over-function%2Fuse-cache-close-over-function.test.ts",
            "contents_url": "https://api.github.com/repos/vercel/next.js/contents/test%2Fe2e%2Fapp-dir%2Fuse-cache-close-over-function%2Fuse-cache-close-over-function.test.ts?ref=8ea7d4bb3502e27744d3af586f5f550c43d847ee",
            "patch": "@@ -29,7 +29,7 @@ describe('use-cache-close-over-function', () => {\n       const errorSource = await getRedboxSource(browser)\n \n       expect(errorDescription).toMatchInlineSnapshot(`\n-        \"Error: Functions cannot be passed directly to Client Components unless you explicitly expose it by marking it with \"use server\". Or maybe you meant to call this function rather than return it.\n+        \"Functions cannot be passed directly to Client Components unless you explicitly expose it by marking it with \"use server\". Or maybe you meant to call this function rather than return it.\n           [function fn]\n            ^^^^^^^^^^^\"\n       `)\n@@ -87,7 +87,7 @@ describe('use-cache-close-over-function', () => {\n       const errorSource = await getRedboxSource(browser)\n \n       expect(errorDescription).toMatchInlineSnapshot(`\n-        \"Error: Functions cannot be passed directly to Client Components unless you explicitly expose it by marking it with \"use server\". Or maybe you meant to call this function rather than return it.\n+        \"Functions cannot be passed directly to Client Components unless you explicitly expose it by marking it with \"use server\". Or maybe you meant to call this function rather than return it.\n           [function fn]\n            ^^^^^^^^^^^\"\n       `)"
        },
        {
            "sha": "e6b2a30b37fb3ac2265c46ad667e1af5ed670eca",
            "filename": "test/e2e/app-dir/use-cache-hanging-inputs/use-cache-hanging-inputs.test.ts",
            "status": "modified",
            "additions": 13,
            "deletions": 13,
            "changes": 26,
            "blob_url": "https://github.com/vercel/next.js/blob/8ea7d4bb3502e27744d3af586f5f550c43d847ee/test%2Fe2e%2Fapp-dir%2Fuse-cache-hanging-inputs%2Fuse-cache-hanging-inputs.test.ts",
            "raw_url": "https://github.com/vercel/next.js/raw/8ea7d4bb3502e27744d3af586f5f550c43d847ee/test%2Fe2e%2Fapp-dir%2Fuse-cache-hanging-inputs%2Fuse-cache-hanging-inputs.test.ts",
            "contents_url": "https://api.github.com/repos/vercel/next.js/contents/test%2Fe2e%2Fapp-dir%2Fuse-cache-hanging-inputs%2Fuse-cache-hanging-inputs.test.ts?ref=8ea7d4bb3502e27744d3af586f5f550c43d847ee",
            "patch": "@@ -13,7 +13,7 @@ import stripAnsi from 'strip-ansi'\n const isExperimentalReact = process.env.__NEXT_EXPERIMENTAL_PPR\n \n const expectedErrorMessage =\n-  'Error: Filling a cache during prerender timed out, likely because request-specific arguments such as params, searchParams, cookies() or dynamic data were used inside \"use cache\".'\n+  'Filling a cache during prerender timed out, likely because request-specific arguments such as params, searchParams, cookies() or dynamic data were used inside \"use cache\".'\n \n describe('use-cache-hanging-inputs', () => {\n   const { next, isNextDev, isTurbopack, skipped } = nextTestSetup({\n@@ -52,7 +52,7 @@ describe('use-cache-hanging-inputs', () => {\n \n           expect(errorSource).toBe(null)\n \n-          expect(cliOutput).toContain(`${expectedErrorMessage}\n+          expect(cliOutput).toContain(`Error: ${expectedErrorMessage}\n     at [project]/app/search-params/page.tsx [app-rsc] (ecmascript)`)\n         } else {\n           expect(errorSource).toMatchInlineSnapshot(`\n@@ -67,7 +67,7 @@ describe('use-cache-hanging-inputs', () => {\n              6 |   searchParams: Promise<{ n: string }>\"\n           `)\n \n-          expect(cliOutput).toContain(`${expectedErrorMessage}\n+          expect(cliOutput).toContain(`Error: ${expectedErrorMessage}\n     at eval (app/search-params/page.tsx:3:15)`)\n         }\n       }, 180_000)\n@@ -82,7 +82,7 @@ describe('use-cache-hanging-inputs', () => {\n \n         const cliOutput = stripAnsi(next.cliOutput.slice(outputIndex))\n \n-        expect(cliOutput).not.toContain(expectedErrorMessage)\n+        expect(cliOutput).not.toContain(`Error: ${expectedErrorMessage}`)\n       })\n     })\n \n@@ -111,7 +111,7 @@ describe('use-cache-hanging-inputs', () => {\n \n           expect(errorSource).toBe(null)\n \n-          expect(cliOutput).toContain(`${expectedErrorMessage}\n+          expect(cliOutput).toContain(`Error: ${expectedErrorMessage}\n     at [project]/app/uncached-promise/page.tsx [app-rsc] (ecmascript)`)\n         } else {\n           expect(errorSource).toMatchInlineSnapshot(`\n@@ -126,7 +126,7 @@ describe('use-cache-hanging-inputs', () => {\n              13 |   return (\"\n           `)\n \n-          expect(cliOutput).toContain(`${expectedErrorMessage}\n+          expect(cliOutput).toContain(`Error: ${expectedErrorMessage}\n     at eval (app/uncached-promise/page.tsx:10:12)`)\n         }\n       }, 180_000)\n@@ -157,7 +157,7 @@ describe('use-cache-hanging-inputs', () => {\n \n           expect(errorSource).toBe(null)\n \n-          expect(cliOutput).toContain(`${expectedErrorMessage}\n+          expect(cliOutput).toContain(`Error: ${expectedErrorMessage}\n     at [project]/app/uncached-promise-nested/page.tsx [app-rsc] (ecmascript)`)\n         } else {\n           expect(errorSource).toMatchInlineSnapshot(`\n@@ -172,7 +172,7 @@ describe('use-cache-hanging-inputs', () => {\n              19 |   return getCachedData(promise)\"\n           `)\n \n-          expect(cliOutput).toContain(`${expectedErrorMessage}\n+          expect(cliOutput).toContain(`Error: ${expectedErrorMessage}\n     at eval (app/uncached-promise-nested/page.tsx:16:0)`)\n         }\n       }, 180_000)\n@@ -201,7 +201,7 @@ describe('use-cache-hanging-inputs', () => {\n           // key.\n \n           const expectedErrorMessagePpr =\n-            'Error: Route \"/bound-args\": A component accessed data, headers, params, searchParams, or a short-lived cache without a Suspense boundary nor a \"use cache\" above it. We don\\'t have the exact line number added to error messages yet but you can see which component in the stack below. See more info: https://nextjs.org/docs/messages/next-prerender-missing-suspense'\n+            'Route \"/bound-args\": A component accessed data, headers, params, searchParams, or a short-lived cache without a Suspense boundary nor a \"use cache\" above it. We don\\'t have the exact line number added to error messages yet but you can see which component in the stack below. See more info: https://nextjs.org/docs/messages/next-prerender-missing-suspense'\n \n           expect(errorDescription).toBe(expectedErrorMessagePpr)\n \n@@ -219,7 +219,7 @@ describe('use-cache-hanging-inputs', () => {\n \n             expect(errorSource).toBe(null)\n \n-            expect(cliOutput).toContain(`${expectedErrorMessage}\n+            expect(cliOutput).toContain(`Error: ${expectedErrorMessage}\n     at [project]/app/bound-args/page.tsx [app-rsc] (ecmascript)`)\n           } else {\n             expect(errorSource).toMatchInlineSnapshot(`\n@@ -234,7 +234,7 @@ describe('use-cache-hanging-inputs', () => {\n                16 |     return (\"\n             `)\n \n-            expect(cliOutput).toContain(`${expectedErrorMessage}\n+            expect(cliOutput).toContain(`Error: ${expectedErrorMessage}\n     at eval (app/bound-args/page.tsx:13:14)`)\n           }\n         }\n@@ -254,15 +254,15 @@ describe('use-cache-hanging-inputs', () => {\n         expect({ count, title, description }).toEqual({\n           count: 1,\n           title: 'Runtime Error\\nCache',\n-          description: 'Error: kaputt!',\n+          description: 'kaputt!',\n         })\n       })\n     })\n   } else {\n     it('should fail the build with errors after a timeout', async () => {\n       const { cliOutput } = await next.build()\n \n-      expect(cliOutput).toInclude(expectedErrorMessage)\n+      expect(cliOutput).toInclude(`Error: ${expectedErrorMessage}`)\n \n       expect(cliOutput).toInclude(\n         'Error occurred prerendering page \"/bound-args\"'"
        },
        {
            "sha": "0bb79e10b5091bb9e282523e64e73b08e6a90fed",
            "filename": "test/e2e/app-dir/use-cache-segment-configs/use-cache-segment-configs.test.ts",
            "status": "modified",
            "additions": 1,
            "deletions": 1,
            "changes": 2,
            "blob_url": "https://github.com/vercel/next.js/blob/8ea7d4bb3502e27744d3af586f5f550c43d847ee/test%2Fe2e%2Fapp-dir%2Fuse-cache-segment-configs%2Fuse-cache-segment-configs.test.ts",
            "raw_url": "https://github.com/vercel/next.js/raw/8ea7d4bb3502e27744d3af586f5f550c43d847ee/test%2Fe2e%2Fapp-dir%2Fuse-cache-segment-configs%2Fuse-cache-segment-configs.test.ts",
            "contents_url": "https://api.github.com/repos/vercel/next.js/contents/test%2Fe2e%2Fapp-dir%2Fuse-cache-segment-configs%2Fuse-cache-segment-configs.test.ts?ref=8ea7d4bb3502e27744d3af586f5f550c43d847ee",
            "patch": "@@ -36,7 +36,7 @@ describe('use-cache-segment-configs', () => {\n         // FIXME: Fix broken import trace for Webpack loader resource.\n         expect(browser).toDisplayRedbox(`\n          {\n-           \"description\": \"Error:   x Route segment config \"runtime\" is not compatible with \\`nextConfig.experimental.useCache\\`. Please remove it.\",\n+           \"description\": \"  x Route segment config \"runtime\" is not compatible with \\`nextConfig.experimental.useCache\\`. Please remove it.\",\n            \"environmentLabel\": null,\n            \"label\": \"Build Error\",\n            \"source\": \"<FIXME-nextjs-internal-source>"
        },
        {
            "sha": "21d305d9414ce666061f5f0b6cfbe861589ce6f9",
            "filename": "test/e2e/app-dir/use-cache-standalone-search-params/use-cache-standalone-search-params.test.ts",
            "status": "modified",
            "additions": 3,
            "deletions": 3,
            "changes": 6,
            "blob_url": "https://github.com/vercel/next.js/blob/8ea7d4bb3502e27744d3af586f5f550c43d847ee/test%2Fe2e%2Fapp-dir%2Fuse-cache-standalone-search-params%2Fuse-cache-standalone-search-params.test.ts",
            "raw_url": "https://github.com/vercel/next.js/raw/8ea7d4bb3502e27744d3af586f5f550c43d847ee/test%2Fe2e%2Fapp-dir%2Fuse-cache-standalone-search-params%2Fuse-cache-standalone-search-params.test.ts",
            "contents_url": "https://api.github.com/repos/vercel/next.js/contents/test%2Fe2e%2Fapp-dir%2Fuse-cache-standalone-search-params%2Fuse-cache-standalone-search-params.test.ts?ref=8ea7d4bb3502e27744d3af586f5f550c43d847ee",
            "patch": "@@ -8,7 +8,7 @@ import {\n import stripAnsi from 'strip-ansi'\n \n const getExpectedErrorMessage = (route: string) =>\n-  `Error: Route ${route} used \"searchParams\" inside \"use cache\". Accessing Dynamic data sources inside a cache scope is not supported. If you need this data inside a cached function use \"searchParams\" outside of the cached function and pass the required dynamic data in as an argument. See more info here: https://nextjs.org/docs/messages/next-request-in-use-cache`\n+  `Route ${route} used \"searchParams\" inside \"use cache\". Accessing Dynamic data sources inside a cache scope is not supported. If you need this data inside a cached function use \"searchParams\" outside of the cached function and pass the required dynamic data in as an argument. See more info here: https://nextjs.org/docs/messages/next-request-in-use-cache`\n \n describe('use-cache-standalone-search-params', () => {\n   const { next, isNextDev, skipped } = nextTestSetup({\n@@ -55,7 +55,7 @@ describe('use-cache-standalone-search-params', () => {\n            11 | }\"\n         `)\n \n-        expect(cliOutput).toContain(`${expectedErrorMessage}\n+        expect(cliOutput).toContain(`Error: ${expectedErrorMessage}\n     at Page (app/search-params-used/page.tsx:8:17)`)\n       })\n     })\n@@ -91,7 +91,7 @@ describe('use-cache-standalone-search-params', () => {\n            14 |   return <p>param: {param}</p>\"\n         `)\n \n-        expect(cliOutput).toContain(`${expectedErrorMessage}\n+        expect(cliOutput).toContain(`Error: ${expectedErrorMessage}\n     at Page (app/search-params-caught/page.tsx:11:4)`)\n       })\n "
        },
        {
            "sha": "c7eac7550c6a0565963400e18b200c8eae32ce91",
            "filename": "test/e2e/app-dir/use-cache-unknown-cache-kind/use-cache-unknown-cache-kind.test.ts",
            "status": "modified",
            "additions": 1,
            "deletions": 1,
            "changes": 2,
            "blob_url": "https://github.com/vercel/next.js/blob/8ea7d4bb3502e27744d3af586f5f550c43d847ee/test%2Fe2e%2Fapp-dir%2Fuse-cache-unknown-cache-kind%2Fuse-cache-unknown-cache-kind.test.ts",
            "raw_url": "https://github.com/vercel/next.js/raw/8ea7d4bb3502e27744d3af586f5f550c43d847ee/test%2Fe2e%2Fapp-dir%2Fuse-cache-unknown-cache-kind%2Fuse-cache-unknown-cache-kind.test.ts",
            "contents_url": "https://api.github.com/repos/vercel/next.js/contents/test%2Fe2e%2Fapp-dir%2Fuse-cache-unknown-cache-kind%2Fuse-cache-unknown-cache-kind.test.ts?ref=8ea7d4bb3502e27744d3af586f5f550c43d847ee",
            "patch": "@@ -134,7 +134,7 @@ describe('use-cache-unknown-cache-kind', () => {\n         )\n       } else {\n         expect(errorDescription).toMatchInlineSnapshot(\n-          `\"Error:   x Unknown cache kind \"custom\". Please configure a cache handler for this kind in the \"experimental.cacheHandlers\" object in your Next.js config.\"`\n+          `\"  x Unknown cache kind \"custom\". Please configure a cache handler for this kind in the \"experimental.cacheHandlers\" object in your Next.js config.\"`\n         )\n       }\n "
        },
        {
            "sha": "bb634d041c05b6c6c7329b2bf62091a4ef9e0e9a",
            "filename": "test/e2e/app-dir/use-cache-without-experimental-flag/use-cache-without-experimental-flag.test.ts",
            "status": "modified",
            "additions": 1,
            "deletions": 1,
            "changes": 2,
            "blob_url": "https://github.com/vercel/next.js/blob/8ea7d4bb3502e27744d3af586f5f550c43d847ee/test%2Fe2e%2Fapp-dir%2Fuse-cache-without-experimental-flag%2Fuse-cache-without-experimental-flag.test.ts",
            "raw_url": "https://github.com/vercel/next.js/raw/8ea7d4bb3502e27744d3af586f5f550c43d847ee/test%2Fe2e%2Fapp-dir%2Fuse-cache-without-experimental-flag%2Fuse-cache-without-experimental-flag.test.ts",
            "contents_url": "https://api.github.com/repos/vercel/next.js/contents/test%2Fe2e%2Fapp-dir%2Fuse-cache-without-experimental-flag%2Fuse-cache-without-experimental-flag.test.ts?ref=8ea7d4bb3502e27744d3af586f5f550c43d847ee",
            "patch": "@@ -89,7 +89,7 @@ describe('use-cache-without-experimental-flag', () => {\n         )\n       } else {\n         expect(errorDescription).toMatchInlineSnapshot(\n-          `\"Error:   x To use \"use cache\", please enable the experimental feature flag \"useCache\" in your Next.js config.\"`\n+          `\"  x To use \"use cache\", please enable the experimental feature flag \"useCache\" in your Next.js config.\"`\n         )\n       }\n "
        },
        {
            "sha": "055629ec9e10c472cb0c57fa25d25c9531565726",
            "filename": "test/e2e/fetch-failures-have-good-stack-traces-in-edge-runtime/fetch-failures-have-good-stack-traces-in-edge-runtime.test.ts",
            "status": "modified",
            "additions": 2,
            "deletions": 2,
            "changes": 4,
            "blob_url": "https://github.com/vercel/next.js/blob/8ea7d4bb3502e27744d3af586f5f550c43d847ee/test%2Fe2e%2Ffetch-failures-have-good-stack-traces-in-edge-runtime%2Ffetch-failures-have-good-stack-traces-in-edge-runtime.test.ts",
            "raw_url": "https://github.com/vercel/next.js/raw/8ea7d4bb3502e27744d3af586f5f550c43d847ee/test%2Fe2e%2Ffetch-failures-have-good-stack-traces-in-edge-runtime%2Ffetch-failures-have-good-stack-traces-in-edge-runtime.test.ts",
            "contents_url": "https://api.github.com/repos/vercel/next.js/contents/test%2Fe2e%2Ffetch-failures-have-good-stack-traces-in-edge-runtime%2Ffetch-failures-have-good-stack-traces-in-edge-runtime.test.ts?ref=8ea7d4bb3502e27744d3af586f5f550c43d847ee",
            "patch": "@@ -42,9 +42,9 @@ describe('fetch failures have good stack traces in edge runtime', () => {\n       // TODO(veil): Why column off by one?\n       await expect(browser).toDisplayRedbox(`\n        {\n-         \"description\": \"TypeError: fetch failed\",\n+         \"description\": \"fetch failed\",\n          \"environmentLabel\": null,\n-         \"label\": \"Runtime Error\",\n+         \"label\": \"Runtime TypeError\",\n          \"source\": \"src/fetcher.js (6:16) @ anotherFetcher\n        > 6 |   return await fetch(...args)\n            |                ^\","
        },
        {
            "sha": "40d23d4afda6e57b548f6902a8fb6ca8ab3452ac",
            "filename": "test/e2e/new-link-behavior/child-a-tag-error.test.ts",
            "status": "modified",
            "additions": 13,
            "deletions": 6,
            "changes": 19,
            "blob_url": "https://github.com/vercel/next.js/blob/8ea7d4bb3502e27744d3af586f5f550c43d847ee/test%2Fe2e%2Fnew-link-behavior%2Fchild-a-tag-error.test.ts",
            "raw_url": "https://github.com/vercel/next.js/raw/8ea7d4bb3502e27744d3af586f5f550c43d847ee/test%2Fe2e%2Fnew-link-behavior%2Fchild-a-tag-error.test.ts",
            "contents_url": "https://api.github.com/repos/vercel/next.js/contents/test%2Fe2e%2Fnew-link-behavior%2Fchild-a-tag-error.test.ts?ref=8ea7d4bb3502e27744d3af586f5f550c43d847ee",
            "patch": "@@ -1,5 +1,4 @@\n import { createNext, FileRef, isNextDev } from 'e2e-utils'\n-import { assertHasRedbox, getRedboxDescription } from 'next-test-utils'\n import { NextInstance } from 'e2e-utils'\n import webdriver from 'next-webdriver'\n import path from 'path'\n@@ -25,13 +24,21 @@ describe('New Link Behavior with <a> child', () => {\n   it('should throw error with <a> child', async () => {\n     const browser = await webdriver(next.url, `/`)\n     const link = await browser.elementsByCss('a[href=\"/about\"]')\n-    const msg =\n-      'Error: Invalid <Link> with <a> child. Please remove <a> or use <Link legacyBehavior>'\n \n     if (isNextDev) {\n-      expect(next.cliOutput).toContain(msg)\n-      await assertHasRedbox(browser)\n-      expect(await getRedboxDescription(browser)).toContain(msg)\n+      expect(next.cliOutput).toContain(\n+        'Error: Invalid <Link> with <a> child. Please remove <a> or use <Link legacyBehavior>'\n+      )\n+      await expect(browser).toDisplayRedbox(`\n+       {\n+         \"description\": \"Invalid <Link> with <a> child. Please remove <a> or use <Link legacyBehavior>.\n+       Learn more: https://nextjs.org/docs/messages/invalid-new-link-with-extra-anchor\",\n+         \"environmentLabel\": null,\n+         \"label\": \"Runtime Error\",\n+         \"source\": null,\n+         \"stack\": [],\n+       }\n+      `)\n       expect(link.length).toBe(0)\n     } else {\n       expect(link.length).toBeGreaterThan(0)"
        },
        {
            "sha": "93388471ada94c78e5ca1842aa51638e837d2fb0",
            "filename": "test/e2e/next-link-errors/next-link-errors.test.ts",
            "status": "modified",
            "additions": 3,
            "deletions": 3,
            "changes": 6,
            "blob_url": "https://github.com/vercel/next.js/blob/8ea7d4bb3502e27744d3af586f5f550c43d847ee/test%2Fe2e%2Fnext-link-errors%2Fnext-link-errors.test.ts",
            "raw_url": "https://github.com/vercel/next.js/raw/8ea7d4bb3502e27744d3af586f5f550c43d847ee/test%2Fe2e%2Fnext-link-errors%2Fnext-link-errors.test.ts",
            "contents_url": "https://api.github.com/repos/vercel/next.js/contents/test%2Fe2e%2Fnext-link-errors%2Fnext-link-errors.test.ts?ref=8ea7d4bb3502e27744d3af586f5f550c43d847ee",
            "patch": "@@ -16,7 +16,7 @@ describe('next-link', () => {\n       // TODO(veil): https://linear.app/vercel/issue/NDX-554/hide-the-anonymous-frames-which-are-between-2-ignored-frames\n       await expect(browser).toDisplayRedbox(`\n        {\n-         \"description\": \"Error: Failed prop type: The prop \\`href\\` expects a \\`string\\` or \\`object\\` in \\`<Link>\\`, but got \\`undefined\\` instead.\n+         \"description\": \"Failed prop type: The prop \\`href\\` expects a \\`string\\` or \\`object\\` in \\`<Link>\\`, but got \\`undefined\\` instead.\n        Open your browser's console to view the Component stack trace.\",\n          \"environmentLabel\": null,\n          \"label\": \"Runtime Error\",\n@@ -42,7 +42,7 @@ describe('next-link', () => {\n       // TODO(veil): https://linear.app/vercel/issue/NDX-554/hide-the-anonymous-frames-which-are-between-2-ignored-frames\n       await expect(browser).toDisplayRedbox(`\n        {\n-         \"description\": \"Error: No children were passed to <Link> with \\`href\\` of \\`/about\\` but one child is required https://nextjs.org/docs/messages/link-no-children\",\n+         \"description\": \"No children were passed to <Link> with \\`href\\` of \\`/about\\` but one child is required https://nextjs.org/docs/messages/link-no-children\",\n          \"environmentLabel\": null,\n          \"label\": \"Runtime Error\",\n          \"source\": \"app/no-children/page.js (7:10) @ Page\n@@ -66,7 +66,7 @@ describe('next-link', () => {\n       // TODO(veil): https://linear.app/vercel/issue/NDX-554/hide-the-anonymous-frames-which-are-between-2-ignored-frames\n       await expect(browser).toDisplayRedbox(`\n        {\n-         \"description\": \"Error: Multiple children were passed to <Link> with \\`href\\` of \\`/\\` but only one child is supported https://nextjs.org/docs/messages/link-multiple-children \n+         \"description\": \"Multiple children were passed to <Link> with \\`href\\` of \\`/\\` but only one child is supported https://nextjs.org/docs/messages/link-multiple-children \n        Open your browser's console to view the Component stack trace.\",\n          \"environmentLabel\": null,\n          \"label\": \"Runtime Error\","
        },
        {
            "sha": "e98fcd897321eef7bfe7c2d67bccbb97ec02ab06",
            "filename": "test/integration/next-image-new/invalid-image-import/test/index.test.ts",
            "status": "modified",
            "additions": 1,
            "deletions": 1,
            "changes": 2,
            "blob_url": "https://github.com/vercel/next.js/blob/8ea7d4bb3502e27744d3af586f5f550c43d847ee/test%2Fintegration%2Fnext-image-new%2Finvalid-image-import%2Ftest%2Findex.test.ts",
            "raw_url": "https://github.com/vercel/next.js/raw/8ea7d4bb3502e27744d3af586f5f550c43d847ee/test%2Fintegration%2Fnext-image-new%2Finvalid-image-import%2Ftest%2Findex.test.ts",
            "contents_url": "https://api.github.com/repos/vercel/next.js/contents/test%2Fintegration%2Fnext-image-new%2Finvalid-image-import%2Ftest%2Findex.test.ts?ref=8ea7d4bb3502e27744d3af586f5f550c43d847ee",
            "patch": "@@ -28,7 +28,7 @@ function runTests({ isDev }) {\n         expect(description).toMatchInlineSnapshot(`\"Processing image failed\"`)\n       } else {\n         expect(description).toMatchInlineSnapshot(\n-          `\"Error: Image import \"../public/invalid.svg\" is not a valid image file. The image may be corrupted or an unsupported format.\"`\n+          `\"Image import \"../public/invalid.svg\" is not a valid image file. The image may be corrupted or an unsupported format.\"`\n         )\n       }\n       const source = await getRedboxSource(browser)"
        },
        {
            "sha": "e51c9554a84a2513219f33d235bc34d7dfaa39eb",
            "filename": "test/integration/server-side-dev-errors/test/index.test.js",
            "status": "modified",
            "additions": 20,
            "deletions": 20,
            "changes": 40,
            "blob_url": "https://github.com/vercel/next.js/blob/8ea7d4bb3502e27744d3af586f5f550c43d847ee/test%2Fintegration%2Fserver-side-dev-errors%2Ftest%2Findex.test.js",
            "raw_url": "https://github.com/vercel/next.js/raw/8ea7d4bb3502e27744d3af586f5f550c43d847ee/test%2Fintegration%2Fserver-side-dev-errors%2Ftest%2Findex.test.js",
            "contents_url": "https://api.github.com/repos/vercel/next.js/contents/test%2Fintegration%2Fserver-side-dev-errors%2Ftest%2Findex.test.js?ref=8ea7d4bb3502e27744d3af586f5f550c43d847ee",
            "patch": "@@ -33,10 +33,10 @@ describe('server-side dev errors', () => {\n     app = await launchApp(appDir, appPort, {\n       onStderr(msg) {\n         stderr += msg\n-        // All tests cause runtime errors which may lead to this message which\n+        // All tests cause Runtime ReferenceErrors which may lead to this message which\n         // is not relevant to this test.\n         stderr = stderr.replace(\n-          ' ⚠ Fast Refresh had to perform a full reload due to a runtime error.',\n+          ' ⚠ Fast Refresh had to perform a full reload due to a Runtime ReferenceError.',\n           ''\n         )\n       },\n@@ -77,9 +77,9 @@ describe('server-side dev errors', () => {\n \n       await expect(browser).toDisplayRedbox(`\n         {\n-          \"description\": \"ReferenceError: missingVar is not defined\",\n+          \"description\": \"missingVar is not defined\",\n           \"environmentLabel\": null,\n-          \"label\": \"Runtime Error\",\n+          \"label\": \"Runtime ReferenceError\",\n           \"source\": \"pages/gsp.js (6:3) @ getStaticProps\n         > 6 |   missingVar;return {\n             |   ^\",\n@@ -125,9 +125,9 @@ describe('server-side dev errors', () => {\n \n       await expect(browser).toDisplayRedbox(`\n         {\n-          \"description\": \"ReferenceError: missingVar is not defined\",\n+          \"description\": \"missingVar is not defined\",\n           \"environmentLabel\": null,\n-          \"label\": \"Runtime Error\",\n+          \"label\": \"Runtime ReferenceError\",\n           \"source\": \"pages/gssp.js (6:3) @ getServerSideProps\n         > 6 |   missingVar;return {\n             |   ^\",\n@@ -173,9 +173,9 @@ describe('server-side dev errors', () => {\n \n       await expect(browser).toDisplayRedbox(`\n         {\n-          \"description\": \"ReferenceError: missingVar is not defined\",\n+          \"description\": \"missingVar is not defined\",\n           \"environmentLabel\": null,\n-          \"label\": \"Runtime Error\",\n+          \"label\": \"Runtime ReferenceError\",\n           \"source\": \"pages/blog/[slug].js (6:3) @ getServerSideProps\n         > 6 |   missingVar;return {\n             |   ^\",\n@@ -233,9 +233,9 @@ describe('server-side dev errors', () => {\n \n       await expect(browser).toDisplayRedbox(`\n         {\n-          \"description\": \"ReferenceError: missingVar is not defined\",\n+          \"description\": \"missingVar is not defined\",\n           \"environmentLabel\": null,\n-          \"label\": \"Runtime Error\",\n+          \"label\": \"Runtime ReferenceError\",\n           \"source\": \"pages/api/hello.js (2:3) @ handler\n         > 2 |   missingVar;res.status(200).json({ hello: 'world' })\n             |   ^\",\n@@ -249,9 +249,9 @@ describe('server-side dev errors', () => {\n \n       await expect(browser).toDisplayRedbox(`\n         {\n-          \"description\": \"ReferenceError: missingVar is not defined\",\n+          \"description\": \"missingVar is not defined\",\n           \"environmentLabel\": null,\n-          \"label\": \"Runtime Error\",\n+          \"label\": \"Runtime ReferenceError\",\n           \"source\": \"pages/api/hello.js (2:3) @ handler\n         > 2 |   missingVar;res.status(200).json({ hello: 'world' })\n             |   ^\",\n@@ -307,9 +307,9 @@ describe('server-side dev errors', () => {\n \n       await expect(browser).toDisplayRedbox(`\n         {\n-          \"description\": \"ReferenceError: missingVar is not defined\",\n+          \"description\": \"missingVar is not defined\",\n           \"environmentLabel\": null,\n-          \"label\": \"Runtime Error\",\n+          \"label\": \"Runtime ReferenceError\",\n           \"source\": \"pages/api/blog/[slug].js (2:3) @ handler\n         > 2 |   missingVar;res.status(200).json({ slug: req.query.slug })\n             |   ^\",\n@@ -323,9 +323,9 @@ describe('server-side dev errors', () => {\n \n       await expect(browser).toDisplayRedbox(`\n         {\n-          \"description\": \"ReferenceError: missingVar is not defined\",\n+          \"description\": \"missingVar is not defined\",\n           \"environmentLabel\": null,\n-          \"label\": \"Runtime Error\",\n+          \"label\": \"Runtime ReferenceError\",\n           \"source\": \"pages/api/blog/[slug].js (2:3) @ handler\n         > 2 |   missingVar;res.status(200).json({ slug: req.query.slug })\n             |   ^\",\n@@ -349,7 +349,7 @@ describe('server-side dev errors', () => {\n \n     const stderrOutput = stripAnsi(stderr.slice(stderrIdx))\n       .replace(\n-        '⚠ Fast Refresh had to perform a full reload due to a runtime error.',\n+        '⚠ Fast Refresh had to perform a full reload due to a Runtime ReferenceError.',\n         ''\n       )\n       .trim()\n@@ -428,7 +428,7 @@ describe('server-side dev errors', () => {\n \n     const stderrOutput = stripAnsi(stderr.slice(stderrIdx))\n       .replace(\n-        '⚠ Fast Refresh had to perform a full reload due to a runtime error.',\n+        '⚠ Fast Refresh had to perform a full reload due to a Runtime ReferenceError.',\n         ''\n       )\n       .trim()\n@@ -506,7 +506,7 @@ describe('server-side dev errors', () => {\n \n     const stderrOutput = stripAnsi(stderr.slice(stderrIdx))\n       .replace(\n-        '⚠ Fast Refresh had to perform a full reload due to a runtime error.',\n+        '⚠ Fast Refresh had to perform a full reload due to a Runtime ReferenceError.',\n         ''\n       )\n       .trim()\n@@ -584,7 +584,7 @@ describe('server-side dev errors', () => {\n \n     const stderrOutput = stripAnsi(stderr.slice(stderrIdx))\n       .replace(\n-        '⚠ Fast Refresh had to perform a full reload due to a runtime error.',\n+        '⚠ Fast Refresh had to perform a full reload due to a Runtime ReferenceError.',\n         ''\n       )\n       .trim()"
        }
    ],
    "stats": {
        "total": 957,
        "additions": 546,
        "deletions": 411
    }
}