{
    "author": "mischnic",
    "message": "Bump Rust to nightly-2025-09-21 (#83415)\n\nIt compiles fine, but we have another problem: `cargo fmt` really doesn't like it\n\n```\ncargo fmt -- turbopack/crates/turbo-tasks-fs/src/lib.rs\nerror: let chains are only allowed in Rust 2024 or later\n   --> /Users/niklas/code/next.js/turbopack/crates/turbo-tasks-fs/src/lib.rs:749:44\n    |\n749 |                     if create_directory && let Some(parent) = full_path.parent() {\n    |                                            ^^^^^^^^^^^^^^^^^^^^^^^^^^^^^^^^^^^^^\n\nerror: let chains are only allowed in Rust 2024 or later\n   --> /Users/niklas/code/next.js/turbopack/crates/turbo-tasks-fs/src/lib.rs:893:44\n    |\n893 |                     if create_directory && let Some(parent) = full_path.parent() {\n    |                                            ^^^^^^^^^^^^^^^^^^^^^^^^^^^^^^^^^^^^^\n\nerror: let chains are only allowed in Rust 2024 or later\n    --> /Users/niklas/code/next.js/turbopack/crates/turbo-tasks-fs/src/lib.rs:1233:12\n     |\n1233 |         if let Some(path) = join_path(&self.path, path)\n     |            ^^^^^^^^^^^^^^^^^^^^^^^^^^^^^^^^^^^^^^^^^^^^\n\n```\n\nThe precommit hook that selectively runs on files is simply not a supported usecase.\n\nSo I changed that to `rustfmt --edition 2024 -- `â€‹ now :shrug: \n\nPrevious discussion: https://vercel.slack.com/archives/C03EWR7LGEN/p1748898285716779",
    "sha": "c2081b134ef6a9c54f8d005c72f8c077e8e1a699",
    "files": [
        {
            "sha": "9fc58fd6e0e48ae5e362821fe936bcdfe5f67c72",
            "filename": ".devcontainer/rust/devcontainer-feature.json",
            "status": "modified",
            "additions": 1,
            "deletions": 1,
            "changes": 2,
            "blob_url": "https://github.com/vercel/next.js/blob/c2081b134ef6a9c54f8d005c72f8c077e8e1a699/.devcontainer%2Frust%2Fdevcontainer-feature.json",
            "raw_url": "https://github.com/vercel/next.js/raw/c2081b134ef6a9c54f8d005c72f8c077e8e1a699/.devcontainer%2Frust%2Fdevcontainer-feature.json",
            "contents_url": "https://api.github.com/repos/vercel/next.js/contents/.devcontainer%2Frust%2Fdevcontainer-feature.json?ref=c2081b134ef6a9c54f8d005c72f8c077e8e1a699",
            "patch": "@@ -5,7 +5,7 @@\n   \"dependsOn\": {\n     \"ghcr.io/devcontainers/features/rust:1\": {\n       // this should match the `rust-toolchain.toml`\n-      \"version\": \"nightly-2025-06-04\",\n+      \"version\": \"nightly-2025-09-21\",\n       \"profile\": \"minimal\",\n       \"components\": \"rustfmt,clippy,rust-analyzer\"\n     }"
        },
        {
            "sha": "a682e0e44ba675c2c04f46f1d87b575c5bdd7736",
            "filename": "crates/next-core/src/next_config.rs",
            "status": "modified",
            "additions": 4,
            "deletions": 14,
            "changes": 18,
            "blob_url": "https://github.com/vercel/next.js/blob/c2081b134ef6a9c54f8d005c72f8c077e8e1a699/crates%2Fnext-core%2Fsrc%2Fnext_config.rs",
            "raw_url": "https://github.com/vercel/next.js/raw/c2081b134ef6a9c54f8d005c72f8c077e8e1a699/crates%2Fnext-core%2Fsrc%2Fnext_config.rs",
            "contents_url": "https://api.github.com/repos/vercel/next.js/contents/crates%2Fnext-core%2Fsrc%2Fnext_config.rs?ref=c2081b134ef6a9c54f8d005c72f8c077e8e1a699",
            "patch": "@@ -734,35 +734,25 @@ pub enum MdxRsOptions {\n }\n \n #[turbo_tasks::value(shared, operation)]\n-#[derive(Clone, Debug)]\n+#[derive(Clone, Debug, Default)]\n #[serde(rename_all = \"camelCase\")]\n pub enum ReactCompilerCompilationMode {\n+    #[default]\n     Infer,\n     Annotation,\n     All,\n }\n \n-impl Default for ReactCompilerCompilationMode {\n-    fn default() -> Self {\n-        Self::Infer\n-    }\n-}\n-\n #[turbo_tasks::value(shared, operation)]\n-#[derive(Clone, Debug)]\n+#[derive(Clone, Debug, Default)]\n #[serde(rename_all = \"snake_case\")]\n pub enum ReactCompilerPanicThreshold {\n+    #[default]\n     None,\n     CriticalErrors,\n     AllErrors,\n }\n \n-impl Default for ReactCompilerPanicThreshold {\n-    fn default() -> Self {\n-        Self::None\n-    }\n-}\n-\n /// Subset of react compiler options\n #[turbo_tasks::value(shared, operation)]\n #[derive(Clone, Debug, Default)]"
        },
        {
            "sha": "12528cdc389adc516ecba2a849a0de2432c9d224",
            "filename": "lint-staged.config.js",
            "status": "modified",
            "additions": 1,
            "deletions": 1,
            "changes": 2,
            "blob_url": "https://github.com/vercel/next.js/blob/c2081b134ef6a9c54f8d005c72f8c077e8e1a699/lint-staged.config.js",
            "raw_url": "https://github.com/vercel/next.js/raw/c2081b134ef6a9c54f8d005c72f8c077e8e1a699/lint-staged.config.js",
            "contents_url": "https://api.github.com/repos/vercel/next.js/contents/lint-staged.config.js?ref=c2081b134ef6a9c54f8d005c72f8c077e8e1a699",
            "patch": "@@ -6,5 +6,5 @@ module.exports = {\n   '*.{json,md,css,html,yml,yaml,scss}': [\n     'prettier --with-node-modules --ignore-path .prettierignore --write',\n   ],\n-  '*.rs': ['cargo fmt --'],\n+  '*.rs': ['rustfmt --edition 2024 --'],\n }"
        },
        {
            "sha": "a98a5353dba9fcfc135145f9ca90655d90323309",
            "filename": "rust-toolchain.toml",
            "status": "modified",
            "additions": 1,
            "deletions": 1,
            "changes": 2,
            "blob_url": "https://github.com/vercel/next.js/blob/c2081b134ef6a9c54f8d005c72f8c077e8e1a699/rust-toolchain.toml",
            "raw_url": "https://github.com/vercel/next.js/raw/c2081b134ef6a9c54f8d005c72f8c077e8e1a699/rust-toolchain.toml",
            "contents_url": "https://api.github.com/repos/vercel/next.js/contents/rust-toolchain.toml?ref=c2081b134ef6a9c54f8d005c72f8c077e8e1a699",
            "patch": "@@ -1,5 +1,5 @@\n # if you update this, also update `.devcontainer/rust/devcontainer-feature.json`\n [toolchain]\n-channel = \"nightly-2025-06-04\"\n+channel = \"nightly-2025-09-21\"\n components = [\"rustfmt\", \"clippy\", \"rust-analyzer\"]\n profile = \"minimal\""
        },
        {
            "sha": "88dedb9e0201e4329f67fffa56e24f0cebab923c",
            "filename": "turbopack/crates/turbo-tasks-fs/src/lib.rs",
            "status": "modified",
            "additions": 2,
            "deletions": 8,
            "changes": 10,
            "blob_url": "https://github.com/vercel/next.js/blob/c2081b134ef6a9c54f8d005c72f8c077e8e1a699/turbopack%2Fcrates%2Fturbo-tasks-fs%2Fsrc%2Flib.rs",
            "raw_url": "https://github.com/vercel/next.js/raw/c2081b134ef6a9c54f8d005c72f8c077e8e1a699/turbopack%2Fcrates%2Fturbo-tasks-fs%2Fsrc%2Flib.rs",
            "contents_url": "https://api.github.com/repos/vercel/next.js/contents/turbopack%2Fcrates%2Fturbo-tasks-fs%2Fsrc%2Flib.rs?ref=c2081b134ef6a9c54f8d005c72f8c077e8e1a699",
            "patch": "@@ -4,7 +4,6 @@\n #![feature(min_specialization)]\n #![feature(iter_advance_by)]\n #![feature(io_error_more)]\n-#![feature(round_char_boundary)]\n #![feature(arbitrary_self_types)]\n #![feature(arbitrary_self_types_pointers)]\n #![allow(clippy::mutable_key_type)]\n@@ -1495,20 +1494,15 @@ impl RealPathResultError {\n     }\n }\n \n-#[derive(Clone, Copy, Debug, DeterministicHash, PartialOrd, Ord)]\n+#[derive(Clone, Copy, Debug, Default, DeterministicHash, PartialOrd, Ord)]\n #[turbo_tasks::value(shared)]\n pub enum Permissions {\n     Readable,\n+    #[default]\n     Writable,\n     Executable,\n }\n \n-impl Default for Permissions {\n-    fn default() -> Self {\n-        Self::Writable\n-    }\n-}\n-\n // Only handle the permissions on unix platform for now\n \n #[cfg(target_family = \"unix\")]"
        },
        {
            "sha": "81864c506e4a3b13f23e5f1c2a5e48187db98ed6",
            "filename": "turbopack/crates/turbo-tasks-macros-tests/tests/derive_non_local_value/fail_simple_enum.stderr",
            "status": "modified",
            "additions": 14,
            "deletions": 4,
            "changes": 18,
            "blob_url": "https://github.com/vercel/next.js/blob/c2081b134ef6a9c54f8d005c72f8c077e8e1a699/turbopack%2Fcrates%2Fturbo-tasks-macros-tests%2Ftests%2Fderive_non_local_value%2Ffail_simple_enum.stderr",
            "raw_url": "https://github.com/vercel/next.js/raw/c2081b134ef6a9c54f8d005c72f8c077e8e1a699/turbopack%2Fcrates%2Fturbo-tasks-macros-tests%2Ftests%2Fderive_non_local_value%2Ffail_simple_enum.stderr",
            "contents_url": "https://api.github.com/repos/vercel/next.js/contents/turbopack%2Fcrates%2Fturbo-tasks-macros-tests%2Ftests%2Fderive_non_local_value%2Ffail_simple_enum.stderr?ref=c2081b134ef6a9c54f8d005c72f8c077e8e1a699",
            "patch": "@@ -2,8 +2,13 @@ error[E0277]: the trait bound `UnresolvedValue: NonLocalValue` is not satisfied\n   --> tests/derive_non_local_value/fail_simple_enum.rs:10:13\n    |\n 10 |     Unnamed(UnresolvedValue),\n-   |             ^^^^^^^^^^^^^^^ the trait `NonLocalValue` is not implemented for `UnresolvedValue`\n+   |             ^^^^^^^^^^^^^^^ unsatisfied trait bound\n    |\n+help: the trait `NonLocalValue` is not implemented for `UnresolvedValue`\n+  --> tests/derive_non_local_value/fail_simple_enum.rs:5:1\n+   |\n+ 5 | struct UnresolvedValue;\n+   | ^^^^^^^^^^^^^^^^^^^^^^\n    = help: the following other types implement trait `NonLocalValue`:\n              &T\n              &mut T\n@@ -17,16 +22,21 @@ error[E0277]: the trait bound `UnresolvedValue: NonLocalValue` is not satisfied\n note: required by a bound in `DeriveNonLocalValueAssertion::assert_impl_NonLocalValue`\n   --> tests/derive_non_local_value/fail_simple_enum.rs:7:10\n    |\n-7  | #[derive(NonLocalValue)]\n+ 7 | #[derive(NonLocalValue)]\n    |          ^^^^^^^^^^^^^ required by this bound in `DeriveNonLocalValueAssertion::assert_impl_NonLocalValue`\n    = note: this error originates in the derive macro `NonLocalValue` (in Nightly builds, run with -Z macro-backtrace for more info)\n \n error[E0277]: the trait bound `UnresolvedValue: NonLocalValue` is not satisfied\n   --> tests/derive_non_local_value/fail_simple_enum.rs:11:16\n    |\n 11 |     Named { a: UnresolvedValue },\n-   |                ^^^^^^^^^^^^^^^ the trait `NonLocalValue` is not implemented for `UnresolvedValue`\n+   |                ^^^^^^^^^^^^^^^ unsatisfied trait bound\n+   |\n+help: the trait `NonLocalValue` is not implemented for `UnresolvedValue`\n+  --> tests/derive_non_local_value/fail_simple_enum.rs:5:1\n    |\n+ 5 | struct UnresolvedValue;\n+   | ^^^^^^^^^^^^^^^^^^^^^^\n    = help: the following other types implement trait `NonLocalValue`:\n              &T\n              &mut T\n@@ -40,6 +50,6 @@ error[E0277]: the trait bound `UnresolvedValue: NonLocalValue` is not satisfied\n note: required by a bound in `DeriveNonLocalValueAssertion::assert_impl_NonLocalValue`\n   --> tests/derive_non_local_value/fail_simple_enum.rs:7:10\n    |\n-7  | #[derive(NonLocalValue)]\n+ 7 | #[derive(NonLocalValue)]\n    |          ^^^^^^^^^^^^^ required by this bound in `DeriveNonLocalValueAssertion::assert_impl_NonLocalValue`\n    = note: this error originates in the derive macro `NonLocalValue` (in Nightly builds, run with -Z macro-backtrace for more info)"
        },
        {
            "sha": "d8951ad0e49b6c9b11ca9557c7294bc580c7bae6",
            "filename": "turbopack/crates/turbo-tasks-macros-tests/tests/derive_non_local_value/fail_simple_named_struct.stderr",
            "status": "modified",
            "additions": 6,
            "deletions": 1,
            "changes": 7,
            "blob_url": "https://github.com/vercel/next.js/blob/c2081b134ef6a9c54f8d005c72f8c077e8e1a699/turbopack%2Fcrates%2Fturbo-tasks-macros-tests%2Ftests%2Fderive_non_local_value%2Ffail_simple_named_struct.stderr",
            "raw_url": "https://github.com/vercel/next.js/raw/c2081b134ef6a9c54f8d005c72f8c077e8e1a699/turbopack%2Fcrates%2Fturbo-tasks-macros-tests%2Ftests%2Fderive_non_local_value%2Ffail_simple_named_struct.stderr",
            "contents_url": "https://api.github.com/repos/vercel/next.js/contents/turbopack%2Fcrates%2Fturbo-tasks-macros-tests%2Ftests%2Fderive_non_local_value%2Ffail_simple_named_struct.stderr?ref=c2081b134ef6a9c54f8d005c72f8c077e8e1a699",
            "patch": "@@ -2,8 +2,13 @@ error[E0277]: the trait bound `UnresolvedValue: NonLocalValue` is not satisfied\n  --> tests/derive_non_local_value/fail_simple_named_struct.rs:9:8\n   |\n 9 |     a: UnresolvedValue,\n-  |        ^^^^^^^^^^^^^^^ the trait `NonLocalValue` is not implemented for `UnresolvedValue`\n+  |        ^^^^^^^^^^^^^^^ unsatisfied trait bound\n   |\n+help: the trait `NonLocalValue` is not implemented for `UnresolvedValue`\n+ --> tests/derive_non_local_value/fail_simple_named_struct.rs:5:1\n+  |\n+5 | struct UnresolvedValue;\n+  | ^^^^^^^^^^^^^^^^^^^^^^\n   = help: the following other types implement trait `NonLocalValue`:\n             &T\n             &mut T"
        },
        {
            "sha": "0204b34f3ed2d78afbdac1947a80d137fe975281",
            "filename": "turbopack/crates/turbo-tasks-macros-tests/tests/derive_non_local_value/fail_simple_unnamed_struct.stderr",
            "status": "modified",
            "additions": 6,
            "deletions": 1,
            "changes": 7,
            "blob_url": "https://github.com/vercel/next.js/blob/c2081b134ef6a9c54f8d005c72f8c077e8e1a699/turbopack%2Fcrates%2Fturbo-tasks-macros-tests%2Ftests%2Fderive_non_local_value%2Ffail_simple_unnamed_struct.stderr",
            "raw_url": "https://github.com/vercel/next.js/raw/c2081b134ef6a9c54f8d005c72f8c077e8e1a699/turbopack%2Fcrates%2Fturbo-tasks-macros-tests%2Ftests%2Fderive_non_local_value%2Ffail_simple_unnamed_struct.stderr",
            "contents_url": "https://api.github.com/repos/vercel/next.js/contents/turbopack%2Fcrates%2Fturbo-tasks-macros-tests%2Ftests%2Fderive_non_local_value%2Ffail_simple_unnamed_struct.stderr?ref=c2081b134ef6a9c54f8d005c72f8c077e8e1a699",
            "patch": "@@ -2,8 +2,13 @@ error[E0277]: the trait bound `UnresolvedValue: NonLocalValue` is not satisfied\n  --> tests/derive_non_local_value/fail_simple_unnamed_struct.rs:8:39\n   |\n 8 | struct ContainsUnresolvedValueUnnamed(UnresolvedValue);\n-  |                                       ^^^^^^^^^^^^^^^ the trait `NonLocalValue` is not implemented for `UnresolvedValue`\n+  |                                       ^^^^^^^^^^^^^^^ unsatisfied trait bound\n   |\n+help: the trait `NonLocalValue` is not implemented for `UnresolvedValue`\n+ --> tests/derive_non_local_value/fail_simple_unnamed_struct.rs:5:1\n+  |\n+5 | struct UnresolvedValue;\n+  | ^^^^^^^^^^^^^^^^^^^^^^\n   = help: the following other types implement trait `NonLocalValue`:\n             &T\n             &mut T"
        },
        {
            "sha": "7218faecfaa96b4288bcd286f9e61f5752cc0fcc",
            "filename": "turbopack/crates/turbo-tasks-macros-tests/tests/function/fail_operation_method_self_type.stderr",
            "status": "modified",
            "additions": 14,
            "deletions": 14,
            "changes": 28,
            "blob_url": "https://github.com/vercel/next.js/blob/c2081b134ef6a9c54f8d005c72f8c077e8e1a699/turbopack%2Fcrates%2Fturbo-tasks-macros-tests%2Ftests%2Ffunction%2Ffail_operation_method_self_type.stderr",
            "raw_url": "https://github.com/vercel/next.js/raw/c2081b134ef6a9c54f8d005c72f8c077e8e1a699/turbopack%2Fcrates%2Fturbo-tasks-macros-tests%2Ftests%2Ffunction%2Ffail_operation_method_self_type.stderr",
            "contents_url": "https://api.github.com/repos/vercel/next.js/contents/turbopack%2Fcrates%2Fturbo-tasks-macros-tests%2Ftests%2Ffunction%2Ffail_operation_method_self_type.stderr?ref=c2081b134ef6a9c54f8d005c72f8c077e8e1a699",
            "patch": "@@ -14,19 +14,19 @@ error[E0307]: invalid `self` parameter type: `OperationVc<Foobar>`\n    = help: consider changing to `self`, `&self`, `&mut self`, or a type implementing `Receiver` such as `self: Box<Self>`, `self: Rc<Self>`, or `self: Arc<Self>`\n \n error[E0277]: the trait bound `fn(OperationVc<Foobar>) -> Vc<()> {Foobar::arbitrary_self_type_turbo_tasks_function_inline}: turbo_tasks::task::function::IntoTaskFnWithThis<_, _, _>` is not satisfied\n-  --> tests/function/fail_operation_method_self_type.rs:11:1\n-   |\n-11 | #[turbo_tasks::value_impl]\n-   | ^^^^^^^^^^^^^^^^^^^^^^^^^^ unsatisfied trait bound\n-   |\n-   = help: the trait `turbo_tasks::task::function::TaskFnInputFunctionWithThis<_, _, _>` is not implemented for fn item `fn(OperationVc<Foobar>) -> Vc<()> {Foobar::arbitrary_self_type_turbo_tasks_function_inline}`\n-   = note: required for `fn(OperationVc<Foobar>) -> Vc<()> {Foobar::arbitrary_self_type_turbo_tasks_function_inline}` to implement `turbo_tasks::task::function::IntoTaskFnWithThis<_, _, _>`\n+ --> tests/function/fail_operation_method_self_type.rs:11:1\n+  |\n+ 11 | #[turbo_tasks::value_impl]\n+    | ^^^^^^^^^^^^^^^^^^^^^^^^^^ unsatisfied trait bound\n+    |\n+    = help: the trait `turbo_tasks::task::function::TaskFnInputFunctionWithThis<_, _, _>` is not implemented for fn item `fn(OperationVc<Foobar>) -> Vc<()> {Foobar::arbitrary_self_type_turbo_tasks_function_inline}`\n+    = note: required for `fn(OperationVc<Foobar>) -> Vc<()> {Foobar::arbitrary_self_type_turbo_tasks_function_inline}` to implement `turbo_tasks::task::function::IntoTaskFnWithThis<_, _, _>`\n note: required by a bound in `NativeFunction::new_method`\n-  --> $WORKSPACE/turbopack/crates/turbo-tasks/src/native_function.rs\n-   |\n-   |     pub fn new_method<Mode, This, Inputs, I>(\n-   |            ---------- required by a bound in this associated function\n+   --> $WORKSPACE/turbopack/crates/turbo-tasks/src/native_function.rs\n+    |\n+    |     pub fn new_method<Mode, This, Inputs, I>(\n+    |            ---------- required by a bound in this associated function\n ...\n-   |         I: IntoTaskFnWithThis<Mode, This, Inputs>,\n-   |            ^^^^^^^^^^^^^^^^^^^^^^^^^^^^^^^^^^^^^^ required by this bound in `NativeFunction::new_method`\n-   = note: this error originates in the attribute macro `turbo_tasks::value_impl` (in Nightly builds, run with -Z macro-backtrace for more info)\n+    |         I: IntoTaskFnWithThis<Mode, This, Inputs>,\n+    |            ^^^^^^^^^^^^^^^^^^^^^^^^^^^^^^^^^^^^^^ required by this bound in `NativeFunction::new_method`\n+    = note: this error originates in the attribute macro `turbo_tasks::value_impl` (in Nightly builds, run with -Z macro-backtrace for more info)"
        },
        {
            "sha": "7f43963c7611b2a9a935d47ff395043da3e5862f",
            "filename": "turbopack/crates/turbo-tasks-macros-tests/tests/function/fail_operation_vc_arg.stderr",
            "status": "modified",
            "additions": 17,
            "deletions": 17,
            "changes": 34,
            "blob_url": "https://github.com/vercel/next.js/blob/c2081b134ef6a9c54f8d005c72f8c077e8e1a699/turbopack%2Fcrates%2Fturbo-tasks-macros-tests%2Ftests%2Ffunction%2Ffail_operation_vc_arg.stderr",
            "raw_url": "https://github.com/vercel/next.js/raw/c2081b134ef6a9c54f8d005c72f8c077e8e1a699/turbopack%2Fcrates%2Fturbo-tasks-macros-tests%2Ftests%2Ffunction%2Ffail_operation_vc_arg.stderr",
            "contents_url": "https://api.github.com/repos/vercel/next.js/contents/turbopack%2Fcrates%2Fturbo-tasks-macros-tests%2Ftests%2Ffunction%2Ffail_operation_vc_arg.stderr?ref=c2081b134ef6a9c54f8d005c72f8c077e8e1a699",
            "patch": "@@ -1,21 +1,21 @@\n error[E0277]: the trait bound `Vc<i32>: NonLocalValue` is not satisfied\n  --> tests/function/fail_operation_vc_arg.rs:8:26\n   |\n-8 | async fn multiply(value: Vc<i32>, coefficient: ResolvedVc<i32>) -> Result<Vc<i32>> {\n-  |                          ^^^^^^^ the trait `NonLocalValue` is not implemented for `Vc<i32>`\n-  |\n-  = help: the following other types implement trait `NonLocalValue`:\n-            &T\n-            &mut T\n-            ()\n-            (A, Z, Y, X, W, V, U, T)\n-            (B, A, Z, Y, X, W, V, U, T)\n-            (C, B, A, Z, Y, X, W, V, U, T)\n-            (D, C, B, A, Z, Y, X, W, V, U, T)\n-            (E, D, C, B, A, Z, Y, X, W, V, U, T)\n-          and $N others\n+ 8 | async fn multiply(value: Vc<i32>, coefficient: ResolvedVc<i32>) -> Result<Vc<i32>> {\n+   |                          ^^^^^^^ the trait `NonLocalValue` is not implemented for `Vc<i32>`\n+   |\n+   = help: the following other types implement trait `NonLocalValue`:\n+             &T\n+             &mut T\n+             ()\n+             (A, Z, Y, X, W, V, U, T)\n+             (B, A, Z, Y, X, W, V, U, T)\n+             (C, B, A, Z, Y, X, W, V, U, T)\n+             (D, C, B, A, Z, Y, X, W, V, U, T)\n+             (E, D, C, B, A, Z, Y, X, W, V, U, T)\n+           and $N others\n note: required by a bound in `assert_argument_is_non_local_value`\n- --> $WORKSPACE/turbopack/crates/turbo-tasks/src/macro_helpers.rs\n-  |\n-  | pub fn assert_argument_is_non_local_value<Argument: NonLocalValue>() {}\n-  |                                                     ^^^^^^^^^^^^^ required by this bound in `assert_argument_is_non_local_value`\n+  --> $WORKSPACE/turbopack/crates/turbo-tasks/src/macro_helpers.rs\n+   |\n+   | pub fn assert_argument_is_non_local_value<Argument: NonLocalValue>() {}\n+   |                                                     ^^^^^^^^^^^^^ required by this bound in `assert_argument_is_non_local_value`"
        },
        {
            "sha": "f01f2fbaf6c19c418d9ce375c3333b03565a05ce",
            "filename": "turbopack/crates/turbo-tasks-testing/src/lib.rs",
            "status": "modified",
            "additions": 2,
            "deletions": 6,
            "changes": 8,
            "blob_url": "https://github.com/vercel/next.js/blob/c2081b134ef6a9c54f8d005c72f8c077e8e1a699/turbopack%2Fcrates%2Fturbo-tasks-testing%2Fsrc%2Flib.rs",
            "raw_url": "https://github.com/vercel/next.js/raw/c2081b134ef6a9c54f8d005c72f8c077e8e1a699/turbopack%2Fcrates%2Fturbo-tasks-testing%2Fsrc%2Flib.rs",
            "contents_url": "https://api.github.com/repos/vercel/next.js/contents/turbopack%2Fcrates%2Fturbo-tasks-testing%2Fsrc%2Flib.rs?ref=c2081b134ef6a9c54f8d005c72f8c077e8e1a699",
            "patch": "@@ -133,9 +133,7 @@ impl TurboTasksCallApi for VcStorage {\n         &self,\n         _future: std::pin::Pin<Box<dyn Future<Output = Result<()>> + Send + 'static>>,\n     ) -> Pin<\n-        Box<\n-            (dyn futures::Future<Output = Result<(), anyhow::Error>> + std::marker::Send + 'static),\n-        >,\n+        Box<dyn futures::Future<Output = Result<(), anyhow::Error>> + std::marker::Send + 'static>,\n     > {\n         unreachable!()\n     }\n@@ -145,9 +143,7 @@ impl TurboTasksCallApi for VcStorage {\n         _reason: StaticOrArc<dyn InvalidationReason>,\n         _future: std::pin::Pin<Box<dyn Future<Output = Result<()>> + Send + 'static>>,\n     ) -> Pin<\n-        Box<\n-            (dyn futures::Future<Output = Result<(), anyhow::Error>> + std::marker::Send + 'static),\n-        >,\n+        Box<dyn futures::Future<Output = Result<(), anyhow::Error>> + std::marker::Send + 'static>,\n     > {\n         unreachable!()\n     }"
        },
        {
            "sha": "dacb85801247ed394cda63f7641c12daa2a65fd9",
            "filename": "turbopack/crates/turbopack-cli-utils/src/lib.rs",
            "status": "modified",
            "additions": 0,
            "deletions": 1,
            "changes": 1,
            "blob_url": "https://github.com/vercel/next.js/blob/c2081b134ef6a9c54f8d005c72f8c077e8e1a699/turbopack%2Fcrates%2Fturbopack-cli-utils%2Fsrc%2Flib.rs",
            "raw_url": "https://github.com/vercel/next.js/raw/c2081b134ef6a9c54f8d005c72f8c077e8e1a699/turbopack%2Fcrates%2Fturbopack-cli-utils%2Fsrc%2Flib.rs",
            "contents_url": "https://api.github.com/repos/vercel/next.js/contents/turbopack%2Fcrates%2Fturbopack-cli-utils%2Fsrc%2Flib.rs?ref=c2081b134ef6a9c54f8d005c72f8c077e8e1a699",
            "patch": "@@ -1,5 +1,4 @@\n #![feature(min_specialization)]\n-#![feature(round_char_boundary)]\n #![feature(thread_id_value)]\n #![feature(arbitrary_self_types)]\n #![feature(arbitrary_self_types_pointers)]"
        },
        {
            "sha": "92b3f1242fee2af060c12f946e10d64c6fbb52db",
            "filename": "turbopack/crates/turbopack-dev-server/src/lib.rs",
            "status": "modified",
            "additions": 0,
            "deletions": 1,
            "changes": 1,
            "blob_url": "https://github.com/vercel/next.js/blob/c2081b134ef6a9c54f8d005c72f8c077e8e1a699/turbopack%2Fcrates%2Fturbopack-dev-server%2Fsrc%2Flib.rs",
            "raw_url": "https://github.com/vercel/next.js/raw/c2081b134ef6a9c54f8d005c72f8c077e8e1a699/turbopack%2Fcrates%2Fturbopack-dev-server%2Fsrc%2Flib.rs",
            "contents_url": "https://api.github.com/repos/vercel/next.js/contents/turbopack%2Fcrates%2Fturbopack-dev-server%2Fsrc%2Flib.rs?ref=c2081b134ef6a9c54f8d005c72f8c077e8e1a699",
            "patch": "@@ -1,6 +1,5 @@\n #![feature(min_specialization)]\n #![feature(trait_alias)]\n-#![feature(array_chunks)]\n #![feature(iter_intersperse)]\n #![feature(str_split_remainder)]\n #![feature(arbitrary_self_types)]"
        },
        {
            "sha": "11dc6d364b2723e6df5964a26fc38b35c3da135c",
            "filename": "turbopack/crates/turbopack-ecmascript/src/analyzer/imports.rs",
            "status": "modified",
            "additions": 1,
            "deletions": 1,
            "changes": 2,
            "blob_url": "https://github.com/vercel/next.js/blob/c2081b134ef6a9c54f8d005c72f8c077e8e1a699/turbopack%2Fcrates%2Fturbopack-ecmascript%2Fsrc%2Fanalyzer%2Fimports.rs",
            "raw_url": "https://github.com/vercel/next.js/raw/c2081b134ef6a9c54f8d005c72f8c077e8e1a699/turbopack%2Fcrates%2Fturbopack-ecmascript%2Fsrc%2Fanalyzer%2Fimports.rs",
            "contents_url": "https://api.github.com/repos/vercel/next.js/contents/turbopack%2Fcrates%2Fturbopack-ecmascript%2Fsrc%2Fanalyzer%2Fimports.rs?ref=c2081b134ef6a9c54f8d005c72f8c077e8e1a699",
            "patch": "@@ -657,7 +657,7 @@ impl Visit for Analyzer<'_> {\n                             SyntaxContext::empty(),\n                         )\n                     },\n-                    |ident| (ident.to_id()),\n+                    |ident| ident.to_id(),\n                 ),\n                 DefaultDecl::TsInterfaceDecl(_) => {\n                     // not matching, might happen due to eventual consistency"
        },
        {
            "sha": "f48e9cfaffda0c11bc3ac3f35fe0fb27235b960a",
            "filename": "turbopack/crates/turbopack-trace-server/src/server.rs",
            "status": "modified",
            "additions": 0,
            "deletions": 9,
            "changes": 9,
            "blob_url": "https://github.com/vercel/next.js/blob/c2081b134ef6a9c54f8d005c72f8c077e8e1a699/turbopack%2Fcrates%2Fturbopack-trace-server%2Fsrc%2Fserver.rs",
            "raw_url": "https://github.com/vercel/next.js/raw/c2081b134ef6a9c54f8d005c72f8c077e8e1a699/turbopack%2Fcrates%2Fturbopack-trace-server%2Fsrc%2Fserver.rs",
            "contents_url": "https://api.github.com/repos/vercel/next.js/contents/turbopack%2Fcrates%2Fturbopack-trace-server%2Fsrc%2Fserver.rs?ref=c2081b134ef6a9c54f8d005c72f8c077e8e1a699",
            "patch": "@@ -72,15 +72,6 @@ pub enum ClientToServerMessage {\n     CheckForMoreData,\n }\n \n-#[derive(Serialize, Deserialize, Debug)]\n-#[serde(rename_all = \"camelCase\")]\n-pub struct SpanViewEvent {\n-    pub start: Timestamp,\n-    pub duration: Timestamp,\n-    pub name: String,\n-    pub id: Option<SpanId>,\n-}\n-\n #[derive(Serialize, Deserialize, Debug)]\n pub struct Filter {\n     pub op: Op,"
        },
        {
            "sha": "f057e5db7986a9368a3991e87ccd6e6b7fee0da9",
            "filename": "turbopack/crates/turbopack-trace-utils/src/lib.rs",
            "status": "modified",
            "additions": 0,
            "deletions": 1,
            "changes": 1,
            "blob_url": "https://github.com/vercel/next.js/blob/c2081b134ef6a9c54f8d005c72f8c077e8e1a699/turbopack%2Fcrates%2Fturbopack-trace-utils%2Fsrc%2Flib.rs",
            "raw_url": "https://github.com/vercel/next.js/raw/c2081b134ef6a9c54f8d005c72f8c077e8e1a699/turbopack%2Fcrates%2Fturbopack-trace-utils%2Fsrc%2Flib.rs",
            "contents_url": "https://api.github.com/repos/vercel/next.js/contents/turbopack%2Fcrates%2Fturbopack-trace-utils%2Fsrc%2Flib.rs?ref=c2081b134ef6a9c54f8d005c72f8c077e8e1a699",
            "patch": "@@ -1,5 +1,4 @@\n #![feature(min_specialization)]\n-#![feature(round_char_boundary)]\n #![feature(thread_id_value)]\n #![feature(arbitrary_self_types)]\n #![feature(arbitrary_self_types_pointers)]"
        },
        {
            "sha": "4b630119e34d318fb5bf2f8cd368196adda61af7",
            "filename": "turbopack/crates/turbopack/src/global_module_ids.rs",
            "status": "modified",
            "additions": 1,
            "deletions": 1,
            "changes": 2,
            "blob_url": "https://github.com/vercel/next.js/blob/c2081b134ef6a9c54f8d005c72f8c077e8e1a699/turbopack%2Fcrates%2Fturbopack%2Fsrc%2Fglobal_module_ids.rs",
            "raw_url": "https://github.com/vercel/next.js/raw/c2081b134ef6a9c54f8d005c72f8c077e8e1a699/turbopack%2Fcrates%2Fturbopack%2Fsrc%2Fglobal_module_ids.rs",
            "contents_url": "https://api.github.com/repos/vercel/next.js/contents/turbopack%2Fcrates%2Fturbopack%2Fsrc%2Fglobal_module_ids.rs?ref=c2081b134ef6a9c54f8d005c72f8c077e8e1a699",
            "patch": "@@ -106,7 +106,7 @@ fn finalize_module_ids(\n     // Filter conflicts\n     let mut conflicting_hashes = used_ids\n         .iter()\n-        .filter(|(_, list)| (list.len() > 1))\n+        .filter(|(_, list)| list.len() > 1)\n         .map(|(hash, _)| *hash)\n         .collect::<Vec<_>>();\n     conflicting_hashes.sort();"
        }
    ],
    "stats": {
        "total": 152,
        "additions": 70,
        "deletions": 82
    }
}